[2.971s] Invoking command in '/home/dbot/robot_ws/build/serial_motor_demo': CMAKE_PREFIX_PATH=/home/dbot/robot_ws/install/serial_motor_demo_msgs:/home/dbot/robot_ws/install/diffdrive_arduino:/home/dbot/robot_ws/install/serial:/home/dbot/robot_ws/install/dbot LD_LIBRARY_PATH=/home/dbot/robot_ws/install/serial_motor_demo_msgs/lib:/home/dbot/robot_ws/install/diffdrive_arduino/lib:/home/dbot/robot_ws/install/serial/lib:/opt/ros/humble/opt/rviz_ogre_vendor/lib:/opt/ros/humble/lib/aarch64-linux-gnu:/opt/ros/humble/lib PYTHONPATH=/home/dbot/robot_ws/build/serial_motor_demo/prefix_override:/usr/lib/python3/dist-packages/colcon_core/task/python/colcon_distutils_commands:/home/dbot/robot_ws/install/serial_motor_demo/lib/python3.10/site-packages:${PYTHONPATH} /usr/bin/python3 -W ignore:setup.py install is deprecated -W ignore:easy_install command is deprecated setup.py develop --editable --build-directory /home/dbot/robot_ws/build/serial_motor_demo/build --no-deps symlink_data
[4.095s] /usr/lib/python3/dist-packages/setuptools/dist.py:723: UserWarning: Usage of dash-separated 'script-dir' will not be supported in future versions. Please use the underscore name 'script_dir' instead
[4.095s]   warnings.warn(
[4.210s] running develop
[5.060s] running egg_info
[5.060s] writing serial_motor_demo.egg-info/PKG-INFO
[5.062s] writing dependency_links to serial_motor_demo.egg-info/dependency_links.txt
[5.063s] writing entry points to serial_motor_demo.egg-info/entry_points.txt
[5.064s] writing requirements to serial_motor_demo.egg-info/requires.txt
[5.064s] writing top-level names to serial_motor_demo.egg-info/top_level.txt
[5.072s] reading manifest file 'serial_motor_demo.egg-info/SOURCES.txt'
[5.075s] writing manifest file 'serial_motor_demo.egg-info/SOURCES.txt'
[5.081s] running build_ext
[5.082s] Creating /home/dbot/robot_ws/install/serial_motor_demo/lib/python3.10/site-packages/serial-motor-demo.egg-link (link to .)
[5.085s] Installing driver script to /home/dbot/robot_ws/install/serial_motor_demo/lib/serial_motor_demo
[5.086s] Installing gui script to /home/dbot/robot_ws/install/serial_motor_demo/lib/serial_motor_demo
[5.088s] 
[5.088s] Installed /home/dbot/robot_ws/build/serial_motor_demo
[5.089s] running symlink_data
[5.222s] Invoked command in '/home/dbot/robot_ws/build/serial_motor_demo' returned '0': CMAKE_PREFIX_PATH=/home/dbot/robot_ws/install/serial_motor_demo_msgs:/home/dbot/robot_ws/install/diffdrive_arduino:/home/dbot/robot_ws/install/serial:/home/dbot/robot_ws/install/dbot LD_LIBRARY_PATH=/home/dbot/robot_ws/install/serial_motor_demo_msgs/lib:/home/dbot/robot_ws/install/diffdrive_arduino/lib:/home/dbot/robot_ws/install/serial/lib:/opt/ros/humble/opt/rviz_ogre_vendor/lib:/opt/ros/humble/lib/aarch64-linux-gnu:/opt/ros/humble/lib PYTHONPATH=/home/dbot/robot_ws/build/serial_motor_demo/prefix_override:/usr/lib/python3/dist-packages/colcon_core/task/python/colcon_distutils_commands:/home/dbot/robot_ws/install/serial_motor_demo/lib/python3.10/site-packages:${PYTHONPATH} /usr/bin/python3 -W ignore:setup.py install is deprecated -W ignore:easy_install command is deprecated setup.py develop --editable --build-directory /home/dbot/robot_ws/build/serial_motor_demo/build --no-deps symlink_data
