[0.079s] Invoking command in '/home/dbot/robot_ws/build/dbot': CMAKE_PREFIX_PATH=${CMAKE_PREFIX_PATH}:/home/dbot/robot_ws/install/serial_motor_demo:/opt/ros/humble /usr/bin/cmake /home/dbot/robot_ws/src/dbot -DAMENT_CMAKE_SYMLINK_INSTALL=1 -DCMAKE_INSTALL_PREFIX=/home/dbot/robot_ws/install/dbot
[0.385s] -- The C compiler identification is GNU 11.4.0
[0.701s] -- The CXX compiler identification is GNU 11.4.0
[0.732s] -- Detecting C compiler ABI info
[1.096s] -- Detecting C compiler ABI info - done
[1.123s] -- Check for working C compiler: /usr/bin/cc - skipped
[1.123s] -- Detecting C compile features
[1.125s] -- Detecting C compile features - done
[1.138s] -- Detecting CXX compiler ABI info
[1.578s] -- Detecting CXX compiler ABI info - done
[1.605s] -- Check for working CXX compiler: /usr/bin/c++ - skipped
[1.606s] -- Detecting CXX compile features
[1.608s] -- Detecting CXX compile features - done
[1.636s] -- Found ament_cmake: 1.3.12 (/opt/ros/humble/share/ament_cmake/cmake)
[2.627s] -- Found Python3: /usr/bin/python3 (found version "3.10.12") found components: Interpreter 
[3.033s] -- Override CMake install command with custom implementation using symlinks instead of copying resources
[3.335s] -- Found ament_lint_auto: 0.12.14 (/opt/ros/humble/share/ament_lint_auto/cmake)
[3.925s] -- Added test 'copyright' to check source files copyright and LICENSE
[4.085s] -- Added test 'flake8' to check Python code syntax and style conventions
[4.106s] -- Added test 'lint_cmake' to check CMake code style
[4.118s] -- Added test 'pep257' to check Python code against some of the docstring style conventions in PEP 257
[4.204s] -- Added test 'xmllint' to check XML markup files
[4.214s] -- Configuring done
[4.235s] -- Generating done
[4.243s] -- Build files have been written to: /home/dbot/robot_ws/build/dbot
[4.270s] Invoked command in '/home/dbot/robot_ws/build/dbot' returned '0': CMAKE_PREFIX_PATH=${CMAKE_PREFIX_PATH}:/home/dbot/robot_ws/install/serial_motor_demo:/opt/ros/humble /usr/bin/cmake /home/dbot/robot_ws/src/dbot -DAMENT_CMAKE_SYMLINK_INSTALL=1 -DCMAKE_INSTALL_PREFIX=/home/dbot/robot_ws/install/dbot
[4.272s] Invoking command in '/home/dbot/robot_ws/build/dbot': CMAKE_PREFIX_PATH=${CMAKE_PREFIX_PATH}:/home/dbot/robot_ws/install/serial_motor_demo:/opt/ros/humble /usr/bin/cmake --build /home/dbot/robot_ws/build/dbot -- -j4 -l4
[4.431s] Invoked command in '/home/dbot/robot_ws/build/dbot' returned '0': CMAKE_PREFIX_PATH=${CMAKE_PREFIX_PATH}:/home/dbot/robot_ws/install/serial_motor_demo:/opt/ros/humble /usr/bin/cmake --build /home/dbot/robot_ws/build/dbot -- -j4 -l4
[4.463s] Invoking command in '/home/dbot/robot_ws/build/dbot': CMAKE_PREFIX_PATH=${CMAKE_PREFIX_PATH}:/home/dbot/robot_ws/install/serial_motor_demo:/opt/ros/humble /usr/bin/cmake --install /home/dbot/robot_ws/build/dbot
[4.498s] -- Install configuration: ""
[4.500s] -- Execute custom install script
[4.503s] -- Symlinking: /home/dbot/robot_ws/install/dbot/share/dbot/config/drive_bot.rviz
[4.542s] -- Symlinking: /home/dbot/robot_ws/install/dbot/share/dbot/config/empty.yaml
[4.587s] -- Symlinking: /home/dbot/robot_ws/install/dbot/share/dbot/config/gazebo_params.yaml
[4.620s] -- Symlinking: /home/dbot/robot_ws/install/dbot/share/dbot/config/main.rviz
[4.654s] -- Symlinking: /home/dbot/robot_ws/install/dbot/share/dbot/config/my_controllers.yaml
[4.689s] -- Symlinking: /home/dbot/robot_ws/install/dbot/share/dbot/config/view_bot.rviz
[4.728s] -- Symlinking: /home/dbot/robot_ws/install/dbot/share/dbot/description/camera.xacro
[4.773s] -- Symlinking: /home/dbot/robot_ws/install/dbot/share/dbot/description/face.xacro
[4.812s] -- Symlinking: /home/dbot/robot_ws/install/dbot/share/dbot/description/gazebo_control.xacro
[4.849s] -- Symlinking: /home/dbot/robot_ws/install/dbot/share/dbot/description/inertial_macros.xacro
[4.892s] -- Symlinking: /home/dbot/robot_ws/install/dbot/share/dbot/description/lidar.xacro
[4.935s] -- Symlinking: /home/dbot/robot_ws/install/dbot/share/dbot/description/robot.urdf.xacro
[4.982s] -- Symlinking: /home/dbot/robot_ws/install/dbot/share/dbot/description/robot_core.xacro
[5.030s] -- Symlinking: /home/dbot/robot_ws/install/dbot/share/dbot/description/ros2_control.xacro
[5.114s] -- Symlinking: /home/dbot/robot_ws/install/dbot/share/dbot/launch/camera.launch.py
[5.190s] -- Symlinking: /home/dbot/robot_ws/install/dbot/share/dbot/launch/camera_pub.launch.py
[5.278s] -- Symlinking: /home/dbot/robot_ws/install/dbot/share/dbot/launch/launch_sim.launch.py
[5.362s] -- Symlinking: /home/dbot/robot_ws/install/dbot/share/dbot/launch/rplidar.launch.py
[5.458s] -- Symlinking: /home/dbot/robot_ws/install/dbot/share/dbot/launch/rsp.launch.py
[5.560s] -- Symlinking: /home/dbot/robot_ws/install/dbot/share/dbot/worlds/123.world
[5.668s] -- Symlinking: /home/dbot/robot_ws/install/dbot/share/dbot/worlds/empty.world
[5.770s] -- Symlinking: /home/dbot/robot_ws/install/dbot/share/dbot/worlds/obstacle.world
[5.876s] -- Symlinking: /home/dbot/robot_ws/install/dbot/share/ament_index/resource_index/package_run_dependencies/dbot
[5.975s] -- Symlinking: /home/dbot/robot_ws/install/dbot/share/ament_index/resource_index/parent_prefix_path/dbot
[6.028s] -- Symlinking: /home/dbot/robot_ws/install/dbot/share/dbot/environment/ament_prefix_path.sh
[6.077s] -- Symlinking: /home/dbot/robot_ws/install/dbot/share/dbot/environment/ament_prefix_path.dsv
[6.129s] -- Symlinking: /home/dbot/robot_ws/install/dbot/share/dbot/environment/path.sh
[6.177s] -- Symlinking: /home/dbot/robot_ws/install/dbot/share/dbot/environment/path.dsv
[6.270s] -- Symlinking: /home/dbot/robot_ws/install/dbot/share/dbot/local_setup.bash
[6.375s] -- Symlinking: /home/dbot/robot_ws/install/dbot/share/dbot/local_setup.sh
[6.483s] -- Symlinking: /home/dbot/robot_ws/install/dbot/share/dbot/local_setup.zsh
[6.573s] -- Symlinking: /home/dbot/robot_ws/install/dbot/share/dbot/local_setup.dsv
[6.620s] -- Symlinking: /home/dbot/robot_ws/install/dbot/share/dbot/package.dsv
[6.667s] -- Symlinking: /home/dbot/robot_ws/install/dbot/share/ament_index/resource_index/packages/dbot
[6.713s] -- Symlinking: /home/dbot/robot_ws/install/dbot/share/dbot/cmake/dbotConfig.cmake
[6.759s] -- Symlinking: /home/dbot/robot_ws/install/dbot/share/dbot/cmake/dbotConfig-version.cmake
[6.807s] -- Symlinking: /home/dbot/robot_ws/install/dbot/share/dbot/package.xml
[6.877s] Invoked command in '/home/dbot/robot_ws/build/dbot' returned '0': CMAKE_PREFIX_PATH=${CMAKE_PREFIX_PATH}:/home/dbot/robot_ws/install/serial_motor_demo:/opt/ros/humble /usr/bin/cmake --install /home/dbot/robot_ws/build/dbot
