[0.054s] Invoking command in '/home/dbot/robot_ws/build/diffdrive_arduino': CMAKE_PREFIX_PATH=/home/dbot/robot_ws/install/serial:/home/dbot/robot_ws/install/serial_motor_demo_msgs:/home/dbot/robot_ws/install/dbot:/home/dbot/robot_ws/install/serial_motor_demo:/opt/ros/humble /usr/bin/cmake /home/dbot/robot_ws/src/diffdrive_arduino -DAMENT_CMAKE_SYMLINK_INSTALL=1 -DCMAKE_INSTALL_PREFIX=/home/dbot/robot_ws/install/diffdrive_arduino
[0.327s] -- The C compiler identification is GNU 11.4.0
[0.582s] -- The CXX compiler identification is GNU 11.4.0
[0.613s] -- Detecting C compiler ABI info
[0.943s] -- Detecting C compiler ABI info - done
[0.969s] -- Check for working C compiler: /usr/bin/cc - skipped
[0.970s] -- Detecting C compile features
[0.971s] -- Detecting C compile features - done
[0.982s] -- Detecting CXX compiler ABI info
[1.340s] -- Detecting CXX compiler ABI info - done
[1.367s] -- Check for working CXX compiler: /usr/bin/c++ - skipped
[1.368s] -- Detecting CXX compile features
[1.369s] -- Detecting CXX compile features - done
[1.402s] -- Found ament_cmake: 1.3.12 (/opt/ros/humble/share/ament_cmake/cmake)
[2.162s] -- Found Python3: /usr/bin/python3 (found version "3.10.12") found components: Interpreter 
[2.457s] -- Override CMake install command with custom implementation using symlinks instead of copying resources
[2.799s] -- Found serial: 1.2.1 (/home/dbot/robot_ws/install/serial/share/serial/cmake)
[2.827s] -- Found hardware_interface: 2.52.0 (/opt/ros/humble/share/hardware_interface/cmake)
[3.227s] -- Found rosidl_generator_c: 3.1.7 (/opt/ros/humble/share/rosidl_generator_c/cmake)
[3.283s] -- Found rosidl_adapter: 3.1.7 (/opt/ros/humble/share/rosidl_adapter/cmake)
[3.352s] -- Found rosidl_generator_cpp: 3.1.7 (/opt/ros/humble/share/rosidl_generator_cpp/cmake)
[3.438s] -- Using all available rosidl_typesupport_c: rosidl_typesupport_fastrtps_c;rosidl_typesupport_introspection_c
[3.557s] -- Using all available rosidl_typesupport_cpp: rosidl_typesupport_fastrtps_cpp;rosidl_typesupport_introspection_cpp
[4.979s] -- Found rmw_implementation_cmake: 6.1.2 (/opt/ros/humble/share/rmw_implementation_cmake/cmake)
[5.008s] -- Found rmw_fastrtps_cpp: 6.2.9 (/opt/ros/humble/share/rmw_fastrtps_cpp/cmake)
[5.196s] -- Found TinyXML2 via Config file: TinyXML2_DIR-NOTFOUND
[5.452s] -- Found OpenSSL: /usr/lib/aarch64-linux-gnu/libcrypto.so (found version "3.0.2")  
[5.463s] -- Found TinyXML2 via Config file: TinyXML2_DIR-NOTFOUND
[5.545s] -- Found FastRTPS: /opt/ros/humble/include  
[5.557s] -- Found TinyXML2 via Config file: TinyXML2_DIR-NOTFOUND
[5.589s] -- Found TinyXML2 via Config file: TinyXML2_DIR-NOTFOUND
[5.626s] -- Using RMW implementation 'rmw_fastrtps_cpp' as default
[5.718s] -- Looking for pthread.h
[6.062s] -- Looking for pthread.h - found
[6.063s] -- Performing Test CMAKE_HAVE_LIBC_PTHREAD
[6.403s] -- Performing Test CMAKE_HAVE_LIBC_PTHREAD - Success
[6.407s] -- Found Threads: TRUE  
[6.681s] -- Found controller_manager: 2.52.0 (/opt/ros/humble/share/controller_manager/cmake)
[7.247s] -- Configuring done
[7.348s] -- Generating done
[7.376s] -- Build files have been written to: /home/dbot/robot_ws/build/diffdrive_arduino
[7.416s] Invoked command in '/home/dbot/robot_ws/build/diffdrive_arduino' returned '0': CMAKE_PREFIX_PATH=/home/dbot/robot_ws/install/serial:/home/dbot/robot_ws/install/serial_motor_demo_msgs:/home/dbot/robot_ws/install/dbot:/home/dbot/robot_ws/install/serial_motor_demo:/opt/ros/humble /usr/bin/cmake /home/dbot/robot_ws/src/diffdrive_arduino -DAMENT_CMAKE_SYMLINK_INSTALL=1 -DCMAKE_INSTALL_PREFIX=/home/dbot/robot_ws/install/diffdrive_arduino
[7.426s] Invoking command in '/home/dbot/robot_ws/build/diffdrive_arduino': CMAKE_PREFIX_PATH=/home/dbot/robot_ws/install/serial:/home/dbot/robot_ws/install/serial_motor_demo_msgs:/home/dbot/robot_ws/install/dbot:/home/dbot/robot_ws/install/serial_motor_demo:/opt/ros/humble /usr/bin/cmake --build /home/dbot/robot_ws/build/diffdrive_arduino -- -j4 -l4
[7.661s] [ 28%] [32mBuilding CXX object CMakeFiles/fake_robot.dir/src/fake_robot.cpp.o[0m
[7.662s] [ 42%] [32mBuilding CXX object CMakeFiles/diffdrive_arduino.dir/src/wheel.cpp.o[0m
[7.664s] [ 42%] [32mBuilding CXX object CMakeFiles/diffdrive_arduino.dir/src/diffdrive_arduino.cpp.o[0m
[7.668s] [ 57%] [32mBuilding CXX object CMakeFiles/fake_robot.dir/src/wheel.cpp.o[0m
[9.537s] [ 71%] [32mBuilding CXX object CMakeFiles/diffdrive_arduino.dir/src/arduino_comms.cpp.o[0m
[9.960s] In file included from [01m[K/home/dbot/robot_ws/src/diffdrive_arduino/src/fake_robot.cpp:1[m[K:
[9.963s] [01m[K/home/dbot/robot_ws/src/diffdrive_arduino/include/diffdrive_arduino/fake_robot.h:7:10:[m[K [01;31m[Kfatal error: [m[Khardware_interface/base_interface.hpp: No such file or directory
[9.969s]     7 | #include [01;31m[K"hardware_interface/base_interface.hpp"[m[K
[9.971s]       |          [01;31m[K^~~~~~~~~~~~~~~~~~~~~~~~~~~~~~~~~~~~~~~[m[K
[9.972s] compilation terminated.
[9.974s] gmake[2]: *** [CMakeFiles/fake_robot.dir/build.make:76: CMakeFiles/fake_robot.dir/src/fake_robot.cpp.o] Error 1
[9.976s] gmake[1]: *** [CMakeFiles/Makefile2:165: CMakeFiles/fake_robot.dir/all] Error 2
[9.977s] gmake[1]: *** Waiting for unfinished jobs....
[9.991s] In file included from [01m[K/home/dbot/robot_ws/src/diffdrive_arduino/src/diffdrive_arduino.cpp:1[m[K:
[9.991s] [01m[K/home/dbot/robot_ws/src/diffdrive_arduino/include/diffdrive_arduino/diffdrive_arduino.h:7:10:[m[K [01;31m[Kfatal error: [m[Khardware_interface/base_interface.hpp: No such file or directory
[9.992s]     7 | #include [01;31m[K"hardware_interface/base_interface.hpp"[m[K
[9.992s]       |          [01;31m[K^~~~~~~~~~~~~~~~~~~~~~~~~~~~~~~~~~~~~~~[m[K
[9.993s] compilation terminated.
[10.000s] gmake[2]: *** [CMakeFiles/diffdrive_arduino.dir/build.make:76: CMakeFiles/diffdrive_arduino.dir/src/diffdrive_arduino.cpp.o] Error 1
[10.000s] gmake[2]: *** Waiting for unfinished jobs....
[21.153s] gmake[1]: *** [CMakeFiles/Makefile2:139: CMakeFiles/diffdrive_arduino.dir/all] Error 2
[21.154s] gmake: *** [Makefile:146: all] Error 2
[21.160s] Invoked command in '/home/dbot/robot_ws/build/diffdrive_arduino' returned '2': CMAKE_PREFIX_PATH=/home/dbot/robot_ws/install/serial:/home/dbot/robot_ws/install/serial_motor_demo_msgs:/home/dbot/robot_ws/install/dbot:/home/dbot/robot_ws/install/serial_motor_demo:/opt/ros/humble /usr/bin/cmake --build /home/dbot/robot_ws/build/diffdrive_arduino -- -j4 -l4
