[0.058s] Invoking command in '/home/dbot/robot_ws/build/diffdrive_arduino': CMAKE_PREFIX_PATH=/home/dbot/robot_ws/install/serial:/home/dbot/robot_ws/install/diffdrive_arduino:/home/dbot/robot_ws/install/serial_motor_demo_msgs:/home/dbot/robot_ws/install/dbot:/home/dbot/robot_ws/install/serial_motor_demo:/opt/ros/humble /usr/bin/cmake --build /home/dbot/robot_ws/build/diffdrive_arduino -- -j4 -l4
[0.422s] [ 42%] Built target fake_robot
[0.439s] [100%] Built target diffdrive_arduino
[0.483s] Invoked command in '/home/dbot/robot_ws/build/diffdrive_arduino' returned '0': CMAKE_PREFIX_PATH=/home/dbot/robot_ws/install/serial:/home/dbot/robot_ws/install/diffdrive_arduino:/home/dbot/robot_ws/install/serial_motor_demo_msgs:/home/dbot/robot_ws/install/dbot:/home/dbot/robot_ws/install/serial_motor_demo:/opt/ros/humble /usr/bin/cmake --build /home/dbot/robot_ws/build/diffdrive_arduino -- -j4 -l4
[0.491s] Invoking command in '/home/dbot/robot_ws/build/diffdrive_arduino': CMAKE_PREFIX_PATH=/home/dbot/robot_ws/install/serial:/home/dbot/robot_ws/install/diffdrive_arduino:/home/dbot/robot_ws/install/serial_motor_demo_msgs:/home/dbot/robot_ws/install/dbot:/home/dbot/robot_ws/install/serial_motor_demo:/opt/ros/humble /usr/bin/cmake --install /home/dbot/robot_ws/build/diffdrive_arduino
[0.521s] -- Install configuration: ""
[0.523s] -- Execute custom install script
[0.525s] -- Up-to-date symlink: /home/dbot/robot_ws/install/diffdrive_arduino/share/diffdrive_arduino//robot_hardware.xml
[0.526s] -- Up-to-date symlink: /home/dbot/robot_ws/install/diffdrive_arduino/share/diffdrive_arduino//fake_robot_hardware.xml
[0.528s] -- Up-to-date symlink: /home/dbot/robot_ws/install/diffdrive_arduino/lib/libdiffdrive_arduino.so
[0.529s] -- Up-to-date symlink: /home/dbot/robot_ws/install/diffdrive_arduino/lib/libfake_robot.so
[0.531s] -- Up-to-date symlink: /home/dbot/robot_ws/install/diffdrive_arduino/share/diffdrive_arduino/controllers/robot_controller_example.yaml
[0.532s] -- Up-to-date symlink: /home/dbot/robot_ws/install/diffdrive_arduino/share/diffdrive_arduino/__pycache__/test_robot.launch.cpython-310.pyc
[0.534s] -- Up-to-date symlink: /home/dbot/robot_ws/install/diffdrive_arduino/share/diffdrive_arduino/fake_robot.launch.py
[0.535s] -- Up-to-date symlink: /home/dbot/robot_ws/install/diffdrive_arduino/share/diffdrive_arduino/test_robot.launch.py
[0.536s] -- Up-to-date symlink: /home/dbot/robot_ws/install/diffdrive_arduino/share/diffdrive_arduino/environment/library_path.sh
[0.537s] -- Up-to-date symlink: /home/dbot/robot_ws/install/diffdrive_arduino/share/diffdrive_arduino/environment/library_path.dsv
[0.538s] -- Up-to-date symlink: /home/dbot/robot_ws/install/diffdrive_arduino/share/ament_index/resource_index/package_run_dependencies/diffdrive_arduino
[0.540s] -- Up-to-date symlink: /home/dbot/robot_ws/install/diffdrive_arduino/share/ament_index/resource_index/parent_prefix_path/diffdrive_arduino
[0.541s] -- Up-to-date symlink: /home/dbot/robot_ws/install/diffdrive_arduino/share/diffdrive_arduino/environment/ament_prefix_path.sh
[0.542s] -- Up-to-date symlink: /home/dbot/robot_ws/install/diffdrive_arduino/share/diffdrive_arduino/environment/ament_prefix_path.dsv
[0.543s] -- Up-to-date symlink: /home/dbot/robot_ws/install/diffdrive_arduino/share/diffdrive_arduino/environment/path.sh
[0.544s] -- Up-to-date symlink: /home/dbot/robot_ws/install/diffdrive_arduino/share/diffdrive_arduino/environment/path.dsv
[0.545s] -- Up-to-date symlink: /home/dbot/robot_ws/install/diffdrive_arduino/share/diffdrive_arduino/local_setup.bash
[0.547s] -- Up-to-date symlink: /home/dbot/robot_ws/install/diffdrive_arduino/share/diffdrive_arduino/local_setup.sh
[0.548s] -- Up-to-date symlink: /home/dbot/robot_ws/install/diffdrive_arduino/share/diffdrive_arduino/local_setup.zsh
[0.549s] -- Up-to-date symlink: /home/dbot/robot_ws/install/diffdrive_arduino/share/diffdrive_arduino/local_setup.dsv
[0.550s] -- Symlinking: /home/dbot/robot_ws/install/diffdrive_arduino/share/diffdrive_arduino/package.dsv
[0.588s] -- Up-to-date symlink: /home/dbot/robot_ws/install/diffdrive_arduino/share/ament_index/resource_index/packages/diffdrive_arduino
[0.589s] -- Up-to-date symlink: /home/dbot/robot_ws/install/diffdrive_arduino/share/ament_index/resource_index/hardware_interface__pluginlib__plugin/diffdrive_arduino
[0.590s] -- Up-to-date symlink: /home/dbot/robot_ws/install/diffdrive_arduino/share/diffdrive_arduino/cmake/ament_cmake_export_libraries-extras.cmake
[0.592s] -- Up-to-date symlink: /home/dbot/robot_ws/install/diffdrive_arduino/share/diffdrive_arduino/cmake/ament_cmake_export_dependencies-extras.cmake
[0.593s] -- Up-to-date symlink: /home/dbot/robot_ws/install/diffdrive_arduino/share/diffdrive_arduino/cmake/diffdrive_arduinoConfig.cmake
[0.595s] -- Up-to-date symlink: /home/dbot/robot_ws/install/diffdrive_arduino/share/diffdrive_arduino/cmake/diffdrive_arduinoConfig-version.cmake
[0.596s] -- Up-to-date symlink: /home/dbot/robot_ws/install/diffdrive_arduino/share/diffdrive_arduino/package.xml
[0.603s] Invoked command in '/home/dbot/robot_ws/build/diffdrive_arduino' returned '0': CMAKE_PREFIX_PATH=/home/dbot/robot_ws/install/serial:/home/dbot/robot_ws/install/diffdrive_arduino:/home/dbot/robot_ws/install/serial_motor_demo_msgs:/home/dbot/robot_ws/install/dbot:/home/dbot/robot_ws/install/serial_motor_demo:/opt/ros/humble /usr/bin/cmake --install /home/dbot/robot_ws/build/diffdrive_arduino
