[0.083s] Invoking command in '/home/dbot/robot_ws/build/diffdrive_arduino': AMENT_PREFIX_PATH=/home/dbot/robot_ws/install/serial:${AMENT_PREFIX_PATH} CMAKE_PREFIX_PATH=/home/dbot/robot_ws/install/serial:/opt/ros/humble LD_LIBRARY_PATH=/home/dbot/robot_ws/install/serial/lib:${LD_LIBRARY_PATH} /usr/bin/cmake --build /home/dbot/robot_ws/build/diffdrive_arduino -- -j4 -l4
[0.616s] [35m[1mConsolidate compiler generated dependencies of target diffdrive_arduino[0m
[0.854s] [ 42%] Built target fake_robot
[0.935s] [100%] Built target diffdrive_arduino
[0.951s] Invoked command in '/home/dbot/robot_ws/build/diffdrive_arduino' returned '0': AMENT_PREFIX_PATH=/home/dbot/robot_ws/install/serial:${AMENT_PREFIX_PATH} CMAKE_PREFIX_PATH=/home/dbot/robot_ws/install/serial:/opt/ros/humble LD_LIBRARY_PATH=/home/dbot/robot_ws/install/serial/lib:${LD_LIBRARY_PATH} /usr/bin/cmake --build /home/dbot/robot_ws/build/diffdrive_arduino -- -j4 -l4
[1.294s] Invoking command in '/home/dbot/robot_ws/build/diffdrive_arduino': AMENT_PREFIX_PATH=/home/dbot/robot_ws/install/serial:${AMENT_PREFIX_PATH} CMAKE_PREFIX_PATH=/home/dbot/robot_ws/install/serial:/opt/ros/humble LD_LIBRARY_PATH=/home/dbot/robot_ws/install/serial/lib:${LD_LIBRARY_PATH} /usr/bin/cmake --install /home/dbot/robot_ws/build/diffdrive_arduino
[1.327s] -- Install configuration: ""
[1.355s] -- Execute custom install script
[1.356s] -- Up-to-date symlink: /home/dbot/robot_ws/install/diffdrive_arduino/share/diffdrive_arduino//robot_hardware.xml
[1.357s] -- Up-to-date symlink: /home/dbot/robot_ws/install/diffdrive_arduino/share/diffdrive_arduino//fake_robot_hardware.xml
[1.360s] -- Up-to-date symlink: /home/dbot/robot_ws/install/diffdrive_arduino/lib/libdiffdrive_arduino.so
[1.363s] -- Up-to-date symlink: /home/dbot/robot_ws/install/diffdrive_arduino/lib/libfake_robot.so
[1.376s] -- Up-to-date symlink: /home/dbot/robot_ws/install/diffdrive_arduino/share/diffdrive_arduino/controllers/robot_controller_example.yaml
[1.388s] -- Up-to-date symlink: /home/dbot/robot_ws/install/diffdrive_arduino/share/diffdrive_arduino/__pycache__/test_robot.launch.cpython-310.pyc
[1.392s] -- Up-to-date symlink: /home/dbot/robot_ws/install/diffdrive_arduino/share/diffdrive_arduino/fake_robot.launch.py
[1.395s] -- Up-to-date symlink: /home/dbot/robot_ws/install/diffdrive_arduino/share/diffdrive_arduino/test_robot.launch.py
[1.400s] -- Up-to-date symlink: /home/dbot/robot_ws/install/diffdrive_arduino/share/diffdrive_arduino/environment/library_path.sh
[1.403s] -- Up-to-date symlink: /home/dbot/robot_ws/install/diffdrive_arduino/share/diffdrive_arduino/environment/library_path.dsv
[1.405s] -- Up-to-date symlink: /home/dbot/robot_ws/install/diffdrive_arduino/share/ament_index/resource_index/package_run_dependencies/diffdrive_arduino
[1.408s] -- Up-to-date symlink: /home/dbot/robot_ws/install/diffdrive_arduino/share/ament_index/resource_index/parent_prefix_path/diffdrive_arduino
[1.410s] -- Up-to-date symlink: /home/dbot/robot_ws/install/diffdrive_arduino/share/diffdrive_arduino/environment/ament_prefix_path.sh
[1.413s] -- Up-to-date symlink: /home/dbot/robot_ws/install/diffdrive_arduino/share/diffdrive_arduino/environment/ament_prefix_path.dsv
[1.414s] -- Up-to-date symlink: /home/dbot/robot_ws/install/diffdrive_arduino/share/diffdrive_arduino/environment/path.sh
[1.415s] -- Up-to-date symlink: /home/dbot/robot_ws/install/diffdrive_arduino/share/diffdrive_arduino/environment/path.dsv
[1.417s] -- Up-to-date symlink: /home/dbot/robot_ws/install/diffdrive_arduino/share/diffdrive_arduino/local_setup.bash
[1.419s] -- Up-to-date symlink: /home/dbot/robot_ws/install/diffdrive_arduino/share/diffdrive_arduino/local_setup.sh
[1.423s] -- Up-to-date symlink: /home/dbot/robot_ws/install/diffdrive_arduino/share/diffdrive_arduino/local_setup.zsh
[1.424s] -- Up-to-date symlink: /home/dbot/robot_ws/install/diffdrive_arduino/share/diffdrive_arduino/local_setup.dsv
[1.424s] -- Symlinking: /home/dbot/robot_ws/install/diffdrive_arduino/share/diffdrive_arduino/package.dsv
[1.468s] -- Up-to-date symlink: /home/dbot/robot_ws/install/diffdrive_arduino/share/ament_index/resource_index/packages/diffdrive_arduino
[1.470s] -- Up-to-date symlink: /home/dbot/robot_ws/install/diffdrive_arduino/share/ament_index/resource_index/hardware_interface__pluginlib__plugin/diffdrive_arduino
[1.474s] -- Up-to-date symlink: /home/dbot/robot_ws/install/diffdrive_arduino/share/diffdrive_arduino/cmake/ament_cmake_export_libraries-extras.cmake
[1.475s] -- Up-to-date symlink: /home/dbot/robot_ws/install/diffdrive_arduino/share/diffdrive_arduino/cmake/ament_cmake_export_dependencies-extras.cmake
[1.477s] -- Up-to-date symlink: /home/dbot/robot_ws/install/diffdrive_arduino/share/diffdrive_arduino/cmake/diffdrive_arduinoConfig.cmake
[1.479s] -- Up-to-date symlink: /home/dbot/robot_ws/install/diffdrive_arduino/share/diffdrive_arduino/cmake/diffdrive_arduinoConfig-version.cmake
[1.480s] -- Up-to-date symlink: /home/dbot/robot_ws/install/diffdrive_arduino/share/diffdrive_arduino/package.xml
[1.497s] Invoked command in '/home/dbot/robot_ws/build/diffdrive_arduino' returned '0': AMENT_PREFIX_PATH=/home/dbot/robot_ws/install/serial:${AMENT_PREFIX_PATH} CMAKE_PREFIX_PATH=/home/dbot/robot_ws/install/serial:/opt/ros/humble LD_LIBRARY_PATH=/home/dbot/robot_ws/install/serial/lib:${LD_LIBRARY_PATH} /usr/bin/cmake --install /home/dbot/robot_ws/build/diffdrive_arduino
