[0.052s] Invoking command in '/home/dbot/robot_ws/build/diffdrive_arduino': CMAKE_PREFIX_PATH=/home/dbot/robot_ws/install/serial:/home/dbot/robot_ws/install/serial_motor_demo_msgs:/home/dbot/robot_ws/install/dbot:/home/dbot/robot_ws/install/serial_motor_demo:/opt/ros/humble /usr/bin/cmake /home/dbot/robot_ws/src/diffdrive_arduino -DAMENT_CMAKE_SYMLINK_INSTALL=1 -DCMAKE_INSTALL_PREFIX=/home/dbot/robot_ws/install/diffdrive_arduino
[0.325s] -- The C compiler identification is GNU 11.4.0
[0.599s] -- The CXX compiler identification is GNU 11.4.0
[0.632s] -- Detecting C compiler ABI info
[0.966s] -- Detecting C compiler ABI info - done
[0.992s] -- Check for working C compiler: /usr/bin/cc - skipped
[0.993s] -- Detecting C compile features
[0.995s] -- Detecting C compile features - done
[1.007s] -- Detecting CXX compiler ABI info
[1.373s] -- Detecting CXX compiler ABI info - done
[1.399s] -- Check for working CXX compiler: /usr/bin/c++ - skipped
[1.400s] -- Detecting CXX compile features
[1.402s] -- Detecting CXX compile features - done
[1.436s] -- Found ament_cmake: 1.3.12 (/opt/ros/humble/share/ament_cmake/cmake)
[2.321s] -- Found Python3: /usr/bin/python3 (found version "3.10.12") found components: Interpreter 
[2.645s] -- Override CMake install command with custom implementation using symlinks instead of copying resources
[2.991s] -- Found serial: 1.2.1 (/home/dbot/robot_ws/install/serial/share/serial/cmake)
[3.020s] -- Found hardware_interface: 2.52.0 (/opt/ros/humble/share/hardware_interface/cmake)
[3.441s] -- Found rosidl_generator_c: 3.1.7 (/opt/ros/humble/share/rosidl_generator_c/cmake)
[3.500s] -- Found rosidl_adapter: 3.1.7 (/opt/ros/humble/share/rosidl_adapter/cmake)
[3.575s] -- Found rosidl_generator_cpp: 3.1.7 (/opt/ros/humble/share/rosidl_generator_cpp/cmake)
[3.692s] -- Using all available rosidl_typesupport_c: rosidl_typesupport_fastrtps_c;rosidl_typesupport_introspection_c
[3.829s] -- Using all available rosidl_typesupport_cpp: rosidl_typesupport_fastrtps_cpp;rosidl_typesupport_introspection_cpp
[5.353s] -- Found rmw_implementation_cmake: 6.1.2 (/opt/ros/humble/share/rmw_implementation_cmake/cmake)
[5.384s] -- Found rmw_fastrtps_cpp: 6.2.9 (/opt/ros/humble/share/rmw_fastrtps_cpp/cmake)
[5.583s] -- Found TinyXML2 via Config file: TinyXML2_DIR-NOTFOUND
[5.818s] -- Found OpenSSL: /usr/lib/aarch64-linux-gnu/libcrypto.so (found version "3.0.2")  
[5.829s] -- Found TinyXML2 via Config file: TinyXML2_DIR-NOTFOUND
[5.910s] -- Found FastRTPS: /opt/ros/humble/include  
[5.924s] -- Found TinyXML2 via Config file: TinyXML2_DIR-NOTFOUND
[5.957s] -- Found TinyXML2 via Config file: TinyXML2_DIR-NOTFOUND
[5.994s] -- Using RMW implementation 'rmw_fastrtps_cpp' as default
[6.096s] -- Looking for pthread.h
[6.480s] -- Looking for pthread.h - found
[6.481s] -- Performing Test CMAKE_HAVE_LIBC_PTHREAD
[6.826s] -- Performing Test CMAKE_HAVE_LIBC_PTHREAD - Success
[6.831s] -- Found Threads: TRUE  
[7.104s] -- Found controller_manager: 2.52.0 (/opt/ros/humble/share/controller_manager/cmake)
[7.667s] -- Configuring done
[7.768s] -- Generating done
[7.795s] -- Build files have been written to: /home/dbot/robot_ws/build/diffdrive_arduino
[7.838s] Invoked command in '/home/dbot/robot_ws/build/diffdrive_arduino' returned '0': CMAKE_PREFIX_PATH=/home/dbot/robot_ws/install/serial:/home/dbot/robot_ws/install/serial_motor_demo_msgs:/home/dbot/robot_ws/install/dbot:/home/dbot/robot_ws/install/serial_motor_demo:/opt/ros/humble /usr/bin/cmake /home/dbot/robot_ws/src/diffdrive_arduino -DAMENT_CMAKE_SYMLINK_INSTALL=1 -DCMAKE_INSTALL_PREFIX=/home/dbot/robot_ws/install/diffdrive_arduino
[7.847s] Invoking command in '/home/dbot/robot_ws/build/diffdrive_arduino': CMAKE_PREFIX_PATH=/home/dbot/robot_ws/install/serial:/home/dbot/robot_ws/install/serial_motor_demo_msgs:/home/dbot/robot_ws/install/dbot:/home/dbot/robot_ws/install/serial_motor_demo:/opt/ros/humble /usr/bin/cmake --build /home/dbot/robot_ws/build/diffdrive_arduino -- -j4 -l4
[8.085s] [ 14%] [32mBuilding CXX object CMakeFiles/diffdrive_arduino.dir/src/diffdrive_arduino.cpp.o[0m
[8.088s] [ 42%] [32mBuilding CXX object CMakeFiles/fake_robot.dir/src/fake_robot.cpp.o[0m
[8.089s] [ 42%] [32mBuilding CXX object CMakeFiles/diffdrive_arduino.dir/src/wheel.cpp.o[0m
[8.093s] [ 57%] [32mBuilding CXX object CMakeFiles/diffdrive_arduino.dir/src/arduino_comms.cpp.o[0m
[9.896s] [ 71%] [32mBuilding CXX object CMakeFiles/fake_robot.dir/src/wheel.cpp.o[0m
[10.337s] In file included from [01m[K/home/dbot/robot_ws/src/diffdrive_arduino/src/fake_robot.cpp:1[m[K:
[10.337s] [01m[K/home/dbot/robot_ws/src/diffdrive_arduino/include/diffdrive_arduino/fake_robot.h:7:10:[m[K [01;31m[Kfatal error: [m[Khardware_interface/base_interface.hpp: No such file or directory
[10.337s]     7 | #include [01;31m[K"hardware_interface/base_interface.hpp"[m[K
[10.338s]       |          [01;31m[K^~~~~~~~~~~~~~~~~~~~[m[K
[10.338s] compilation terminated.
[10.346s] gmake[2]: *** [CMakeFiles/fake_robot.dir/build.make:76: CMakeFiles/fake_robot.dir/src/fake_robot.cpp.o] Error 1
[10.347s] gmake[2]: *** Waiting for unfinished jobs....
[10.358s] In file included from [01m[K/home/dbot/robot_ws/src/diffdrive_arduino/src/diffdrive_arduino.cpp:1[m[K:
[10.358s] [01m[K/home/dbot/robot_ws/src/diffdrive_arduino/include/diffdrive_arduino/diffdrive_arduino.h:7:10:[m[K [01;31m[Kfatal error: [m[Khardware_interface/base_interface.hpp: No such file or directory
[10.359s]     7 | #include [01;31m[K"hardware_interface/base_interface.hpp"[m[K
[10.360s]       |          [01;31m[K^~~~~~~~~~~~~~~~~~~~[m[K
[10.360s] compilation terminated.
[10.367s] gmake[2]: *** [CMakeFiles/diffdrive_arduino.dir/build.make:76: CMakeFiles/diffdrive_arduino.dir/src/diffdrive_arduino.cpp.o] Error 1
[10.368s] gmake[2]: *** Waiting for unfinished jobs....
[11.705s] gmake[1]: *** [CMakeFiles/Makefile2:165: CMakeFiles/fake_robot.dir/all] Error 2
[11.706s] gmake[1]: *** Waiting for unfinished jobs....
[19.897s] gmake[1]: *** [CMakeFiles/Makefile2:139: CMakeFiles/diffdrive_arduino.dir/all] Error 2
[19.898s] gmake: *** [Makefile:146: all] Error 2
[19.904s] Invoked command in '/home/dbot/robot_ws/build/diffdrive_arduino' returned '2': CMAKE_PREFIX_PATH=/home/dbot/robot_ws/install/serial:/home/dbot/robot_ws/install/serial_motor_demo_msgs:/home/dbot/robot_ws/install/dbot:/home/dbot/robot_ws/install/serial_motor_demo:/opt/ros/humble /usr/bin/cmake --build /home/dbot/robot_ws/build/diffdrive_arduino -- -j4 -l4
