[4.988s] Invoking command in '/home/dbot/robot_ws/build/serial_motor_demo': PYTHONPATH=/home/dbot/robot_ws/build/serial_motor_demo/prefix_override:/usr/lib/python3/dist-packages/colcon_core/task/python/colcon_distutils_commands:/home/dbot/robot_ws/install/serial_motor_demo/lib/python3.10/site-packages:${PYTHONPATH} /usr/bin/python3 -W ignore:setup.py install is deprecated -W ignore:easy_install command is deprecated setup.py develop --editable --build-directory /home/dbot/robot_ws/build/serial_motor_demo/build --no-deps symlink_data
[7.023s] /usr/lib/python3/dist-packages/setuptools/dist.py:723: UserWarning: Usage of dash-separated 'script-dir' will not be supported in future versions. Please use the underscore name 'script_dir' instead
[7.025s]   warnings.warn(
[7.211s] running develop
[8.894s] running egg_info
[8.902s] writing serial_motor_demo.egg-info/PKG-INFO
[8.905s] writing dependency_links to serial_motor_demo.egg-info/dependency_links.txt
[8.908s] writing entry points to serial_motor_demo.egg-info/entry_points.txt
[8.911s] writing requirements to serial_motor_demo.egg-info/requires.txt
[8.914s] writing top-level names to serial_motor_demo.egg-info/top_level.txt
[8.918s] reading manifest file 'serial_motor_demo.egg-info/SOURCES.txt'
[8.926s] writing manifest file 'serial_motor_demo.egg-info/SOURCES.txt'
[8.935s] running build_ext
[8.938s] Creating /home/dbot/robot_ws/install/serial_motor_demo/lib/python3.10/site-packages/serial-motor-demo.egg-link (link to .)
[8.942s] Installing driver script to /home/dbot/robot_ws/install/serial_motor_demo/lib/serial_motor_demo
[8.948s] Installing gui script to /home/dbot/robot_ws/install/serial_motor_demo/lib/serial_motor_demo
[8.958s] 
[8.963s] Installed /home/dbot/robot_ws/build/serial_motor_demo
[8.968s] running symlink_data
[9.131s] Invoked command in '/home/dbot/robot_ws/build/serial_motor_demo' returned '0': PYTHONPATH=/home/dbot/robot_ws/build/serial_motor_demo/prefix_override:/usr/lib/python3/dist-packages/colcon_core/task/python/colcon_distutils_commands:/home/dbot/robot_ws/install/serial_motor_demo/lib/python3.10/site-packages:${PYTHONPATH} /usr/bin/python3 -W ignore:setup.py install is deprecated -W ignore:easy_install command is deprecated setup.py develop --editable --build-directory /home/dbot/robot_ws/build/serial_motor_demo/build --no-deps symlink_data
