[2.993s] Invoking command in '/home/dbot/robot_ws/build/serial_motor_demo': CMAKE_PREFIX_PATH=/home/dbot/robot_ws/install/serial_motor_demo_msgs:/home/dbot/robot_ws/install/diffdrive_arduino:/home/dbot/robot_ws/install/serial:/home/dbot/robot_ws/install/dbot LD_LIBRARY_PATH=/home/dbot/robot_ws/install/serial_motor_demo_msgs/lib:/home/dbot/robot_ws/install/diffdrive_arduino/lib:/home/dbot/robot_ws/install/serial/lib:/opt/ros/humble/opt/rviz_ogre_vendor/lib:/opt/ros/humble/lib/aarch64-linux-gnu:/opt/ros/humble/lib PYTHONPATH=/home/dbot/robot_ws/build/serial_motor_demo/prefix_override:/usr/lib/python3/dist-packages/colcon_core/task/python/colcon_distutils_commands:/home/dbot/robot_ws/install/serial_motor_demo/lib/python3.10/site-packages:${PYTHONPATH} /usr/bin/python3 -W ignore:setup.py install is deprecated -W ignore:easy_install command is deprecated setup.py develop --editable --build-directory /home/dbot/robot_ws/build/serial_motor_demo/build --no-deps symlink_data
[4.109s] /usr/lib/python3/dist-packages/setuptools/dist.py:723: UserWarning: Usage of dash-separated 'script-dir' will not be supported in future versions. Please use the underscore name 'script_dir' instead
[4.109s]   warnings.warn(
[4.224s] running develop
[5.072s] running egg_info
[5.072s] writing serial_motor_demo.egg-info/PKG-INFO
[5.074s] writing dependency_links to serial_motor_demo.egg-info/dependency_links.txt
[5.075s] writing entry points to serial_motor_demo.egg-info/entry_points.txt
[5.076s] writing requirements to serial_motor_demo.egg-info/requires.txt
[5.077s] writing top-level names to serial_motor_demo.egg-info/top_level.txt
[5.084s] reading manifest file 'serial_motor_demo.egg-info/SOURCES.txt'
[5.088s] writing manifest file 'serial_motor_demo.egg-info/SOURCES.txt'
[5.094s] running build_ext
[5.095s] Creating /home/dbot/robot_ws/install/serial_motor_demo/lib/python3.10/site-packages/serial-motor-demo.egg-link (link to .)
[5.099s] Installing driver script to /home/dbot/robot_ws/install/serial_motor_demo/lib/serial_motor_demo
[5.100s] Installing gui script to /home/dbot/robot_ws/install/serial_motor_demo/lib/serial_motor_demo
[5.102s] 
[5.102s] Installed /home/dbot/robot_ws/build/serial_motor_demo
[5.103s] running symlink_data
[5.233s] Invoked command in '/home/dbot/robot_ws/build/serial_motor_demo' returned '0': CMAKE_PREFIX_PATH=/home/dbot/robot_ws/install/serial_motor_demo_msgs:/home/dbot/robot_ws/install/diffdrive_arduino:/home/dbot/robot_ws/install/serial:/home/dbot/robot_ws/install/dbot LD_LIBRARY_PATH=/home/dbot/robot_ws/install/serial_motor_demo_msgs/lib:/home/dbot/robot_ws/install/diffdrive_arduino/lib:/home/dbot/robot_ws/install/serial/lib:/opt/ros/humble/opt/rviz_ogre_vendor/lib:/opt/ros/humble/lib/aarch64-linux-gnu:/opt/ros/humble/lib PYTHONPATH=/home/dbot/robot_ws/build/serial_motor_demo/prefix_override:/usr/lib/python3/dist-packages/colcon_core/task/python/colcon_distutils_commands:/home/dbot/robot_ws/install/serial_motor_demo/lib/python3.10/site-packages:${PYTHONPATH} /usr/bin/python3 -W ignore:setup.py install is deprecated -W ignore:easy_install command is deprecated setup.py develop --editable --build-directory /home/dbot/robot_ws/build/serial_motor_demo/build --no-deps symlink_data
