[0.094s] Invoking command in '/home/dbot/robot_ws/build/serial': CMAKE_PREFIX_PATH=${CMAKE_PREFIX_PATH}:/home/dbot/robot_ws/install/serial_motor_demo:/opt/ros/humble /usr/bin/cmake --build /home/dbot/robot_ws/build/serial -- -j4 -l4
[0.391s] [ 28%] Built target serial
[0.407s] [ 42%] Built target gtest
[0.450s] [ 57%] Built target gtest_main
[0.601s] [ 71%] Built target serial_example
[0.679s] [ 85%] Built target serial-test
[0.682s] [100%] Built target serial-test-timer
[0.869s] Invoked command in '/home/dbot/robot_ws/build/serial' returned '0': CMAKE_PREFIX_PATH=${CMAKE_PREFIX_PATH}:/home/dbot/robot_ws/install/serial_motor_demo:/opt/ros/humble /usr/bin/cmake --build /home/dbot/robot_ws/build/serial -- -j4 -l4
[0.884s] Invoking command in '/home/dbot/robot_ws/build/serial': CMAKE_PREFIX_PATH=${CMAKE_PREFIX_PATH}:/home/dbot/robot_ws/install/serial_motor_demo:/opt/ros/humble /usr/bin/cmake --install /home/dbot/robot_ws/build/serial
[0.915s] -- Install configuration: ""
[0.921s] -- Execute custom install script
[0.929s] -- Up-to-date symlink: /home/dbot/robot_ws/install/serial/lib/libserial.a
[0.934s] -- Up-to-date symlink: /home/dbot/robot_ws/install/serial/include/serial/serial.h
[0.939s] -- Up-to-date symlink: /home/dbot/robot_ws/install/serial/include/serial/v8stdint.h
[0.943s] -- Up-to-date symlink: /home/dbot/robot_ws/install/serial/share/serial/environment/library_path.sh
[0.945s] -- Up-to-date symlink: /home/dbot/robot_ws/install/serial/share/serial/environment/library_path.dsv
[0.948s] -- Up-to-date symlink: /home/dbot/robot_ws/install/serial/share/ament_index/resource_index/package_run_dependencies/serial
[0.950s] -- Up-to-date symlink: /home/dbot/robot_ws/install/serial/share/ament_index/resource_index/parent_prefix_path/serial
[0.953s] -- Up-to-date symlink: /home/dbot/robot_ws/install/serial/share/serial/environment/ament_prefix_path.sh
[0.956s] -- Up-to-date symlink: /home/dbot/robot_ws/install/serial/share/serial/environment/ament_prefix_path.dsv
[0.958s] -- Up-to-date symlink: /home/dbot/robot_ws/install/serial/share/serial/environment/path.sh
[0.960s] -- Up-to-date symlink: /home/dbot/robot_ws/install/serial/share/serial/environment/path.dsv
[0.963s] -- Up-to-date symlink: /home/dbot/robot_ws/install/serial/share/serial/local_setup.bash
[0.965s] -- Up-to-date symlink: /home/dbot/robot_ws/install/serial/share/serial/local_setup.sh
[0.968s] -- Up-to-date symlink: /home/dbot/robot_ws/install/serial/share/serial/local_setup.zsh
[0.971s] -- Up-to-date symlink: /home/dbot/robot_ws/install/serial/share/serial/local_setup.dsv
[0.974s] -- Symlinking: /home/dbot/robot_ws/install/serial/share/serial/package.dsv
[0.983s] -- Up-to-date symlink: /home/dbot/robot_ws/install/serial/share/ament_index/resource_index/packages/serial
[0.987s] -- Up-to-date symlink: /home/dbot/robot_ws/install/serial/share/serial/cmake/ament_cmake_export_include_directories-extras.cmake
[0.990s] -- Up-to-date symlink: /home/dbot/robot_ws/install/serial/share/serial/cmake/ament_cmake_export_libraries-extras.cmake
[0.992s] -- Up-to-date symlink: /home/dbot/robot_ws/install/serial/share/serial/cmake/serialConfig.cmake
[0.992s] -- Up-to-date symlink: /home/dbot/robot_ws/install/serial/share/serial/cmake/serialConfig-version.cmake
[0.993s] -- Up-to-date symlink: /home/dbot/robot_ws/install/serial/share/serial/package.xml
[1.005s] Invoked command in '/home/dbot/robot_ws/build/serial' returned '0': CMAKE_PREFIX_PATH=${CMAKE_PREFIX_PATH}:/home/dbot/robot_ws/install/serial_motor_demo:/opt/ros/humble /usr/bin/cmake --install /home/dbot/robot_ws/build/serial
