[0.087s] Invoking command in '/home/dbot/robot_ws/build/serial_motor_demo_msgs': CMAKE_PREFIX_PATH=${CMAKE_PREFIX_PATH}:/home/dbot/robot_ws/install/serial_motor_demo:/opt/ros/humble /usr/bin/cmake --build /home/dbot/robot_ws/build/serial_motor_demo_msgs -- -j4 -l4
[0.378s] [  2%] Built target serial_motor_demo_msgs__cpp
[0.475s] [ 12%] Built target ament_cmake_python_symlink_serial_motor_demo_msgs
[0.480s] [ 12%] Built target serial_motor_demo_msgs__rosidl_generator_c
[0.617s] [ 23%] Built target serial_motor_demo_msgs__rosidl_typesupport_cpp
[0.701s] [ 34%] Built target serial_motor_demo_msgs__rosidl_typesupport_fastrtps_cpp
[0.716s] [ 44%] Built target serial_motor_demo_msgs__rosidl_typesupport_introspection_cpp
[0.818s] [ 55%] Built target serial_motor_demo_msgs__rosidl_typesupport_fastrtps_c
[0.862s] [ 65%] Built target serial_motor_demo_msgs__rosidl_typesupport_introspection_c
[0.877s] [ 76%] Built target serial_motor_demo_msgs__rosidl_typesupport_c
[1.007s] [ 76%] Built target serial_motor_demo_msgs
[1.109s] [ 78%] Built target serial_motor_demo_msgs__py
[1.225s] [ 87%] Built target serial_motor_demo_msgs__rosidl_generator_py
[1.394s] [ 91%] Built target serial_motor_demo_msgs__rosidl_typesupport_introspection_c__pyext
[1.398s] [ 95%] Built target serial_motor_demo_msgs__rosidl_typesupport_fastrtps_c__pyext
[1.428s] [100%] Built target serial_motor_demo_msgs__rosidl_typesupport_c__pyext
[2.115s] running egg_info
[2.118s] writing serial_motor_demo_msgs.egg-info/PKG-INFO
[2.119s] writing dependency_links to serial_motor_demo_msgs.egg-info/dependency_links.txt
[2.120s] writing top-level names to serial_motor_demo_msgs.egg-info/top_level.txt
[2.131s] reading manifest file 'serial_motor_demo_msgs.egg-info/SOURCES.txt'
[2.134s] writing manifest file 'serial_motor_demo_msgs.egg-info/SOURCES.txt'
[2.263s] [100%] Built target ament_cmake_python_build_serial_motor_demo_msgs_egg
[2.310s] Invoked command in '/home/dbot/robot_ws/build/serial_motor_demo_msgs' returned '0': CMAKE_PREFIX_PATH=${CMAKE_PREFIX_PATH}:/home/dbot/robot_ws/install/serial_motor_demo:/opt/ros/humble /usr/bin/cmake --build /home/dbot/robot_ws/build/serial_motor_demo_msgs -- -j4 -l4
[2.318s] Invoking command in '/home/dbot/robot_ws/build/serial_motor_demo_msgs': CMAKE_PREFIX_PATH=${CMAKE_PREFIX_PATH}:/home/dbot/robot_ws/install/serial_motor_demo:/opt/ros/humble /usr/bin/cmake --install /home/dbot/robot_ws/build/serial_motor_demo_msgs
[2.350s] -- Install configuration: ""
[2.352s] -- Execute custom install script
[2.354s] -- Up-to-date symlink: /home/dbot/robot_ws/install/serial_motor_demo_msgs/share/ament_index/resource_index/rosidl_interfaces/serial_motor_demo_msgs
[2.357s] -- Up-to-date symlink: /home/dbot/robot_ws/install/serial_motor_demo_msgs/include/serial_motor_demo_msgs/serial_motor_demo_msgs/msg/detail/encoder_vals__functions.h
[2.358s] -- Up-to-date symlink: /home/dbot/robot_ws/install/serial_motor_demo_msgs/include/serial_motor_demo_msgs/serial_motor_demo_msgs/msg/detail/encoder_vals__struct.h
[2.360s] -- Up-to-date symlink: /home/dbot/robot_ws/install/serial_motor_demo_msgs/include/serial_motor_demo_msgs/serial_motor_demo_msgs/msg/detail/encoder_vals__type_support.h
[2.360s] -- Up-to-date symlink: /home/dbot/robot_ws/install/serial_motor_demo_msgs/include/serial_motor_demo_msgs/serial_motor_demo_msgs/msg/detail/motor_command__functions.h
[2.361s] -- Up-to-date symlink: /home/dbot/robot_ws/install/serial_motor_demo_msgs/include/serial_motor_demo_msgs/serial_motor_demo_msgs/msg/detail/motor_command__struct.h
[2.362s] -- Up-to-date symlink: /home/dbot/robot_ws/install/serial_motor_demo_msgs/include/serial_motor_demo_msgs/serial_motor_demo_msgs/msg/detail/motor_command__type_support.h
[2.364s] -- Up-to-date symlink: /home/dbot/robot_ws/install/serial_motor_demo_msgs/include/serial_motor_demo_msgs/serial_motor_demo_msgs/msg/detail/motor_vels__functions.h
[2.364s] -- Up-to-date symlink: /home/dbot/robot_ws/install/serial_motor_demo_msgs/include/serial_motor_demo_msgs/serial_motor_demo_msgs/msg/detail/motor_vels__struct.h
[2.365s] -- Up-to-date symlink: /home/dbot/robot_ws/install/serial_motor_demo_msgs/include/serial_motor_demo_msgs/serial_motor_demo_msgs/msg/detail/motor_vels__type_support.h
[2.366s] -- Up-to-date symlink: /home/dbot/robot_ws/install/serial_motor_demo_msgs/include/serial_motor_demo_msgs/serial_motor_demo_msgs/msg/encoder_vals.h
[2.367s] -- Up-to-date symlink: /home/dbot/robot_ws/install/serial_motor_demo_msgs/include/serial_motor_demo_msgs/serial_motor_demo_msgs/msg/motor_command.h
[2.368s] -- Up-to-date symlink: /home/dbot/robot_ws/install/serial_motor_demo_msgs/include/serial_motor_demo_msgs/serial_motor_demo_msgs/msg/motor_vels.h
[2.369s] -- Up-to-date symlink: /home/dbot/robot_ws/install/serial_motor_demo_msgs/include/serial_motor_demo_msgs/serial_motor_demo_msgs/msg/rosidl_generator_c__visibility_control.h
[2.370s] -- Up-to-date symlink: /home/dbot/robot_ws/install/serial_motor_demo_msgs/share/serial_motor_demo_msgs/environment/library_path.sh
[2.371s] -- Up-to-date symlink: /home/dbot/robot_ws/install/serial_motor_demo_msgs/share/serial_motor_demo_msgs/environment/library_path.dsv
[2.375s] -- Up-to-date symlink: /home/dbot/robot_ws/install/serial_motor_demo_msgs/include/serial_motor_demo_msgs/serial_motor_demo_msgs/msg/detail/encoder_vals__rosidl_typesupport_fastrtps_c.h
[2.376s] -- Up-to-date symlink: /home/dbot/robot_ws/install/serial_motor_demo_msgs/include/serial_motor_demo_msgs/serial_motor_demo_msgs/msg/detail/motor_command__rosidl_typesupport_fastrtps_c.h
[2.377s] -- Up-to-date symlink: /home/dbot/robot_ws/install/serial_motor_demo_msgs/include/serial_motor_demo_msgs/serial_motor_demo_msgs/msg/detail/motor_vels__rosidl_typesupport_fastrtps_c.h
[2.378s] -- Up-to-date symlink: /home/dbot/robot_ws/install/serial_motor_demo_msgs/include/serial_motor_demo_msgs/serial_motor_demo_msgs/msg/rosidl_typesupport_fastrtps_c__visibility_control.h
[2.381s] -- Up-to-date symlink: /home/dbot/robot_ws/install/serial_motor_demo_msgs/include/serial_motor_demo_msgs/serial_motor_demo_msgs/msg/detail/encoder_vals__rosidl_typesupport_introspection_c.h
[2.382s] -- Up-to-date symlink: /home/dbot/robot_ws/install/serial_motor_demo_msgs/include/serial_motor_demo_msgs/serial_motor_demo_msgs/msg/detail/motor_command__rosidl_typesupport_introspection_c.h
[2.383s] -- Up-to-date symlink: /home/dbot/robot_ws/install/serial_motor_demo_msgs/include/serial_motor_demo_msgs/serial_motor_demo_msgs/msg/detail/motor_vels__rosidl_typesupport_introspection_c.h
[2.384s] -- Up-to-date symlink: /home/dbot/robot_ws/install/serial_motor_demo_msgs/include/serial_motor_demo_msgs/serial_motor_demo_msgs/msg/rosidl_typesupport_introspection_c__visibility_control.h
[2.387s] -- Up-to-date symlink: /home/dbot/robot_ws/install/serial_motor_demo_msgs/include/serial_motor_demo_msgs/serial_motor_demo_msgs/msg/detail/encoder_vals__builder.hpp
[2.388s] -- Up-to-date symlink: /home/dbot/robot_ws/install/serial_motor_demo_msgs/include/serial_motor_demo_msgs/serial_motor_demo_msgs/msg/detail/encoder_vals__struct.hpp
[2.389s] -- Up-to-date symlink: /home/dbot/robot_ws/install/serial_motor_demo_msgs/include/serial_motor_demo_msgs/serial_motor_demo_msgs/msg/detail/encoder_vals__traits.hpp
[2.390s] -- Up-to-date symlink: /home/dbot/robot_ws/install/serial_motor_demo_msgs/include/serial_motor_demo_msgs/serial_motor_demo_msgs/msg/detail/encoder_vals__type_support.hpp
[2.392s] -- Up-to-date symlink: /home/dbot/robot_ws/install/serial_motor_demo_msgs/include/serial_motor_demo_msgs/serial_motor_demo_msgs/msg/detail/motor_command__builder.hpp
[2.393s] -- Up-to-date symlink: /home/dbot/robot_ws/install/serial_motor_demo_msgs/include/serial_motor_demo_msgs/serial_motor_demo_msgs/msg/detail/motor_command__struct.hpp
[2.394s] -- Up-to-date symlink: /home/dbot/robot_ws/install/serial_motor_demo_msgs/include/serial_motor_demo_msgs/serial_motor_demo_msgs/msg/detail/motor_command__traits.hpp
[2.395s] -- Up-to-date symlink: /home/dbot/robot_ws/install/serial_motor_demo_msgs/include/serial_motor_demo_msgs/serial_motor_demo_msgs/msg/detail/motor_command__type_support.hpp
[2.396s] -- Up-to-date symlink: /home/dbot/robot_ws/install/serial_motor_demo_msgs/include/serial_motor_demo_msgs/serial_motor_demo_msgs/msg/detail/motor_vels__builder.hpp
[2.397s] -- Up-to-date symlink: /home/dbot/robot_ws/install/serial_motor_demo_msgs/include/serial_motor_demo_msgs/serial_motor_demo_msgs/msg/detail/motor_vels__struct.hpp
[2.398s] -- Up-to-date symlink: /home/dbot/robot_ws/install/serial_motor_demo_msgs/include/serial_motor_demo_msgs/serial_motor_demo_msgs/msg/detail/motor_vels__traits.hpp
[2.399s] -- Up-to-date symlink: /home/dbot/robot_ws/install/serial_motor_demo_msgs/include/serial_motor_demo_msgs/serial_motor_demo_msgs/msg/detail/motor_vels__type_support.hpp
[2.400s] -- Up-to-date symlink: /home/dbot/robot_ws/install/serial_motor_demo_msgs/include/serial_motor_demo_msgs/serial_motor_demo_msgs/msg/encoder_vals.hpp
[2.400s] -- Up-to-date symlink: /home/dbot/robot_ws/install/serial_motor_demo_msgs/include/serial_motor_demo_msgs/serial_motor_demo_msgs/msg/motor_command.hpp
[2.401s] -- Up-to-date symlink: /home/dbot/robot_ws/install/serial_motor_demo_msgs/include/serial_motor_demo_msgs/serial_motor_demo_msgs/msg/motor_vels.hpp
[2.402s] -- Up-to-date symlink: /home/dbot/robot_ws/install/serial_motor_demo_msgs/include/serial_motor_demo_msgs/serial_motor_demo_msgs/msg/rosidl_generator_cpp__visibility_control.hpp
[2.406s] -- Up-to-date symlink: /home/dbot/robot_ws/install/serial_motor_demo_msgs/include/serial_motor_demo_msgs/serial_motor_demo_msgs/msg/detail/encoder_vals__rosidl_typesupport_fastrtps_cpp.hpp
[2.407s] -- Up-to-date symlink: /home/dbot/robot_ws/install/serial_motor_demo_msgs/include/serial_motor_demo_msgs/serial_motor_demo_msgs/msg/detail/motor_command__rosidl_typesupport_fastrtps_cpp.hpp
[2.408s] -- Up-to-date symlink: /home/dbot/robot_ws/install/serial_motor_demo_msgs/include/serial_motor_demo_msgs/serial_motor_demo_msgs/msg/detail/motor_vels__rosidl_typesupport_fastrtps_cpp.hpp
[2.410s] -- Up-to-date symlink: /home/dbot/robot_ws/install/serial_motor_demo_msgs/include/serial_motor_demo_msgs/serial_motor_demo_msgs/msg/rosidl_typesupport_fastrtps_cpp__visibility_control.h
[2.412s] -- Up-to-date symlink: /home/dbot/robot_ws/install/serial_motor_demo_msgs/include/serial_motor_demo_msgs/serial_motor_demo_msgs/msg/detail/encoder_vals__rosidl_typesupport_introspection_cpp.hpp
[2.413s] -- Up-to-date symlink: /home/dbot/robot_ws/install/serial_motor_demo_msgs/include/serial_motor_demo_msgs/serial_motor_demo_msgs/msg/detail/motor_command__rosidl_typesupport_introspection_cpp.hpp
[2.414s] -- Up-to-date symlink: /home/dbot/robot_ws/install/serial_motor_demo_msgs/include/serial_motor_demo_msgs/serial_motor_demo_msgs/msg/detail/motor_vels__rosidl_typesupport_introspection_cpp.hpp
[2.415s] -- Up-to-date symlink: /home/dbot/robot_ws/install/serial_motor_demo_msgs/share/serial_motor_demo_msgs/environment/pythonpath.sh
[2.416s] -- Up-to-date symlink: /home/dbot/robot_ws/install/serial_motor_demo_msgs/share/serial_motor_demo_msgs/environment/pythonpath.dsv
[2.418s] -- Up-to-date symlink: /home/dbot/robot_ws/install/serial_motor_demo_msgs/local/lib/python3.10/dist-packages/serial_motor_demo_msgs-0.0.0-py3.10.egg-info/PKG-INFO
[2.419s] -- Up-to-date symlink: /home/dbot/robot_ws/install/serial_motor_demo_msgs/local/lib/python3.10/dist-packages/serial_motor_demo_msgs-0.0.0-py3.10.egg-info/SOURCES.txt
[2.420s] -- Up-to-date symlink: /home/dbot/robot_ws/install/serial_motor_demo_msgs/local/lib/python3.10/dist-packages/serial_motor_demo_msgs-0.0.0-py3.10.egg-info/dependency_links.txt
[2.421s] -- Up-to-date symlink: /home/dbot/robot_ws/install/serial_motor_demo_msgs/local/lib/python3.10/dist-packages/serial_motor_demo_msgs-0.0.0-py3.10.egg-info/top_level.txt
[2.427s] -- Up-to-date symlink: /home/dbot/robot_ws/install/serial_motor_demo_msgs/local/lib/python3.10/dist-packages/serial_motor_demo_msgs/__init__.py
[2.428s] -- Up-to-date symlink: /home/dbot/robot_ws/install/serial_motor_demo_msgs/local/lib/python3.10/dist-packages/serial_motor_demo_msgs/_serial_motor_demo_msgs_s.ep.rosidl_typesupport_c.c
[2.429s] -- Up-to-date symlink: /home/dbot/robot_ws/install/serial_motor_demo_msgs/local/lib/python3.10/dist-packages/serial_motor_demo_msgs/_serial_motor_demo_msgs_s.ep.rosidl_typesupport_fastrtps_c.c
[2.430s] -- Up-to-date symlink: /home/dbot/robot_ws/install/serial_motor_demo_msgs/local/lib/python3.10/dist-packages/serial_motor_demo_msgs/_serial_motor_demo_msgs_s.ep.rosidl_typesupport_introspection_c.c
[2.430s] -- Up-to-date symlink: /home/dbot/robot_ws/install/serial_motor_demo_msgs/local/lib/python3.10/dist-packages/serial_motor_demo_msgs/libserial_motor_demo_msgs__rosidl_generator_py.so
[2.431s] -- Up-to-date symlink: /home/dbot/robot_ws/install/serial_motor_demo_msgs/local/lib/python3.10/dist-packages/serial_motor_demo_msgs/msg/__init__.py
[2.432s] -- Up-to-date symlink: /home/dbot/robot_ws/install/serial_motor_demo_msgs/local/lib/python3.10/dist-packages/serial_motor_demo_msgs/msg/_encoder_vals.py
[2.433s] -- Up-to-date symlink: /home/dbot/robot_ws/install/serial_motor_demo_msgs/local/lib/python3.10/dist-packages/serial_motor_demo_msgs/msg/_encoder_vals_s.c
[2.434s] -- Up-to-date symlink: /home/dbot/robot_ws/install/serial_motor_demo_msgs/local/lib/python3.10/dist-packages/serial_motor_demo_msgs/msg/_motor_command.py
[2.435s] -- Up-to-date symlink: /home/dbot/robot_ws/install/serial_motor_demo_msgs/local/lib/python3.10/dist-packages/serial_motor_demo_msgs/msg/_motor_command_s.c
[2.436s] -- Up-to-date symlink: /home/dbot/robot_ws/install/serial_motor_demo_msgs/local/lib/python3.10/dist-packages/serial_motor_demo_msgs/msg/_motor_vels.py
[2.437s] -- Up-to-date symlink: /home/dbot/robot_ws/install/serial_motor_demo_msgs/local/lib/python3.10/dist-packages/serial_motor_demo_msgs/msg/_motor_vels_s.c
[2.438s] -- Up-to-date symlink: /home/dbot/robot_ws/install/serial_motor_demo_msgs/local/lib/python3.10/dist-packages/serial_motor_demo_msgs/serial_motor_demo_msgs_s__rosidl_typesupport_c.cpython-310-aarch64-linux-gnu.so
[2.439s] -- Up-to-date symlink: /home/dbot/robot_ws/install/serial_motor_demo_msgs/local/lib/python3.10/dist-packages/serial_motor_demo_msgs/serial_motor_demo_msgs_s__rosidl_typesupport_fastrtps_c.cpython-310-aarch64-linux-gnu.so
[2.440s] -- Up-to-date symlink: /home/dbot/robot_ws/install/serial_motor_demo_msgs/local/lib/python3.10/dist-packages/serial_motor_demo_msgs/serial_motor_demo_msgs_s__rosidl_typesupport_introspection_c.cpython-310-aarch64-linux-gnu.so
[2.442s] -- Up-to-date symlink: /home/dbot/robot_ws/install/serial_motor_demo_msgs/local/lib/python3.10/dist-packages/serial_motor_demo_msgs/serial_motor_demo_msgs_s__rosidl_typesupport_fastrtps_c.cpython-310-aarch64-linux-gnu.so
[2.443s] -- Up-to-date symlink: /home/dbot/robot_ws/install/serial_motor_demo_msgs/local/lib/python3.10/dist-packages/serial_motor_demo_msgs/serial_motor_demo_msgs_s__rosidl_typesupport_introspection_c.cpython-310-aarch64-linux-gnu.so
[2.445s] -- Up-to-date symlink: /home/dbot/robot_ws/install/serial_motor_demo_msgs/local/lib/python3.10/dist-packages/serial_motor_demo_msgs/serial_motor_demo_msgs_s__rosidl_typesupport_c.cpython-310-aarch64-linux-gnu.so
[2.446s] -- Up-to-date symlink: /home/dbot/robot_ws/install/serial_motor_demo_msgs/share/serial_motor_demo_msgs/msg/MotorCommand.idl
[2.447s] -- Up-to-date symlink: /home/dbot/robot_ws/install/serial_motor_demo_msgs/share/serial_motor_demo_msgs/msg/MotorVels.idl
[2.448s] -- Up-to-date symlink: /home/dbot/robot_ws/install/serial_motor_demo_msgs/share/serial_motor_demo_msgs/msg/EncoderVals.idl
[2.449s] -- Up-to-date symlink: /home/dbot/robot_ws/install/serial_motor_demo_msgs/share/serial_motor_demo_msgs/msg/MotorCommand.msg
[2.450s] -- Up-to-date symlink: /home/dbot/robot_ws/install/serial_motor_demo_msgs/share/serial_motor_demo_msgs/msg/MotorVels.msg
[2.451s] -- Up-to-date symlink: /home/dbot/robot_ws/install/serial_motor_demo_msgs/share/serial_motor_demo_msgs/msg/EncoderVals.msg
[2.452s] -- Up-to-date symlink: /home/dbot/robot_ws/install/serial_motor_demo_msgs/share/ament_index/resource_index/package_run_dependencies/serial_motor_demo_msgs
[2.453s] -- Up-to-date symlink: /home/dbot/robot_ws/install/serial_motor_demo_msgs/share/ament_index/resource_index/parent_prefix_path/serial_motor_demo_msgs
[2.455s] -- Up-to-date symlink: /home/dbot/robot_ws/install/serial_motor_demo_msgs/share/serial_motor_demo_msgs/environment/ament_prefix_path.sh
[2.456s] -- Up-to-date symlink: /home/dbot/robot_ws/install/serial_motor_demo_msgs/share/serial_motor_demo_msgs/environment/ament_prefix_path.dsv
[2.457s] -- Up-to-date symlink: /home/dbot/robot_ws/install/serial_motor_demo_msgs/share/serial_motor_demo_msgs/environment/path.sh
[2.458s] -- Up-to-date symlink: /home/dbot/robot_ws/install/serial_motor_demo_msgs/share/serial_motor_demo_msgs/environment/path.dsv
[2.458s] -- Up-to-date symlink: /home/dbot/robot_ws/install/serial_motor_demo_msgs/share/serial_motor_demo_msgs/local_setup.bash
[2.459s] -- Up-to-date symlink: /home/dbot/robot_ws/install/serial_motor_demo_msgs/share/serial_motor_demo_msgs/local_setup.sh
[2.460s] -- Up-to-date symlink: /home/dbot/robot_ws/install/serial_motor_demo_msgs/share/serial_motor_demo_msgs/local_setup.zsh
[2.461s] -- Up-to-date symlink: /home/dbot/robot_ws/install/serial_motor_demo_msgs/share/serial_motor_demo_msgs/local_setup.dsv
[2.462s] -- Symlinking: /home/dbot/robot_ws/install/serial_motor_demo_msgs/share/serial_motor_demo_msgs/package.dsv
[2.499s] -- Up-to-date symlink: /home/dbot/robot_ws/install/serial_motor_demo_msgs/share/ament_index/resource_index/packages/serial_motor_demo_msgs
[2.500s] -- Up-to-date symlink: /home/dbot/robot_ws/install/serial_motor_demo_msgs/share/serial_motor_demo_msgs/cmake/rosidl_cmake-extras.cmake
[2.501s] -- Up-to-date symlink: /home/dbot/robot_ws/install/serial_motor_demo_msgs/share/serial_motor_demo_msgs/cmake/ament_cmake_export_include_directories-extras.cmake
[2.502s] -- Up-to-date symlink: /home/dbot/robot_ws/install/serial_motor_demo_msgs/share/serial_motor_demo_msgs/cmake/ament_cmake_export_libraries-extras.cmake
[2.504s] -- Up-to-date symlink: /home/dbot/robot_ws/install/serial_motor_demo_msgs/share/serial_motor_demo_msgs/cmake/ament_cmake_export_targets-extras.cmake
[2.505s] -- Up-to-date symlink: /home/dbot/robot_ws/install/serial_motor_demo_msgs/share/serial_motor_demo_msgs/cmake/rosidl_cmake_export_typesupport_targets-extras.cmake
[2.506s] -- Up-to-date symlink: /home/dbot/robot_ws/install/serial_motor_demo_msgs/share/serial_motor_demo_msgs/cmake/ament_cmake_export_dependencies-extras.cmake
[2.507s] -- Up-to-date symlink: /home/dbot/robot_ws/install/serial_motor_demo_msgs/share/serial_motor_demo_msgs/cmake/rosidl_cmake_export_typesupport_libraries-extras.cmake
[2.508s] -- Up-to-date symlink: /home/dbot/robot_ws/install/serial_motor_demo_msgs/share/serial_motor_demo_msgs/cmake/serial_motor_demo_msgsConfig.cmake
[2.509s] -- Up-to-date symlink: /home/dbot/robot_ws/install/serial_motor_demo_msgs/share/serial_motor_demo_msgs/cmake/serial_motor_demo_msgsConfig-version.cmake
[2.510s] -- Up-to-date symlink: /home/dbot/robot_ws/install/serial_motor_demo_msgs/share/serial_motor_demo_msgs/package.xml
[2.512s] -- Up-to-date: /home/dbot/robot_ws/install/serial_motor_demo_msgs/lib/libserial_motor_demo_msgs__rosidl_generator_c.so
[2.515s] -- Up-to-date: /home/dbot/robot_ws/install/serial_motor_demo_msgs/lib/libserial_motor_demo_msgs__rosidl_typesupport_fastrtps_c.so
[2.517s] -- Up-to-date: /home/dbot/robot_ws/install/serial_motor_demo_msgs/lib/libserial_motor_demo_msgs__rosidl_typesupport_introspection_c.so
[2.519s] -- Up-to-date: /home/dbot/robot_ws/install/serial_motor_demo_msgs/lib/libserial_motor_demo_msgs__rosidl_typesupport_c.so
[2.521s] -- Up-to-date: /home/dbot/robot_ws/install/serial_motor_demo_msgs/lib/libserial_motor_demo_msgs__rosidl_typesupport_fastrtps_cpp.so
[2.523s] -- Up-to-date: /home/dbot/robot_ws/install/serial_motor_demo_msgs/lib/libserial_motor_demo_msgs__rosidl_typesupport_introspection_cpp.so
[2.525s] -- Up-to-date: /home/dbot/robot_ws/install/serial_motor_demo_msgs/lib/libserial_motor_demo_msgs__rosidl_typesupport_cpp.so
[2.678s] Listing '/home/dbot/robot_ws/install/serial_motor_demo_msgs/local/lib/python3.10/dist-packages/serial_motor_demo_msgs'...
[2.679s] Listing '/home/dbot/robot_ws/install/serial_motor_demo_msgs/local/lib/python3.10/dist-packages/serial_motor_demo_msgs/msg'...
[2.702s] -- Up-to-date: /home/dbot/robot_ws/install/serial_motor_demo_msgs/lib/libserial_motor_demo_msgs__rosidl_generator_py.so
[2.703s] -- Up-to-date: /home/dbot/robot_ws/install/serial_motor_demo_msgs/share/serial_motor_demo_msgs/cmake/export_serial_motor_demo_msgs__rosidl_generator_cExport.cmake
[2.704s] -- Up-to-date: /home/dbot/robot_ws/install/serial_motor_demo_msgs/share/serial_motor_demo_msgs/cmake/export_serial_motor_demo_msgs__rosidl_generator_cExport-noconfig.cmake
[2.705s] -- Up-to-date: /home/dbot/robot_ws/install/serial_motor_demo_msgs/share/serial_motor_demo_msgs/cmake/export_serial_motor_demo_msgs__rosidl_typesupport_fastrtps_cExport.cmake
[2.705s] -- Up-to-date: /home/dbot/robot_ws/install/serial_motor_demo_msgs/share/serial_motor_demo_msgs/cmake/export_serial_motor_demo_msgs__rosidl_typesupport_fastrtps_cExport-noconfig.cmake
[2.706s] -- Up-to-date: /home/dbot/robot_ws/install/serial_motor_demo_msgs/share/serial_motor_demo_msgs/cmake/serial_motor_demo_msgs__rosidl_typesupport_introspection_cExport.cmake
[2.707s] -- Up-to-date: /home/dbot/robot_ws/install/serial_motor_demo_msgs/share/serial_motor_demo_msgs/cmake/serial_motor_demo_msgs__rosidl_typesupport_introspection_cExport-noconfig.cmake
[2.708s] -- Up-to-date: /home/dbot/robot_ws/install/serial_motor_demo_msgs/share/serial_motor_demo_msgs/cmake/serial_motor_demo_msgs__rosidl_typesupport_cExport.cmake
[2.708s] -- Up-to-date: /home/dbot/robot_ws/install/serial_motor_demo_msgs/share/serial_motor_demo_msgs/cmake/serial_motor_demo_msgs__rosidl_typesupport_cExport-noconfig.cmake
[2.709s] -- Up-to-date: /home/dbot/robot_ws/install/serial_motor_demo_msgs/share/serial_motor_demo_msgs/cmake/export_serial_motor_demo_msgs__rosidl_generator_cppExport.cmake
[2.710s] -- Up-to-date: /home/dbot/robot_ws/install/serial_motor_demo_msgs/share/serial_motor_demo_msgs/cmake/export_serial_motor_demo_msgs__rosidl_typesupport_fastrtps_cppExport.cmake
[2.711s] -- Up-to-date: /home/dbot/robot_ws/install/serial_motor_demo_msgs/share/serial_motor_demo_msgs/cmake/export_serial_motor_demo_msgs__rosidl_typesupport_fastrtps_cppExport-noconfig.cmake
[2.712s] -- Up-to-date: /home/dbot/robot_ws/install/serial_motor_demo_msgs/share/serial_motor_demo_msgs/cmake/serial_motor_demo_msgs__rosidl_typesupport_introspection_cppExport.cmake
[2.712s] -- Up-to-date: /home/dbot/robot_ws/install/serial_motor_demo_msgs/share/serial_motor_demo_msgs/cmake/serial_motor_demo_msgs__rosidl_typesupport_introspection_cppExport-noconfig.cmake
[2.713s] -- Up-to-date: /home/dbot/robot_ws/install/serial_motor_demo_msgs/share/serial_motor_demo_msgs/cmake/serial_motor_demo_msgs__rosidl_typesupport_cppExport.cmake
[2.714s] -- Up-to-date: /home/dbot/robot_ws/install/serial_motor_demo_msgs/share/serial_motor_demo_msgs/cmake/serial_motor_demo_msgs__rosidl_typesupport_cppExport-noconfig.cmake
[2.715s] -- Up-to-date: /home/dbot/robot_ws/install/serial_motor_demo_msgs/share/serial_motor_demo_msgs/cmake/export_serial_motor_demo_msgs__rosidl_generator_pyExport.cmake
[2.715s] -- Up-to-date: /home/dbot/robot_ws/install/serial_motor_demo_msgs/share/serial_motor_demo_msgs/cmake/export_serial_motor_demo_msgs__rosidl_generator_pyExport-noconfig.cmake
[2.724s] Invoked command in '/home/dbot/robot_ws/build/serial_motor_demo_msgs' returned '0': CMAKE_PREFIX_PATH=${CMAKE_PREFIX_PATH}:/home/dbot/robot_ws/install/serial_motor_demo:/opt/ros/humble /usr/bin/cmake --install /home/dbot/robot_ws/build/serial_motor_demo_msgs
