[0.112s] Invoking command in '/home/dbot/robot_ws/build/dbot': CMAKE_PREFIX_PATH=${CMAKE_PREFIX_PATH}:/home/dbot/robot_ws/install/serial_motor_demo:/opt/ros/humble /usr/bin/cmake --build /home/dbot/robot_ws/build/dbot -- -j4 -l4
[0.531s] Invoked command in '/home/dbot/robot_ws/build/dbot' returned '0': CMAKE_PREFIX_PATH=${CMAKE_PREFIX_PATH}:/home/dbot/robot_ws/install/serial_motor_demo:/opt/ros/humble /usr/bin/cmake --build /home/dbot/robot_ws/build/dbot -- -j4 -l4
[0.642s] Invoking command in '/home/dbot/robot_ws/build/dbot': CMAKE_PREFIX_PATH=${CMAKE_PREFIX_PATH}:/home/dbot/robot_ws/install/serial_motor_demo:/opt/ros/humble /usr/bin/cmake --install /home/dbot/robot_ws/build/dbot
[0.705s] -- Install configuration: ""
[0.714s] -- Execute custom install script
[0.730s] -- Up-to-date symlink: /home/dbot/robot_ws/install/dbot/share/dbot/config/ball_tracker_params_robot.yaml
[0.736s] -- Up-to-date symlink: /home/dbot/robot_ws/install/dbot/share/dbot/config/ball_tracker_params_sim.yaml
[0.748s] -- Up-to-date symlink: /home/dbot/robot_ws/install/dbot/share/dbot/config/drive_bot.rviz
[0.759s] -- Up-to-date symlink: /home/dbot/robot_ws/install/dbot/share/dbot/config/empty.yaml
[0.769s] -- Up-to-date symlink: /home/dbot/robot_ws/install/dbot/share/dbot/config/gaz_ros2_ctl_use_sim.yaml
[0.780s] -- Up-to-date symlink: /home/dbot/robot_ws/install/dbot/share/dbot/config/gazebo_params.yaml
[0.787s] -- Up-to-date symlink: /home/dbot/robot_ws/install/dbot/share/dbot/config/joystick.yaml
[0.793s] -- Up-to-date symlink: /home/dbot/robot_ws/install/dbot/share/dbot/config/main.rviz
[0.794s] -- Up-to-date symlink: /home/dbot/robot_ws/install/dbot/share/dbot/config/map.rviz
[0.799s] -- Up-to-date symlink: /home/dbot/robot_ws/install/dbot/share/dbot/config/mapper_params_online_async.yaml
[0.801s] -- Up-to-date symlink: /home/dbot/robot_ws/install/dbot/share/dbot/config/my_controllers.yaml
[0.805s] -- Up-to-date symlink: /home/dbot/robot_ws/install/dbot/share/dbot/config/nav2_params.yaml
[0.805s] -- Up-to-date symlink: /home/dbot/robot_ws/install/dbot/share/dbot/config/twist_mux.yaml
[0.808s] -- Up-to-date symlink: /home/dbot/robot_ws/install/dbot/share/dbot/config/view_bot.rviz
[0.816s] -- Up-to-date symlink: /home/dbot/robot_ws/install/dbot/share/dbot/description/camera.xacro
[0.818s] -- Up-to-date symlink: /home/dbot/robot_ws/install/dbot/share/dbot/description/depth_camera.xacro
[0.825s] -- Up-to-date symlink: /home/dbot/robot_ws/install/dbot/share/dbot/description/face.xacro
[0.830s] -- Up-to-date symlink: /home/dbot/robot_ws/install/dbot/share/dbot/description/gazebo_control.xacro
[0.835s] -- Up-to-date symlink: /home/dbot/robot_ws/install/dbot/share/dbot/description/inertial_macros.xacro
[0.840s] -- Up-to-date symlink: /home/dbot/robot_ws/install/dbot/share/dbot/description/lidar.xacro
[0.844s] -- Up-to-date symlink: /home/dbot/robot_ws/install/dbot/share/dbot/description/robot.urdf.xacro
[0.850s] -- Up-to-date symlink: /home/dbot/robot_ws/install/dbot/share/dbot/description/robot_core.xacro
[0.855s] -- Up-to-date symlink: /home/dbot/robot_ws/install/dbot/share/dbot/description/ros2_control.xacro
[0.866s] -- Up-to-date symlink: /home/dbot/robot_ws/install/dbot/share/dbot/launch/ball_tracker.launch.py
[0.868s] -- Up-to-date symlink: /home/dbot/robot_ws/install/dbot/share/dbot/launch/camera.launch.py
[0.871s] -- Up-to-date symlink: /home/dbot/robot_ws/install/dbot/share/dbot/launch/joystick.launch.py
[0.883s] -- Up-to-date symlink: /home/dbot/robot_ws/install/dbot/share/dbot/launch/launch_robot.launch.py
[0.886s] -- Up-to-date symlink: /home/dbot/robot_ws/install/dbot/share/dbot/launch/launch_sim.launch.py
[0.888s] -- Up-to-date symlink: /home/dbot/robot_ws/install/dbot/share/dbot/launch/localization_launch.py
[0.890s] -- Up-to-date symlink: /home/dbot/robot_ws/install/dbot/share/dbot/launch/navigation_launch.py
[0.892s] -- Up-to-date symlink: /home/dbot/robot_ws/install/dbot/share/dbot/launch/online_async_launch.py
[0.895s] -- Up-to-date symlink: /home/dbot/robot_ws/install/dbot/share/dbot/launch/rplidar.launch.py
[0.897s] -- Up-to-date symlink: /home/dbot/robot_ws/install/dbot/share/dbot/launch/rsp.launch.py
[0.901s] -- Up-to-date symlink: /home/dbot/robot_ws/install/dbot/share/dbot/worlds/empty.world
[0.904s] -- Up-to-date symlink: /home/dbot/robot_ws/install/dbot/share/dbot/worlds/obstacles.world
[0.914s] -- Up-to-date symlink: /home/dbot/robot_ws/install/dbot/share/ament_index/resource_index/package_run_dependencies/dbot
[0.927s] -- Up-to-date symlink: /home/dbot/robot_ws/install/dbot/share/ament_index/resource_index/parent_prefix_path/dbot
[0.933s] -- Up-to-date symlink: /home/dbot/robot_ws/install/dbot/share/dbot/environment/ament_prefix_path.sh
[0.938s] -- Up-to-date symlink: /home/dbot/robot_ws/install/dbot/share/dbot/environment/ament_prefix_path.dsv
[0.945s] -- Up-to-date symlink: /home/dbot/robot_ws/install/dbot/share/dbot/environment/path.sh
[0.964s] -- Up-to-date symlink: /home/dbot/robot_ws/install/dbot/share/dbot/environment/path.dsv
[0.970s] -- Up-to-date symlink: /home/dbot/robot_ws/install/dbot/share/dbot/local_setup.bash
[0.984s] -- Up-to-date symlink: /home/dbot/robot_ws/install/dbot/share/dbot/local_setup.sh
[0.989s] -- Up-to-date symlink: /home/dbot/robot_ws/install/dbot/share/dbot/local_setup.zsh
[0.998s] -- Up-to-date symlink: /home/dbot/robot_ws/install/dbot/share/dbot/local_setup.dsv
[1.004s] -- Symlinking: /home/dbot/robot_ws/install/dbot/share/dbot/package.dsv
[1.128s] -- Up-to-date symlink: /home/dbot/robot_ws/install/dbot/share/ament_index/resource_index/packages/dbot
[1.131s] -- Up-to-date symlink: /home/dbot/robot_ws/install/dbot/share/dbot/cmake/dbotConfig.cmake
[1.134s] -- Up-to-date symlink: /home/dbot/robot_ws/install/dbot/share/dbot/cmake/dbotConfig-version.cmake
[1.137s] -- Up-to-date symlink: /home/dbot/robot_ws/install/dbot/share/dbot/package.xml
[1.156s] Invoked command in '/home/dbot/robot_ws/build/dbot' returned '0': CMAKE_PREFIX_PATH=${CMAKE_PREFIX_PATH}:/home/dbot/robot_ws/install/serial_motor_demo:/opt/ros/humble /usr/bin/cmake --install /home/dbot/robot_ws/build/dbot
