[0.114s] Invoking command in '/home/dbot/robot_ws/build/diffdrive_arduino': CMAKE_PREFIX_PATH=/home/dbot/robot_ws/install/serial:/home/dbot/robot_ws/install/serial_motor_demo_msgs:/home/dbot/robot_ws/install/dbot:/home/dbot/robot_ws/install/serial_motor_demo:/opt/ros/humble /usr/bin/cmake --build /home/dbot/robot_ws/build/diffdrive_arduino -- -j4 -l4
[0.308s] [35m[1mConsolidate compiler generated dependencies of target fake_robot[0m
[0.314s] [35m[1mConsolidate compiler generated dependencies of target diffdrive_arduino[0m
[0.452s] [ 42%] Built target fake_robot
[0.469s] [100%] Built target diffdrive_arduino
[0.514s] Invoked command in '/home/dbot/robot_ws/build/diffdrive_arduino' returned '0': CMAKE_PREFIX_PATH=/home/dbot/robot_ws/install/serial:/home/dbot/robot_ws/install/serial_motor_demo_msgs:/home/dbot/robot_ws/install/dbot:/home/dbot/robot_ws/install/serial_motor_demo:/opt/ros/humble /usr/bin/cmake --build /home/dbot/robot_ws/build/diffdrive_arduino -- -j4 -l4
[0.523s] Invoking command in '/home/dbot/robot_ws/build/diffdrive_arduino': CMAKE_PREFIX_PATH=/home/dbot/robot_ws/install/serial:/home/dbot/robot_ws/install/serial_motor_demo_msgs:/home/dbot/robot_ws/install/dbot:/home/dbot/robot_ws/install/serial_motor_demo:/opt/ros/humble /usr/bin/cmake --install /home/dbot/robot_ws/build/diffdrive_arduino
[0.553s] -- Install configuration: ""
[0.557s] -- Execute custom install script
[0.559s] -- Up-to-date symlink: /home/dbot/robot_ws/install/diffdrive_arduino/share/diffdrive_arduino//robot_hardware.xml
[0.561s] -- Up-to-date symlink: /home/dbot/robot_ws/install/diffdrive_arduino/share/diffdrive_arduino//fake_robot_hardware.xml
[0.563s] -- Up-to-date symlink: /home/dbot/robot_ws/install/diffdrive_arduino/lib/libdiffdrive_arduino.so
[0.565s] -- Up-to-date symlink: /home/dbot/robot_ws/install/diffdrive_arduino/lib/libfake_robot.so
[0.568s] -- Up-to-date symlink: /home/dbot/robot_ws/install/diffdrive_arduino/share/diffdrive_arduino/controllers/robot_controller_example.yaml
[0.570s] -- Up-to-date symlink: /home/dbot/robot_ws/install/diffdrive_arduino/share/diffdrive_arduino/__pycache__/test_robot.launch.cpython-310.pyc
[0.572s] -- Up-to-date symlink: /home/dbot/robot_ws/install/diffdrive_arduino/share/diffdrive_arduino/fake_robot.launch.py
[0.573s] -- Up-to-date symlink: /home/dbot/robot_ws/install/diffdrive_arduino/share/diffdrive_arduino/test_robot.launch.py
[0.575s] -- Up-to-date symlink: /home/dbot/robot_ws/install/diffdrive_arduino/share/diffdrive_arduino/environment/library_path.sh
[0.577s] -- Up-to-date symlink: /home/dbot/robot_ws/install/diffdrive_arduino/share/diffdrive_arduino/environment/library_path.dsv
[0.579s] -- Up-to-date symlink: /home/dbot/robot_ws/install/diffdrive_arduino/share/ament_index/resource_index/package_run_dependencies/diffdrive_arduino
[0.581s] -- Up-to-date symlink: /home/dbot/robot_ws/install/diffdrive_arduino/share/ament_index/resource_index/parent_prefix_path/diffdrive_arduino
[0.583s] -- Up-to-date symlink: /home/dbot/robot_ws/install/diffdrive_arduino/share/diffdrive_arduino/environment/ament_prefix_path.sh
[0.585s] -- Up-to-date symlink: /home/dbot/robot_ws/install/diffdrive_arduino/share/diffdrive_arduino/environment/ament_prefix_path.dsv
[0.587s] -- Up-to-date symlink: /home/dbot/robot_ws/install/diffdrive_arduino/share/diffdrive_arduino/environment/path.sh
[0.589s] -- Up-to-date symlink: /home/dbot/robot_ws/install/diffdrive_arduino/share/diffdrive_arduino/environment/path.dsv
[0.590s] -- Up-to-date symlink: /home/dbot/robot_ws/install/diffdrive_arduino/share/diffdrive_arduino/local_setup.bash
[0.592s] -- Up-to-date symlink: /home/dbot/robot_ws/install/diffdrive_arduino/share/diffdrive_arduino/local_setup.sh
[0.594s] -- Up-to-date symlink: /home/dbot/robot_ws/install/diffdrive_arduino/share/diffdrive_arduino/local_setup.zsh
[0.596s] -- Up-to-date symlink: /home/dbot/robot_ws/install/diffdrive_arduino/share/diffdrive_arduino/local_setup.dsv
[0.597s] -- Symlinking: /home/dbot/robot_ws/install/diffdrive_arduino/share/diffdrive_arduino/package.dsv
[0.633s] -- Up-to-date symlink: /home/dbot/robot_ws/install/diffdrive_arduino/share/ament_index/resource_index/packages/diffdrive_arduino
[0.635s] -- Up-to-date symlink: /home/dbot/robot_ws/install/diffdrive_arduino/share/ament_index/resource_index/hardware_interface__pluginlib__plugin/diffdrive_arduino
[0.637s] -- Up-to-date symlink: /home/dbot/robot_ws/install/diffdrive_arduino/share/diffdrive_arduino/cmake/ament_cmake_export_libraries-extras.cmake
[0.639s] -- Up-to-date symlink: /home/dbot/robot_ws/install/diffdrive_arduino/share/diffdrive_arduino/cmake/ament_cmake_export_dependencies-extras.cmake
[0.641s] -- Up-to-date symlink: /home/dbot/robot_ws/install/diffdrive_arduino/share/diffdrive_arduino/cmake/diffdrive_arduinoConfig.cmake
[0.642s] -- Up-to-date symlink: /home/dbot/robot_ws/install/diffdrive_arduino/share/diffdrive_arduino/cmake/diffdrive_arduinoConfig-version.cmake
[0.644s] -- Up-to-date symlink: /home/dbot/robot_ws/install/diffdrive_arduino/share/diffdrive_arduino/package.xml
[0.653s] Invoked command in '/home/dbot/robot_ws/build/diffdrive_arduino' returned '0': CMAKE_PREFIX_PATH=/home/dbot/robot_ws/install/serial:/home/dbot/robot_ws/install/serial_motor_demo_msgs:/home/dbot/robot_ws/install/dbot:/home/dbot/robot_ws/install/serial_motor_demo:/opt/ros/humble /usr/bin/cmake --install /home/dbot/robot_ws/build/diffdrive_arduino
