[3.466s] Invoking command in '/home/dbot/robot_ws/build/serial_motor_demo': PYTHONPATH=/home/dbot/robot_ws/build/serial_motor_demo/prefix_override:/usr/lib/python3/dist-packages/colcon_core/task/python/colcon_distutils_commands:/home/dbot/robot_ws/install/serial_motor_demo/lib/python3.10/site-packages:${PYTHONPATH} /usr/bin/python3 -W ignore:setup.py install is deprecated -W ignore:easy_install command is deprecated setup.py develop --editable --build-directory /home/dbot/robot_ws/build/serial_motor_demo/build --no-deps symlink_data
[4.669s] /usr/lib/python3/dist-packages/setuptools/dist.py:723: UserWarning: Usage of dash-separated 'script-dir' will not be supported in future versions. Please use the underscore name 'script_dir' instead
[4.669s]   warnings.warn(
[4.789s] running develop
[5.757s] running egg_info
[5.758s] creating serial_motor_demo.egg-info
[5.759s] writing serial_motor_demo.egg-info/PKG-INFO
[5.759s] writing dependency_links to serial_motor_demo.egg-info/dependency_links.txt
[5.760s] writing entry points to serial_motor_demo.egg-info/entry_points.txt
[5.762s] writing requirements to serial_motor_demo.egg-info/requires.txt
[5.763s] writing top-level names to serial_motor_demo.egg-info/top_level.txt
[5.763s] writing manifest file 'serial_motor_demo.egg-info/SOURCES.txt'
[5.770s] reading manifest file 'serial_motor_demo.egg-info/SOURCES.txt'
[5.772s] writing manifest file 'serial_motor_demo.egg-info/SOURCES.txt'
[5.779s] running build_ext
[5.780s] Creating /home/dbot/robot_ws/install/serial_motor_demo/lib/python3.10/site-packages/serial-motor-demo.egg-link (link to .)
[5.783s] Installing driver script to /home/dbot/robot_ws/install/serial_motor_demo/lib/serial_motor_demo
[5.784s] Installing gui script to /home/dbot/robot_ws/install/serial_motor_demo/lib/serial_motor_demo
[5.786s] 
[5.786s] Installed /home/dbot/robot_ws/build/serial_motor_demo
[5.787s] running symlink_data
[5.787s] creating /home/dbot/robot_ws/install/serial_motor_demo/share/ament_index
[5.788s] creating /home/dbot/robot_ws/install/serial_motor_demo/share/ament_index/resource_index
[5.788s] creating /home/dbot/robot_ws/install/serial_motor_demo/share/ament_index/resource_index/packages
[5.789s] symbolically linking /home/dbot/robot_ws/build/serial_motor_demo/resource/serial_motor_demo -> /home/dbot/robot_ws/install/serial_motor_demo/share/ament_index/resource_index/packages
[5.790s] symbolically linking /home/dbot/robot_ws/build/serial_motor_demo/package.xml -> /home/dbot/robot_ws/install/serial_motor_demo/share/serial_motor_demo
[5.941s] Invoked command in '/home/dbot/robot_ws/build/serial_motor_demo' returned '0': PYTHONPATH=/home/dbot/robot_ws/build/serial_motor_demo/prefix_override:/usr/lib/python3/dist-packages/colcon_core/task/python/colcon_distutils_commands:/home/dbot/robot_ws/install/serial_motor_demo/lib/python3.10/site-packages:${PYTHONPATH} /usr/bin/python3 -W ignore:setup.py install is deprecated -W ignore:easy_install command is deprecated setup.py develop --editable --build-directory /home/dbot/robot_ws/build/serial_motor_demo/build --no-deps symlink_data
