[0.116s] Invoking command in '/home/dbot/robot_ws/build/serial': CMAKE_PREFIX_PATH=${CMAKE_PREFIX_PATH}:/home/dbot/robot_ws/install/serial_motor_demo:/opt/ros/humble /usr/bin/cmake --build /home/dbot/robot_ws/build/serial -- -j4 -l4
[0.788s] [ 28%] Built target serial
[0.807s] [ 42%] Built target gtest
[0.840s] [ 57%] Built target gtest_main
[1.010s] [ 71%] Built target serial_example
[1.047s] [ 85%] Built target serial-test-timer
[1.176s] [100%] Built target serial-test
[1.304s] Invoked command in '/home/dbot/robot_ws/build/serial' returned '0': CMAKE_PREFIX_PATH=${CMAKE_PREFIX_PATH}:/home/dbot/robot_ws/install/serial_motor_demo:/opt/ros/humble /usr/bin/cmake --build /home/dbot/robot_ws/build/serial -- -j4 -l4
[1.372s] Invoking command in '/home/dbot/robot_ws/build/serial': CMAKE_PREFIX_PATH=${CMAKE_PREFIX_PATH}:/home/dbot/robot_ws/install/serial_motor_demo:/opt/ros/humble /usr/bin/cmake --install /home/dbot/robot_ws/build/serial
[1.417s] -- Install configuration: ""
[1.421s] -- Execute custom install script
[1.425s] -- Up-to-date symlink: /home/dbot/robot_ws/install/serial/lib/libserial.a
[1.428s] -- Up-to-date symlink: /home/dbot/robot_ws/install/serial/include/serial/serial.h
[1.430s] -- Up-to-date symlink: /home/dbot/robot_ws/install/serial/include/serial/v8stdint.h
[1.433s] -- Up-to-date symlink: /home/dbot/robot_ws/install/serial/share/serial/environment/library_path.sh
[1.436s] -- Up-to-date symlink: /home/dbot/robot_ws/install/serial/share/serial/environment/library_path.dsv
[1.439s] -- Up-to-date symlink: /home/dbot/robot_ws/install/serial/share/ament_index/resource_index/package_run_dependencies/serial
[1.442s] -- Up-to-date symlink: /home/dbot/robot_ws/install/serial/share/ament_index/resource_index/parent_prefix_path/serial
[1.446s] -- Up-to-date symlink: /home/dbot/robot_ws/install/serial/share/serial/environment/ament_prefix_path.sh
[1.451s] -- Up-to-date symlink: /home/dbot/robot_ws/install/serial/share/serial/environment/ament_prefix_path.dsv
[1.455s] -- Up-to-date symlink: /home/dbot/robot_ws/install/serial/share/serial/environment/path.sh
[1.457s] -- Up-to-date symlink: /home/dbot/robot_ws/install/serial/share/serial/environment/path.dsv
[1.460s] -- Up-to-date symlink: /home/dbot/robot_ws/install/serial/share/serial/local_setup.bash
[1.460s] -- Up-to-date symlink: /home/dbot/robot_ws/install/serial/share/serial/local_setup.sh
[1.461s] -- Up-to-date symlink: /home/dbot/robot_ws/install/serial/share/serial/local_setup.zsh
[1.461s] -- Up-to-date symlink: /home/dbot/robot_ws/install/serial/share/serial/local_setup.dsv
[1.462s] -- Symlinking: /home/dbot/robot_ws/install/serial/share/serial/package.dsv
[1.558s] -- Up-to-date symlink: /home/dbot/robot_ws/install/serial/share/ament_index/resource_index/packages/serial
[1.563s] -- Up-to-date symlink: /home/dbot/robot_ws/install/serial/share/serial/cmake/ament_cmake_export_include_directories-extras.cmake
[1.569s] -- Up-to-date symlink: /home/dbot/robot_ws/install/serial/share/serial/cmake/ament_cmake_export_libraries-extras.cmake
[1.574s] -- Up-to-date symlink: /home/dbot/robot_ws/install/serial/share/serial/cmake/serialConfig.cmake
[1.577s] -- Up-to-date symlink: /home/dbot/robot_ws/install/serial/share/serial/cmake/serialConfig-version.cmake
[1.589s] -- Up-to-date symlink: /home/dbot/robot_ws/install/serial/share/serial/package.xml
[1.591s] Invoked command in '/home/dbot/robot_ws/build/serial' returned '0': CMAKE_PREFIX_PATH=${CMAKE_PREFIX_PATH}:/home/dbot/robot_ws/install/serial_motor_demo:/opt/ros/humble /usr/bin/cmake --install /home/dbot/robot_ws/build/serial
