[5.446s] Invoking command in '/home/dbot/robot_ws/build/serial_motor_demo': PYTHONPATH=/home/dbot/robot_ws/build/serial_motor_demo/prefix_override:/usr/lib/python3/dist-packages/colcon_core/task/python/colcon_distutils_commands:/home/dbot/robot_ws/install/serial_motor_demo/lib/python3.10/site-packages:${PYTHONPATH} /usr/bin/python3 -W ignore:setup.py install is deprecated -W ignore:easy_install command is deprecated setup.py develop --editable --build-directory /home/dbot/robot_ws/build/serial_motor_demo/build --no-deps symlink_data
[8.795s] /usr/lib/python3/dist-packages/setuptools/dist.py:723: UserWarning: Usage of dash-separated 'script-dir' will not be supported in future versions. Please use the underscore name 'script_dir' instead
[8.797s]   warnings.warn(
[9.014s] running develop
[10.655s] running egg_info
[10.657s] writing serial_motor_demo.egg-info/PKG-INFO
[10.660s] writing dependency_links to serial_motor_demo.egg-info/dependency_links.txt
[10.661s] writing entry points to serial_motor_demo.egg-info/entry_points.txt
[10.662s] writing requirements to serial_motor_demo.egg-info/requires.txt
[10.662s] writing top-level names to serial_motor_demo.egg-info/top_level.txt
[10.671s] reading manifest file 'serial_motor_demo.egg-info/SOURCES.txt'
[10.675s] writing manifest file 'serial_motor_demo.egg-info/SOURCES.txt'
[10.682s] running build_ext
[10.684s] Creating /home/dbot/robot_ws/install/serial_motor_demo/lib/python3.10/site-packages/serial-motor-demo.egg-link (link to .)
[10.689s] Installing driver script to /home/dbot/robot_ws/install/serial_motor_demo/lib/serial_motor_demo
[10.692s] Installing gui script to /home/dbot/robot_ws/install/serial_motor_demo/lib/serial_motor_demo
[10.693s] 
[10.693s] Installed /home/dbot/robot_ws/build/serial_motor_demo
[10.695s] running symlink_data
[10.869s] Invoked command in '/home/dbot/robot_ws/build/serial_motor_demo' returned '0': PYTHONPATH=/home/dbot/robot_ws/build/serial_motor_demo/prefix_override:/usr/lib/python3/dist-packages/colcon_core/task/python/colcon_distutils_commands:/home/dbot/robot_ws/install/serial_motor_demo/lib/python3.10/site-packages:${PYTHONPATH} /usr/bin/python3 -W ignore:setup.py install is deprecated -W ignore:easy_install command is deprecated setup.py develop --editable --build-directory /home/dbot/robot_ws/build/serial_motor_demo/build --no-deps symlink_data
