[0.100s] Invoking command in '/home/dbot/robot_ws/build/dbot': CMAKE_PREFIX_PATH=${CMAKE_PREFIX_PATH}:/home/dbot/robot_ws/install/serial_motor_demo:/opt/ros/humble /usr/bin/cmake --build /home/dbot/robot_ws/build/dbot -- -j4 -l4
[0.482s] -- Found ament_cmake: 1.3.12 (/opt/ros/humble/share/ament_cmake/cmake)
[1.632s] -- Override CMake install command with custom implementation using symlinks instead of copying resources
[1.782s] -- Found ament_lint_auto: 0.12.14 (/opt/ros/humble/share/ament_lint_auto/cmake)
[2.338s] -- Added test 'copyright' to check source files copyright and LICENSE
[2.438s] -- Added test 'flake8' to check Python code syntax and style conventions
[2.452s] -- Added test 'lint_cmake' to check CMake code style
[2.460s] -- Added test 'pep257' to check Python code against some of the docstring style conventions in PEP 257
[2.515s] -- Added test 'xmllint' to check XML markup files
[2.531s] -- Configuring done
[2.556s] -- Generating done
[2.567s] -- Build files have been written to: /home/dbot/robot_ws/build/dbot
[2.675s] Invoked command in '/home/dbot/robot_ws/build/dbot' returned '0': CMAKE_PREFIX_PATH=${CMAKE_PREFIX_PATH}:/home/dbot/robot_ws/install/serial_motor_demo:/opt/ros/humble /usr/bin/cmake --build /home/dbot/robot_ws/build/dbot -- -j4 -l4
[2.678s] Invoking command in '/home/dbot/robot_ws/build/dbot': CMAKE_PREFIX_PATH=${CMAKE_PREFIX_PATH}:/home/dbot/robot_ws/install/serial_motor_demo:/opt/ros/humble /usr/bin/cmake --install /home/dbot/robot_ws/build/dbot
[2.706s] -- Install configuration: ""
[2.710s] -- Execute custom install script
[2.713s] -- Symlinking: /home/dbot/robot_ws/install/dbot/share/dbot/config/ball_tracker_params_robot.yaml
[2.751s] -- Symlinking: /home/dbot/robot_ws/install/dbot/share/dbot/config/ball_tracker_params_sim.yaml
[2.790s] -- Up-to-date symlink: /home/dbot/robot_ws/install/dbot/share/dbot/config/drive_bot.rviz
[2.791s] -- Up-to-date symlink: /home/dbot/robot_ws/install/dbot/share/dbot/config/empty.yaml
[2.792s] -- Symlinking: /home/dbot/robot_ws/install/dbot/share/dbot/config/gaz_ros2_ctl_use_sim.yaml
[2.831s] -- Up-to-date symlink: /home/dbot/robot_ws/install/dbot/share/dbot/config/gazebo_params.yaml
[2.832s] -- Symlinking: /home/dbot/robot_ws/install/dbot/share/dbot/config/joystick.yaml
[2.871s] -- Up-to-date symlink: /home/dbot/robot_ws/install/dbot/share/dbot/config/main.rviz
[2.872s] -- Symlinking: /home/dbot/robot_ws/install/dbot/share/dbot/config/map.rviz
[2.909s] -- Symlinking: /home/dbot/robot_ws/install/dbot/share/dbot/config/mapper_params_online_async.yaml
[2.947s] -- Up-to-date symlink: /home/dbot/robot_ws/install/dbot/share/dbot/config/my_controllers.yaml
[2.948s] -- Symlinking: /home/dbot/robot_ws/install/dbot/share/dbot/config/nav2_params.yaml
[2.995s] -- Symlinking: /home/dbot/robot_ws/install/dbot/share/dbot/config/twist_mux.yaml
[3.050s] -- Up-to-date symlink: /home/dbot/robot_ws/install/dbot/share/dbot/config/view_bot.rviz
[3.053s] -- Up-to-date symlink: /home/dbot/robot_ws/install/dbot/share/dbot/description/camera.xacro
[3.055s] -- Symlinking: /home/dbot/robot_ws/install/dbot/share/dbot/description/depth_camera.xacro
[3.099s] -- Up-to-date symlink: /home/dbot/robot_ws/install/dbot/share/dbot/description/face.xacro
[3.101s] -- Up-to-date symlink: /home/dbot/robot_ws/install/dbot/share/dbot/description/gazebo_control.xacro
[3.102s] -- Up-to-date symlink: /home/dbot/robot_ws/install/dbot/share/dbot/description/inertial_macros.xacro
[3.103s] -- Up-to-date symlink: /home/dbot/robot_ws/install/dbot/share/dbot/description/lidar.xacro
[3.103s] -- Up-to-date symlink: /home/dbot/robot_ws/install/dbot/share/dbot/description/robot.urdf.xacro
[3.104s] -- Up-to-date symlink: /home/dbot/robot_ws/install/dbot/share/dbot/description/robot_core.xacro
[3.105s] -- Up-to-date symlink: /home/dbot/robot_ws/install/dbot/share/dbot/description/ros2_control.xacro
[3.105s] -- Symlinking: /home/dbot/robot_ws/install/dbot/share/dbot/launch/ball_tracker.launch.py
[3.142s] -- Up-to-date symlink: /home/dbot/robot_ws/install/dbot/share/dbot/launch/camera.launch.py
[3.142s] -- Symlinking: /home/dbot/robot_ws/install/dbot/share/dbot/launch/joystick.launch.py
[3.191s] -- Up-to-date symlink: /home/dbot/robot_ws/install/dbot/share/dbot/launch/launch_robot.launch.py
[3.192s] -- Up-to-date symlink: /home/dbot/robot_ws/install/dbot/share/dbot/launch/launch_sim.launch.py
[3.193s] -- Symlinking: /home/dbot/robot_ws/install/dbot/share/dbot/launch/localization_launch.py
[3.221s] -- Symlinking: /home/dbot/robot_ws/install/dbot/share/dbot/launch/navigation_launch.py
[3.260s] -- Symlinking: /home/dbot/robot_ws/install/dbot/share/dbot/launch/online_async_launch.py
[3.306s] -- Up-to-date symlink: /home/dbot/robot_ws/install/dbot/share/dbot/launch/rplidar.launch.py
[3.318s] -- Up-to-date symlink: /home/dbot/robot_ws/install/dbot/share/dbot/launch/rsp.launch.py
[3.319s] -- Up-to-date symlink: /home/dbot/robot_ws/install/dbot/share/dbot/worlds/empty.world
[3.320s] -- Symlinking: /home/dbot/robot_ws/install/dbot/share/dbot/worlds/obstacles.world
[3.347s] -- Up-to-date symlink: /home/dbot/robot_ws/install/dbot/share/ament_index/resource_index/package_run_dependencies/dbot
[3.351s] -- Up-to-date symlink: /home/dbot/robot_ws/install/dbot/share/ament_index/resource_index/parent_prefix_path/dbot
[3.353s] -- Up-to-date symlink: /home/dbot/robot_ws/install/dbot/share/dbot/environment/ament_prefix_path.sh
[3.354s] -- Up-to-date symlink: /home/dbot/robot_ws/install/dbot/share/dbot/environment/ament_prefix_path.dsv
[3.356s] -- Up-to-date symlink: /home/dbot/robot_ws/install/dbot/share/dbot/environment/path.sh
[3.356s] -- Up-to-date symlink: /home/dbot/robot_ws/install/dbot/share/dbot/environment/path.dsv
[3.359s] -- Up-to-date symlink: /home/dbot/robot_ws/install/dbot/share/dbot/local_setup.bash
[3.360s] -- Up-to-date symlink: /home/dbot/robot_ws/install/dbot/share/dbot/local_setup.sh
[3.360s] -- Up-to-date symlink: /home/dbot/robot_ws/install/dbot/share/dbot/local_setup.zsh
[3.361s] -- Up-to-date symlink: /home/dbot/robot_ws/install/dbot/share/dbot/local_setup.dsv
[3.361s] -- Symlinking: /home/dbot/robot_ws/install/dbot/share/dbot/package.dsv
[3.406s] -- Up-to-date symlink: /home/dbot/robot_ws/install/dbot/share/ament_index/resource_index/packages/dbot
[3.410s] -- Up-to-date symlink: /home/dbot/robot_ws/install/dbot/share/dbot/cmake/dbotConfig.cmake
[3.410s] -- Up-to-date symlink: /home/dbot/robot_ws/install/dbot/share/dbot/cmake/dbotConfig-version.cmake
[3.411s] -- Up-to-date symlink: /home/dbot/robot_ws/install/dbot/share/dbot/package.xml
[3.421s] Invoked command in '/home/dbot/robot_ws/build/dbot' returned '0': CMAKE_PREFIX_PATH=${CMAKE_PREFIX_PATH}:/home/dbot/robot_ws/install/serial_motor_demo:/opt/ros/humble /usr/bin/cmake --install /home/dbot/robot_ws/build/dbot
