[3.402s] Invoking command in '/home/dbot/robot_ws/build/serial_motor_demo': AMENT_PREFIX_PATH=/home/dbot/robot_ws/install/serial_motor_demo_msgs:${AMENT_PREFIX_PATH} CMAKE_PREFIX_PATH=/home/dbot/robot_ws/install/serial_motor_demo_msgs LD_LIBRARY_PATH=/home/dbot/robot_ws/install/serial_motor_demo_msgs/lib:${LD_LIBRARY_PATH} PYTHONPATH=/home/dbot/robot_ws/build/serial_motor_demo/prefix_override:/usr/lib/python3/dist-packages/colcon_core/task/python/colcon_distutils_commands:/home/dbot/robot_ws/install/serial_motor_demo/lib/python3.10/site-packages:/home/dbot/robot_ws/install/serial_motor_demo_msgs/local/lib/python3.10/dist-packages:${PYTHONPATH} /usr/bin/python3 -W ignore:setup.py install is deprecated -W ignore:easy_install command is deprecated setup.py develop --editable --build-directory /home/dbot/robot_ws/build/serial_motor_demo/build --no-deps symlink_data
[4.474s] /usr/lib/python3/dist-packages/setuptools/dist.py:723: UserWarning: Usage of dash-separated 'script-dir' will not be supported in future versions. Please use the underscore name 'script_dir' instead
[4.475s]   warnings.warn(
[4.589s] running develop
[5.416s] running egg_info
[5.417s] writing serial_motor_demo.egg-info/PKG-INFO
[5.418s] writing dependency_links to serial_motor_demo.egg-info/dependency_links.txt
[5.419s] writing entry points to serial_motor_demo.egg-info/entry_points.txt
[5.420s] writing requirements to serial_motor_demo.egg-info/requires.txt
[5.421s] writing top-level names to serial_motor_demo.egg-info/top_level.txt
[5.430s] reading manifest file 'serial_motor_demo.egg-info/SOURCES.txt'
[5.433s] writing manifest file 'serial_motor_demo.egg-info/SOURCES.txt'
[5.439s] running build_ext
[5.440s] Creating /home/dbot/robot_ws/install/serial_motor_demo/lib/python3.10/site-packages/serial-motor-demo.egg-link (link to .)
[5.444s] Installing driver script to /home/dbot/robot_ws/install/serial_motor_demo/lib/serial_motor_demo
[5.444s] Installing gui script to /home/dbot/robot_ws/install/serial_motor_demo/lib/serial_motor_demo
[5.446s] 
[5.446s] Installed /home/dbot/robot_ws/build/serial_motor_demo
[5.446s] running symlink_data
[5.584s] Invoked command in '/home/dbot/robot_ws/build/serial_motor_demo' returned '0': AMENT_PREFIX_PATH=/home/dbot/robot_ws/install/serial_motor_demo_msgs:${AMENT_PREFIX_PATH} CMAKE_PREFIX_PATH=/home/dbot/robot_ws/install/serial_motor_demo_msgs LD_LIBRARY_PATH=/home/dbot/robot_ws/install/serial_motor_demo_msgs/lib:${LD_LIBRARY_PATH} PYTHONPATH=/home/dbot/robot_ws/build/serial_motor_demo/prefix_override:/usr/lib/python3/dist-packages/colcon_core/task/python/colcon_distutils_commands:/home/dbot/robot_ws/install/serial_motor_demo/lib/python3.10/site-packages:/home/dbot/robot_ws/install/serial_motor_demo_msgs/local/lib/python3.10/dist-packages:${PYTHONPATH} /usr/bin/python3 -W ignore:setup.py install is deprecated -W ignore:easy_install command is deprecated setup.py develop --editable --build-directory /home/dbot/robot_ws/build/serial_motor_demo/build --no-deps symlink_data
