[0.085s] Invoking command in '/home/dbot/robot_ws/build/dbot': CMAKE_PREFIX_PATH=${CMAKE_PREFIX_PATH}:/home/dbot/robot_ws/install/serial_motor_demo:/opt/ros/humble /usr/bin/cmake /home/dbot/robot_ws/src/dbot -DAMENT_CMAKE_SYMLINK_INSTALL=1 -DCMAKE_INSTALL_PREFIX=/home/dbot/robot_ws/install/dbot
[0.168s] -- Found ament_cmake: 1.3.12 (/opt/ros/humble/share/ament_cmake/cmake)
[1.169s] -- Override CMake install command with custom implementation using symlinks instead of copying resources
[1.288s] -- Found ament_lint_auto: 0.12.14 (/opt/ros/humble/share/ament_lint_auto/cmake)
[1.806s] -- Added test 'copyright' to check source files copyright and LICENSE
[1.925s] -- Added test 'flake8' to check Python code syntax and style conventions
[1.945s] -- Added test 'lint_cmake' to check CMake code style
[1.950s] -- Added test 'pep257' to check Python code against some of the docstring style conventions in PEP 257
[2.002s] -- Added test 'xmllint' to check XML markup files
[2.034s] -- Configuring done
[2.069s] -- Generating done
[2.077s] -- Build files have been written to: /home/dbot/robot_ws/build/dbot
[2.087s] Invoked command in '/home/dbot/robot_ws/build/dbot' returned '0': CMAKE_PREFIX_PATH=${CMAKE_PREFIX_PATH}:/home/dbot/robot_ws/install/serial_motor_demo:/opt/ros/humble /usr/bin/cmake /home/dbot/robot_ws/src/dbot -DAMENT_CMAKE_SYMLINK_INSTALL=1 -DCMAKE_INSTALL_PREFIX=/home/dbot/robot_ws/install/dbot
[2.097s] Invoking command in '/home/dbot/robot_ws/build/dbot': CMAKE_PREFIX_PATH=${CMAKE_PREFIX_PATH}:/home/dbot/robot_ws/install/serial_motor_demo:/opt/ros/humble /usr/bin/cmake --build /home/dbot/robot_ws/build/dbot -- -j4 -l4
[2.277s] Invoked command in '/home/dbot/robot_ws/build/dbot' returned '0': CMAKE_PREFIX_PATH=${CMAKE_PREFIX_PATH}:/home/dbot/robot_ws/install/serial_motor_demo:/opt/ros/humble /usr/bin/cmake --build /home/dbot/robot_ws/build/dbot -- -j4 -l4
[2.287s] Invoking command in '/home/dbot/robot_ws/build/dbot': CMAKE_PREFIX_PATH=${CMAKE_PREFIX_PATH}:/home/dbot/robot_ws/install/serial_motor_demo:/opt/ros/humble /usr/bin/cmake --install /home/dbot/robot_ws/build/dbot
[2.323s] -- Install configuration: ""
[2.327s] -- Execute custom install script
[2.333s] -- Up-to-date symlink: /home/dbot/robot_ws/install/dbot/share/dbot/config/ball_tracker_params_robot.yaml
[2.337s] -- Up-to-date symlink: /home/dbot/robot_ws/install/dbot/share/dbot/config/ball_tracker_params_sim.yaml
[2.340s] -- Up-to-date symlink: /home/dbot/robot_ws/install/dbot/share/dbot/config/drive_bot.rviz
[2.344s] -- Up-to-date symlink: /home/dbot/robot_ws/install/dbot/share/dbot/config/empty.yaml
[2.347s] -- Up-to-date symlink: /home/dbot/robot_ws/install/dbot/share/dbot/config/gaz_ros2_ctl_use_sim.yaml
[2.352s] -- Up-to-date symlink: /home/dbot/robot_ws/install/dbot/share/dbot/config/gazebo_params.yaml
[2.356s] -- Up-to-date symlink: /home/dbot/robot_ws/install/dbot/share/dbot/config/joystick.yaml
[2.359s] -- Up-to-date symlink: /home/dbot/robot_ws/install/dbot/share/dbot/config/main.rviz
[2.366s] -- Up-to-date symlink: /home/dbot/robot_ws/install/dbot/share/dbot/config/map.rviz
[2.368s] -- Up-to-date symlink: /home/dbot/robot_ws/install/dbot/share/dbot/config/mapper_params_online_async.yaml
[2.371s] -- Up-to-date symlink: /home/dbot/robot_ws/install/dbot/share/dbot/config/my_controllers.yaml
[2.374s] -- Up-to-date symlink: /home/dbot/robot_ws/install/dbot/share/dbot/config/nav2_params.yaml
[2.375s] -- Up-to-date symlink: /home/dbot/robot_ws/install/dbot/share/dbot/config/twist_mux.yaml
[2.375s] -- Up-to-date symlink: /home/dbot/robot_ws/install/dbot/share/dbot/config/view_bot.rviz
[2.375s] -- Up-to-date symlink: /home/dbot/robot_ws/install/dbot/share/dbot/description/camera.xacro
[2.376s] -- Up-to-date symlink: /home/dbot/robot_ws/install/dbot/share/dbot/description/depth_camera.xacro
[2.376s] -- Up-to-date symlink: /home/dbot/robot_ws/install/dbot/share/dbot/description/face.xacro
[2.377s] -- Up-to-date symlink: /home/dbot/robot_ws/install/dbot/share/dbot/description/gazebo_control.xacro
[2.377s] -- Up-to-date symlink: /home/dbot/robot_ws/install/dbot/share/dbot/description/inertial_macros.xacro
[2.378s] -- Up-to-date symlink: /home/dbot/robot_ws/install/dbot/share/dbot/description/lidar.xacro
[2.378s] -- Up-to-date symlink: /home/dbot/robot_ws/install/dbot/share/dbot/description/robot.urdf.xacro
[2.378s] -- Up-to-date symlink: /home/dbot/robot_ws/install/dbot/share/dbot/description/robot_core.xacro
[2.379s] -- Up-to-date symlink: /home/dbot/robot_ws/install/dbot/share/dbot/description/ros2_control.xacro
[2.379s] -- Up-to-date symlink: /home/dbot/robot_ws/install/dbot/share/dbot/launch/ball_tracker.launch.py
[2.380s] -- Up-to-date symlink: /home/dbot/robot_ws/install/dbot/share/dbot/launch/camera.launch.py
[2.380s] -- Up-to-date symlink: /home/dbot/robot_ws/install/dbot/share/dbot/launch/joystick.launch.py
[2.381s] -- Up-to-date symlink: /home/dbot/robot_ws/install/dbot/share/dbot/launch/launch_robot.launch.py
[2.381s] -- Up-to-date symlink: /home/dbot/robot_ws/install/dbot/share/dbot/launch/launch_sim.launch.py
[2.381s] -- Up-to-date symlink: /home/dbot/robot_ws/install/dbot/share/dbot/launch/localization_launch.py
[2.382s] -- Up-to-date symlink: /home/dbot/robot_ws/install/dbot/share/dbot/launch/navigation_launch.py
[2.389s] -- Up-to-date symlink: /home/dbot/robot_ws/install/dbot/share/dbot/launch/online_async_launch.py
[2.398s] -- Up-to-date symlink: /home/dbot/robot_ws/install/dbot/share/dbot/launch/rplidar.launch.py
[2.401s] -- Up-to-date symlink: /home/dbot/robot_ws/install/dbot/share/dbot/launch/rsp.launch.py
[2.401s] -- Up-to-date symlink: /home/dbot/robot_ws/install/dbot/share/dbot/worlds/empty.world
[2.408s] -- Up-to-date symlink: /home/dbot/robot_ws/install/dbot/share/dbot/worlds/obstacles.world
[2.409s] -- Up-to-date symlink: /home/dbot/robot_ws/install/dbot/share/ament_index/resource_index/package_run_dependencies/dbot
[2.411s] -- Up-to-date symlink: /home/dbot/robot_ws/install/dbot/share/ament_index/resource_index/parent_prefix_path/dbot
[2.411s] -- Up-to-date symlink: /home/dbot/robot_ws/install/dbot/share/dbot/environment/ament_prefix_path.sh
[2.412s] -- Up-to-date symlink: /home/dbot/robot_ws/install/dbot/share/dbot/environment/ament_prefix_path.dsv
[2.412s] -- Up-to-date symlink: /home/dbot/robot_ws/install/dbot/share/dbot/environment/path.sh
[2.416s] -- Up-to-date symlink: /home/dbot/robot_ws/install/dbot/share/dbot/environment/path.dsv
[2.417s] -- Up-to-date symlink: /home/dbot/robot_ws/install/dbot/share/dbot/local_setup.bash
[2.422s] -- Up-to-date symlink: /home/dbot/robot_ws/install/dbot/share/dbot/local_setup.sh
[2.422s] -- Up-to-date symlink: /home/dbot/robot_ws/install/dbot/share/dbot/local_setup.zsh
[2.423s] -- Up-to-date symlink: /home/dbot/robot_ws/install/dbot/share/dbot/local_setup.dsv
[2.423s] -- Symlinking: /home/dbot/robot_ws/install/dbot/share/dbot/package.dsv
[2.457s] -- Up-to-date symlink: /home/dbot/robot_ws/install/dbot/share/ament_index/resource_index/packages/dbot
[2.459s] -- Up-to-date symlink: /home/dbot/robot_ws/install/dbot/share/dbot/cmake/dbotConfig.cmake
[2.463s] -- Up-to-date symlink: /home/dbot/robot_ws/install/dbot/share/dbot/cmake/dbotConfig-version.cmake
[2.466s] -- Up-to-date symlink: /home/dbot/robot_ws/install/dbot/share/dbot/package.xml
[2.476s] Invoked command in '/home/dbot/robot_ws/build/dbot' returned '0': CMAKE_PREFIX_PATH=${CMAKE_PREFIX_PATH}:/home/dbot/robot_ws/install/serial_motor_demo:/opt/ros/humble /usr/bin/cmake --install /home/dbot/robot_ws/build/dbot
