[1.442s] DEBUG:colcon:Command line arguments: ['/usr/bin/colcon', 'build', '--packages-select', 'dbot']
[1.443s] DEBUG:colcon:Parsed command line arguments: Namespace(log_base=None, log_level=None, verb_name='build', build_base='build', install_base='install', merge_install=False, symlink_install=False, test_result_base=None, continue_on_error=False, executor='parallel', parallel_workers=4, event_handlers=None, ignore_user_meta=False, metas=['./colcon.meta'], base_paths=['.'], packages_ignore=None, packages_ignore_regex=None, paths=None, packages_up_to=None, packages_up_to_regex=None, packages_above=None, packages_above_and_dependencies=None, packages_above_depth=None, packages_select_by_dep=None, packages_skip_by_dep=None, packages_skip_up_to=None, packages_select_build_failed=False, packages_skip_build_finished=False, packages_select_test_failures=False, packages_skip_test_passed=False, packages_select=['dbot'], packages_skip=None, packages_select_regex=None, packages_skip_regex=None, packages_start=None, packages_end=None, allow_overriding=[], cmake_args=None, cmake_target=None, cmake_target_skip_unavailable=False, cmake_clean_cache=False, cmake_clean_first=False, cmake_force_configure=False, ament_cmake_args=None, catkin_cmake_args=None, catkin_skip_building_tests=False, mixin_files=None, mixin=None, verb_parser=<colcon_mixin.mixin.mixin_argument.MixinArgumentDecorator object at 0xffffa342a560>, verb_extension=<colcon_core.verb.build.BuildVerb object at 0xffffa35c74c0>, main=<bound method BuildVerb.main of <colcon_core.verb.build.BuildVerb object at 0xffffa35c74c0>>, mixin_verb=('build',))
[3.150s] Level 1:colcon.colcon_core.package_discovery:discover_packages(colcon_meta) check parameters
[3.150s] Level 1:colcon.colcon_core.package_discovery:discover_packages(recursive) check parameters
[3.150s] Level 1:colcon.colcon_core.package_discovery:discover_packages(ignore) check parameters
[3.151s] Level 1:colcon.colcon_core.package_discovery:discover_packages(path) check parameters
[3.151s] Level 1:colcon.colcon_core.package_discovery:discover_packages(colcon_meta) discover
[3.151s] Level 1:colcon.colcon_core.package_discovery:discover_packages(recursive) discover
[3.151s] INFO:colcon.colcon_core.package_discovery:Crawling recursively for packages in '/home/dbot/robot_ws'
[3.152s] Level 1:colcon.colcon_core.package_identification:_identify(.) by extensions ['ignore', 'ignore_ament_install']
[3.152s] Level 1:colcon.colcon_core.package_identification:_identify(.) by extension 'ignore'
[3.153s] Level 1:colcon.colcon_core.package_identification:_identify(.) by extension 'ignore_ament_install'
[3.153s] Level 1:colcon.colcon_core.package_identification:_identify(.) by extensions ['colcon_pkg']
[3.153s] Level 1:colcon.colcon_core.package_identification:_identify(.) by extension 'colcon_pkg'
[3.153s] Level 1:colcon.colcon_core.package_identification:_identify(.) by extensions ['colcon_meta']
[3.153s] Level 1:colcon.colcon_core.package_identification:_identify(.) by extension 'colcon_meta'
[3.154s] Level 1:colcon.colcon_core.package_identification:_identify(.) by extensions ['ros']
[3.154s] Level 1:colcon.colcon_core.package_identification:_identify(.) by extension 'ros'
[3.221s] Level 1:colcon.colcon_core.package_identification:_identify(.) by extensions ['cmake', 'python']
[3.221s] Level 1:colcon.colcon_core.package_identification:_identify(.) by extension 'cmake'
[3.221s] Level 1:colcon.colcon_core.package_identification:_identify(.) by extension 'python'
[3.222s] Level 1:colcon.colcon_core.package_identification:_identify(.) by extensions ['python_setup_py']
[3.222s] Level 1:colcon.colcon_core.package_identification:_identify(.) by extension 'python_setup_py'
[3.222s] Level 1:colcon.colcon_core.package_identification:_identify(__pycache__) by extensions ['ignore', 'ignore_ament_install']
[3.223s] Level 1:colcon.colcon_core.package_identification:_identify(__pycache__) by extension 'ignore'
[3.223s] Level 1:colcon.colcon_core.package_identification:_identify(__pycache__) by extension 'ignore_ament_install'
[3.223s] Level 1:colcon.colcon_core.package_identification:_identify(__pycache__) by extensions ['colcon_pkg']
[3.223s] Level 1:colcon.colcon_core.package_identification:_identify(__pycache__) by extension 'colcon_pkg'
[3.223s] Level 1:colcon.colcon_core.package_identification:_identify(__pycache__) by extensions ['colcon_meta']
[3.223s] Level 1:colcon.colcon_core.package_identification:_identify(__pycache__) by extension 'colcon_meta'
[3.224s] Level 1:colcon.colcon_core.package_identification:_identify(__pycache__) by extensions ['ros']
[3.224s] Level 1:colcon.colcon_core.package_identification:_identify(__pycache__) by extension 'ros'
[3.224s] Level 1:colcon.colcon_core.package_identification:_identify(__pycache__) by extensions ['cmake', 'python']
[3.224s] Level 1:colcon.colcon_core.package_identification:_identify(__pycache__) by extension 'cmake'
[3.224s] Level 1:colcon.colcon_core.package_identification:_identify(__pycache__) by extension 'python'
[3.225s] Level 1:colcon.colcon_core.package_identification:_identify(__pycache__) by extensions ['python_setup_py']
[3.225s] Level 1:colcon.colcon_core.package_identification:_identify(__pycache__) by extension 'python_setup_py'
[3.225s] Level 1:colcon.colcon_core.package_identification:_identify(build) by extensions ['ignore', 'ignore_ament_install']
[3.226s] Level 1:colcon.colcon_core.package_identification:_identify(build) by extension 'ignore'
[3.226s] Level 1:colcon.colcon_core.package_identification:_identify(build) ignored
[3.226s] Level 1:colcon.colcon_core.package_identification:_identify(install) by extensions ['ignore', 'ignore_ament_install']
[3.227s] Level 1:colcon.colcon_core.package_identification:_identify(install) by extension 'ignore'
[3.227s] Level 1:colcon.colcon_core.package_identification:_identify(install) ignored
[3.227s] Level 1:colcon.colcon_core.package_identification:_identify(log) by extensions ['ignore', 'ignore_ament_install']
[3.228s] Level 1:colcon.colcon_core.package_identification:_identify(log) by extension 'ignore'
[3.228s] Level 1:colcon.colcon_core.package_identification:_identify(log) ignored
[3.228s] Level 1:colcon.colcon_core.package_identification:_identify(src) by extensions ['ignore', 'ignore_ament_install']
[3.228s] Level 1:colcon.colcon_core.package_identification:_identify(src) by extension 'ignore'
[3.229s] Level 1:colcon.colcon_core.package_identification:_identify(src) by extension 'ignore_ament_install'
[3.229s] Level 1:colcon.colcon_core.package_identification:_identify(src) by extensions ['colcon_pkg']
[3.229s] Level 1:colcon.colcon_core.package_identification:_identify(src) by extension 'colcon_pkg'
[3.229s] Level 1:colcon.colcon_core.package_identification:_identify(src) by extensions ['colcon_meta']
[3.229s] Level 1:colcon.colcon_core.package_identification:_identify(src) by extension 'colcon_meta'
[3.230s] Level 1:colcon.colcon_core.package_identification:_identify(src) by extensions ['ros']
[3.230s] Level 1:colcon.colcon_core.package_identification:_identify(src) by extension 'ros'
[3.230s] Level 1:colcon.colcon_core.package_identification:_identify(src) by extensions ['cmake', 'python']
[3.230s] Level 1:colcon.colcon_core.package_identification:_identify(src) by extension 'cmake'
[3.230s] Level 1:colcon.colcon_core.package_identification:_identify(src) by extension 'python'
[3.231s] Level 1:colcon.colcon_core.package_identification:_identify(src) by extensions ['python_setup_py']
[3.231s] Level 1:colcon.colcon_core.package_identification:_identify(src) by extension 'python_setup_py'
[3.231s] Level 1:colcon.colcon_core.package_identification:_identify(src/dbot) by extensions ['ignore', 'ignore_ament_install']
[3.232s] Level 1:colcon.colcon_core.package_identification:_identify(src/dbot) by extension 'ignore'
[3.232s] Level 1:colcon.colcon_core.package_identification:_identify(src/dbot) by extension 'ignore_ament_install'
[3.232s] Level 1:colcon.colcon_core.package_identification:_identify(src/dbot) by extensions ['colcon_pkg']
[3.232s] Level 1:colcon.colcon_core.package_identification:_identify(src/dbot) by extension 'colcon_pkg'
[3.232s] Level 1:colcon.colcon_core.package_identification:_identify(src/dbot) by extensions ['colcon_meta']
[3.232s] Level 1:colcon.colcon_core.package_identification:_identify(src/dbot) by extension 'colcon_meta'
[3.233s] Level 1:colcon.colcon_core.package_identification:_identify(src/dbot) by extensions ['ros']
[3.233s] Level 1:colcon.colcon_core.package_identification:_identify(src/dbot) by extension 'ros'
[3.247s] DEBUG:colcon.colcon_core.package_identification:Package 'src/dbot' with type 'ros.ament_cmake' and name 'dbot'
[3.248s] Level 1:colcon.colcon_core.package_identification:_identify(src/diffdrive_arduino) by extensions ['ignore', 'ignore_ament_install']
[3.249s] Level 1:colcon.colcon_core.package_identification:_identify(src/diffdrive_arduino) by extension 'ignore'
[3.250s] Level 1:colcon.colcon_core.package_identification:_identify(src/diffdrive_arduino) by extension 'ignore_ament_install'
[3.251s] Level 1:colcon.colcon_core.package_identification:_identify(src/diffdrive_arduino) by extensions ['colcon_pkg']
[3.252s] Level 1:colcon.colcon_core.package_identification:_identify(src/diffdrive_arduino) by extension 'colcon_pkg'
[3.252s] Level 1:colcon.colcon_core.package_identification:_identify(src/diffdrive_arduino) by extensions ['colcon_meta']
[3.253s] Level 1:colcon.colcon_core.package_identification:_identify(src/diffdrive_arduino) by extension 'colcon_meta'
[3.254s] Level 1:colcon.colcon_core.package_identification:_identify(src/diffdrive_arduino) by extensions ['ros']
[3.254s] Level 1:colcon.colcon_core.package_identification:_identify(src/diffdrive_arduino) by extension 'ros'
[3.264s] DEBUG:colcon.colcon_core.package_identification:Package 'src/diffdrive_arduino' with type 'ros.ament_cmake' and name 'diffdrive_arduino'
[3.267s] Level 1:colcon.colcon_core.package_identification:_identify(src/serial) by extensions ['ignore', 'ignore_ament_install']
[3.269s] Level 1:colcon.colcon_core.package_identification:_identify(src/serial) by extension 'ignore'
[3.271s] Level 1:colcon.colcon_core.package_identification:_identify(src/serial) by extension 'ignore_ament_install'
[3.273s] Level 1:colcon.colcon_core.package_identification:_identify(src/serial) by extensions ['colcon_pkg']
[3.274s] Level 1:colcon.colcon_core.package_identification:_identify(src/serial) by extension 'colcon_pkg'
[3.275s] Level 1:colcon.colcon_core.package_identification:_identify(src/serial) by extensions ['colcon_meta']
[3.276s] Level 1:colcon.colcon_core.package_identification:_identify(src/serial) by extension 'colcon_meta'
[3.277s] Level 1:colcon.colcon_core.package_identification:_identify(src/serial) by extensions ['ros']
[3.278s] Level 1:colcon.colcon_core.package_identification:_identify(src/serial) by extension 'ros'
[3.285s] DEBUG:colcon.colcon_core.package_identification:Package 'src/serial' with type 'ros.ament_cmake' and name 'serial'
[3.287s] Level 1:colcon.colcon_core.package_identification:_identify(src/serial_motor_demo) by extensions ['ignore', 'ignore_ament_install']
[3.289s] Level 1:colcon.colcon_core.package_identification:_identify(src/serial_motor_demo) by extension 'ignore'
[3.290s] Level 1:colcon.colcon_core.package_identification:_identify(src/serial_motor_demo) by extension 'ignore_ament_install'
[3.291s] Level 1:colcon.colcon_core.package_identification:_identify(src/serial_motor_demo) by extensions ['colcon_pkg']
[3.292s] Level 1:colcon.colcon_core.package_identification:_identify(src/serial_motor_demo) by extension 'colcon_pkg'
[3.293s] Level 1:colcon.colcon_core.package_identification:_identify(src/serial_motor_demo) by extensions ['colcon_meta']
[3.294s] Level 1:colcon.colcon_core.package_identification:_identify(src/serial_motor_demo) by extension 'colcon_meta'
[3.295s] Level 1:colcon.colcon_core.package_identification:_identify(src/serial_motor_demo) by extensions ['ros']
[3.295s] Level 1:colcon.colcon_core.package_identification:_identify(src/serial_motor_demo) by extension 'ros'
[3.296s] Level 1:colcon.colcon_core.package_identification:_identify(src/serial_motor_demo) by extensions ['cmake', 'python']
[3.296s] Level 1:colcon.colcon_core.package_identification:_identify(src/serial_motor_demo) by extension 'cmake'
[3.297s] Level 1:colcon.colcon_core.package_identification:_identify(src/serial_motor_demo) by extension 'python'
[3.299s] Level 1:colcon.colcon_core.package_identification:_identify(src/serial_motor_demo) by extensions ['python_setup_py']
[3.299s] Level 1:colcon.colcon_core.package_identification:_identify(src/serial_motor_demo) by extension 'python_setup_py'
[3.303s] Level 1:colcon.colcon_core.package_identification:_identify(src/serial_motor_demo/serial_motor_demo) by extensions ['ignore', 'ignore_ament_install']
[3.305s] Level 1:colcon.colcon_core.package_identification:_identify(src/serial_motor_demo/serial_motor_demo) by extension 'ignore'
[3.307s] Level 1:colcon.colcon_core.package_identification:_identify(src/serial_motor_demo/serial_motor_demo) by extension 'ignore_ament_install'
[3.309s] Level 1:colcon.colcon_core.package_identification:_identify(src/serial_motor_demo/serial_motor_demo) by extensions ['colcon_pkg']
[3.310s] Level 1:colcon.colcon_core.package_identification:_identify(src/serial_motor_demo/serial_motor_demo) by extension 'colcon_pkg'
[3.311s] Level 1:colcon.colcon_core.package_identification:_identify(src/serial_motor_demo/serial_motor_demo) by extensions ['colcon_meta']
[3.312s] Level 1:colcon.colcon_core.package_identification:_identify(src/serial_motor_demo/serial_motor_demo) by extension 'colcon_meta'
[3.313s] Level 1:colcon.colcon_core.package_identification:_identify(src/serial_motor_demo/serial_motor_demo) by extensions ['ros']
[3.314s] Level 1:colcon.colcon_core.package_identification:_identify(src/serial_motor_demo/serial_motor_demo) by extension 'ros'
[3.323s] DEBUG:colcon.colcon_core.package_identification:Package 'src/serial_motor_demo/serial_motor_demo' with type 'ros.ament_python' and name 'serial_motor_demo'
[3.326s] Level 1:colcon.colcon_core.package_identification:_identify(src/serial_motor_demo/serial_motor_demo_msgs) by extensions ['ignore', 'ignore_ament_install']
[3.328s] Level 1:colcon.colcon_core.package_identification:_identify(src/serial_motor_demo/serial_motor_demo_msgs) by extension 'ignore'
[3.329s] Level 1:colcon.colcon_core.package_identification:_identify(src/serial_motor_demo/serial_motor_demo_msgs) by extension 'ignore_ament_install'
[3.329s] Level 1:colcon.colcon_core.package_identification:_identify(src/serial_motor_demo/serial_motor_demo_msgs) by extensions ['colcon_pkg']
[3.330s] Level 1:colcon.colcon_core.package_identification:_identify(src/serial_motor_demo/serial_motor_demo_msgs) by extension 'colcon_pkg'
[3.331s] Level 1:colcon.colcon_core.package_identification:_identify(src/serial_motor_demo/serial_motor_demo_msgs) by extensions ['colcon_meta']
[3.332s] Level 1:colcon.colcon_core.package_identification:_identify(src/serial_motor_demo/serial_motor_demo_msgs) by extension 'colcon_meta'
[3.333s] Level 1:colcon.colcon_core.package_identification:_identify(src/serial_motor_demo/serial_motor_demo_msgs) by extensions ['ros']
[3.334s] Level 1:colcon.colcon_core.package_identification:_identify(src/serial_motor_demo/serial_motor_demo_msgs) by extension 'ros'
[3.342s] DEBUG:colcon.colcon_core.package_identification:Package 'src/serial_motor_demo/serial_motor_demo_msgs' with type 'ros.ament_cmake' and name 'serial_motor_demo_msgs'
[3.343s] Level 1:colcon.colcon_core.package_discovery:discover_packages(recursive) using defaults
[3.343s] Level 1:colcon.colcon_core.package_discovery:discover_packages(ignore) discover
[3.343s] Level 1:colcon.colcon_core.package_discovery:discover_packages(ignore) using defaults
[3.343s] Level 1:colcon.colcon_core.package_discovery:discover_packages(path) discover
[3.344s] Level 1:colcon.colcon_core.package_discovery:discover_packages(path) using defaults
[3.657s] INFO:colcon.colcon_core.package_selection:Skipping not selected package 'serial' in 'src/serial'
[3.657s] INFO:colcon.colcon_core.package_selection:Skipping not selected package 'serial_motor_demo_msgs' in 'src/serial_motor_demo/serial_motor_demo_msgs'
[3.657s] INFO:colcon.colcon_core.package_selection:Skipping not selected package 'diffdrive_arduino' in 'src/diffdrive_arduino'
[3.657s] INFO:colcon.colcon_core.package_selection:Skipping not selected package 'serial_motor_demo' in 'src/serial_motor_demo/serial_motor_demo'
[3.660s] Level 1:colcon.colcon_core.package_discovery:discover_packages(prefix_path) check parameters
[3.660s] Level 1:colcon.colcon_core.package_discovery:discover_packages(prefix_path) discover
[3.692s] DEBUG:colcon.colcon_installed_package_information.package_discovery:Found 335 installed packages in /opt/ros/humble
[3.701s] Level 1:colcon.colcon_core.package_discovery:discover_packages(prefix_path) using defaults
[3.903s] Level 5:colcon.colcon_core.verb:set package 'dbot' build argument 'cmake_args' from command line to 'None'
[3.904s] Level 5:colcon.colcon_core.verb:set package 'dbot' build argument 'cmake_target' from command line to 'None'
[3.904s] Level 5:colcon.colcon_core.verb:set package 'dbot' build argument 'cmake_target_skip_unavailable' from command line to 'False'
[3.904s] Level 5:colcon.colcon_core.verb:set package 'dbot' build argument 'cmake_clean_cache' from command line to 'False'
[3.904s] Level 5:colcon.colcon_core.verb:set package 'dbot' build argument 'cmake_clean_first' from command line to 'False'
[3.904s] Level 5:colcon.colcon_core.verb:set package 'dbot' build argument 'cmake_force_configure' from command line to 'False'
[3.904s] Level 5:colcon.colcon_core.verb:set package 'dbot' build argument 'ament_cmake_args' from command line to 'None'
[3.904s] Level 5:colcon.colcon_core.verb:set package 'dbot' build argument 'catkin_cmake_args' from command line to 'None'
[3.904s] Level 5:colcon.colcon_core.verb:set package 'dbot' build argument 'catkin_skip_building_tests' from command line to 'False'
[3.904s] DEBUG:colcon.colcon_core.verb:Building package 'dbot' with the following arguments: {'ament_cmake_args': None, 'build_base': '/home/dbot/robot_ws/build/dbot', 'catkin_cmake_args': None, 'catkin_skip_building_tests': False, 'cmake_args': None, 'cmake_clean_cache': False, 'cmake_clean_first': False, 'cmake_force_configure': False, 'cmake_target': None, 'cmake_target_skip_unavailable': False, 'install_base': '/home/dbot/robot_ws/install/dbot', 'merge_install': False, 'path': '/home/dbot/robot_ws/src/dbot', 'symlink_install': False, 'test_result_base': None}
[3.905s] INFO:colcon.colcon_core.executor:Executing jobs using 'parallel' executor
[3.911s] DEBUG:colcon.colcon_parallel_executor.executor.parallel:run_until_complete
[3.913s] INFO:colcon.colcon_ros.task.ament_cmake.build:Building ROS package in '/home/dbot/robot_ws/src/dbot' with build type 'ament_cmake'
[3.914s] INFO:colcon.colcon_cmake.task.cmake.build:Building CMake package in '/home/dbot/robot_ws/src/dbot'
[3.942s] INFO:colcon.colcon_core.plugin_system:Skipping extension 'colcon_core.shell.bat': Not used on non-Windows systems
[3.944s] INFO:colcon.colcon_core.shell:Skip shell extension 'powershell' for command environment: Not usable outside of PowerShell
[3.944s] DEBUG:colcon.colcon_core.shell:Skip shell extension 'dsv' for command environment
[4.001s] DEBUG:colcon.colcon_core.event_handler.log_command:Invoking command in '/home/dbot/robot_ws/build/dbot': CMAKE_PREFIX_PATH=/opt/ros/humble /usr/bin/cmake /home/dbot/robot_ws/src/dbot -DCMAKE_INSTALL_PREFIX=/home/dbot/robot_ws/install/dbot
[6.185s] DEBUG:colcon.colcon_core.event_handler.log_command:Invoked command in '/home/dbot/robot_ws/build/dbot' returned '0': CMAKE_PREFIX_PATH=/opt/ros/humble /usr/bin/cmake /home/dbot/robot_ws/src/dbot -DCMAKE_INSTALL_PREFIX=/home/dbot/robot_ws/install/dbot
[6.201s] DEBUG:colcon.colcon_core.event_handler.log_command:Invoking command in '/home/dbot/robot_ws/build/dbot': CMAKE_PREFIX_PATH=/opt/ros/humble /usr/bin/cmake --build /home/dbot/robot_ws/build/dbot -- -j4 -l4
[6.496s] DEBUG:colcon.colcon_core.event_handler.log_command:Invoked command in '/home/dbot/robot_ws/build/dbot' returned '0': CMAKE_PREFIX_PATH=/opt/ros/humble /usr/bin/cmake --build /home/dbot/robot_ws/build/dbot -- -j4 -l4
[6.578s] DEBUG:colcon.colcon_core.event_handler.log_command:Invoking command in '/home/dbot/robot_ws/build/dbot': CMAKE_PREFIX_PATH=/opt/ros/humble /usr/bin/cmake --install /home/dbot/robot_ws/build/dbot
[6.902s] Level 1:colcon.colcon_core.environment:create_environment_scripts_only(dbot)
[6.905s] DEBUG:colcon.colcon_core.event_handler.log_command:Invoked command in '/home/dbot/robot_ws/build/dbot' returned '0': CMAKE_PREFIX_PATH=/opt/ros/humble /usr/bin/cmake --install /home/dbot/robot_ws/build/dbot
[6.947s] Level 1:colcon.colcon_core.environment:checking '/home/dbot/robot_ws/install/dbot' for CMake module files
[6.953s] Level 1:colcon.colcon_core.environment:checking '/home/dbot/robot_ws/install/dbot' for CMake config files
[6.959s] Level 1:colcon.colcon_core.shell:create_environment_hook('dbot', 'cmake_prefix_path')
[6.960s] INFO:colcon.colcon_core.shell:Creating environment hook '/home/dbot/robot_ws/install/dbot/share/dbot/hook/cmake_prefix_path.ps1'
[6.964s] INFO:colcon.colcon_core.shell:Creating environment descriptor '/home/dbot/robot_ws/install/dbot/share/dbot/hook/cmake_prefix_path.dsv'
[6.995s] INFO:colcon.colcon_core.shell:Creating environment hook '/home/dbot/robot_ws/install/dbot/share/dbot/hook/cmake_prefix_path.sh'
[7.003s] Level 1:colcon.colcon_core.environment:checking '/home/dbot/robot_ws/install/dbot/bin'
[7.004s] Level 1:colcon.colcon_core.environment:checking '/home/dbot/robot_ws/install/dbot/lib/pkgconfig/dbot.pc'
[7.005s] Level 1:colcon.colcon_core.environment:checking '/home/dbot/robot_ws/install/dbot/lib/python3.10/site-packages'
[7.008s] Level 1:colcon.colcon_core.environment:checking '/home/dbot/robot_ws/install/dbot/bin'
[7.010s] INFO:colcon.colcon_core.shell:Creating package script '/home/dbot/robot_ws/install/dbot/share/dbot/package.ps1'
[7.014s] INFO:colcon.colcon_core.shell:Creating package descriptor '/home/dbot/robot_ws/install/dbot/share/dbot/package.dsv'
[7.019s] INFO:colcon.colcon_core.shell:Creating package script '/home/dbot/robot_ws/install/dbot/share/dbot/package.sh'
[7.023s] INFO:colcon.colcon_core.shell:Creating package script '/home/dbot/robot_ws/install/dbot/share/dbot/package.bash'
[7.030s] INFO:colcon.colcon_core.shell:Creating package script '/home/dbot/robot_ws/install/dbot/share/dbot/package.zsh'
[7.036s] Level 1:colcon.colcon_core.environment:create_file_with_runtime_dependencies(/home/dbot/robot_ws/install/dbot/share/colcon-core/packages/dbot)
[7.042s] Level 1:colcon.colcon_core.environment:create_environment_scripts_only(dbot)
[7.043s] Level 1:colcon.colcon_core.environment:checking '/home/dbot/robot_ws/install/dbot' for CMake module files
[7.046s] Level 1:colcon.colcon_core.environment:checking '/home/dbot/robot_ws/install/dbot' for CMake config files
[7.052s] Level 1:colcon.colcon_core.shell:create_environment_hook('dbot', 'cmake_prefix_path')
[7.053s] INFO:colcon.colcon_core.shell:Creating environment hook '/home/dbot/robot_ws/install/dbot/share/dbot/hook/cmake_prefix_path.ps1'
[7.055s] INFO:colcon.colcon_core.shell:Creating environment descriptor '/home/dbot/robot_ws/install/dbot/share/dbot/hook/cmake_prefix_path.dsv'
[7.057s] INFO:colcon.colcon_core.shell:Creating environment hook '/home/dbot/robot_ws/install/dbot/share/dbot/hook/cmake_prefix_path.sh'
[7.060s] Level 1:colcon.colcon_core.environment:checking '/home/dbot/robot_ws/install/dbot/bin'
[7.060s] Level 1:colcon.colcon_core.environment:checking '/home/dbot/robot_ws/install/dbot/lib/pkgconfig/dbot.pc'
[7.061s] Level 1:colcon.colcon_core.environment:checking '/home/dbot/robot_ws/install/dbot/lib/python3.10/site-packages'
[7.063s] Level 1:colcon.colcon_core.environment:checking '/home/dbot/robot_ws/install/dbot/bin'
[7.064s] INFO:colcon.colcon_core.shell:Creating package script '/home/dbot/robot_ws/install/dbot/share/dbot/package.ps1'
[7.067s] INFO:colcon.colcon_core.shell:Creating package descriptor '/home/dbot/robot_ws/install/dbot/share/dbot/package.dsv'
[7.069s] INFO:colcon.colcon_core.shell:Creating package script '/home/dbot/robot_ws/install/dbot/share/dbot/package.sh'
[7.071s] INFO:colcon.colcon_core.shell:Creating package script '/home/dbot/robot_ws/install/dbot/share/dbot/package.bash'
[7.074s] INFO:colcon.colcon_core.shell:Creating package script '/home/dbot/robot_ws/install/dbot/share/dbot/package.zsh'
[7.076s] Level 1:colcon.colcon_core.environment:create_file_with_runtime_dependencies(/home/dbot/robot_ws/install/dbot/share/colcon-core/packages/dbot)
[7.077s] DEBUG:colcon.colcon_parallel_executor.executor.parallel:closing loop
[7.079s] DEBUG:colcon.colcon_parallel_executor.executor.parallel:loop closed
[7.080s] DEBUG:colcon.colcon_parallel_executor.executor.parallel:run_until_complete finished with '0'
[7.080s] DEBUG:colcon.colcon_core.event_reactor:joining thread
[7.117s] INFO:colcon.colcon_core.plugin_system:Skipping extension 'colcon_notification.desktop_notification.terminal_notifier': Not used on non-Darwin systems
[7.118s] INFO:colcon.colcon_core.plugin_system:Skipping extension 'colcon_notification.desktop_notification.win32': Not used on non-Windows systems
[7.118s] INFO:colcon.colcon_notification.desktop_notification:Sending desktop notification using 'notify2'
[7.236s] DEBUG:colcon.colcon_core.event_reactor:joined thread
[7.240s] INFO:colcon.colcon_core.shell:Creating prefix script '/home/dbot/robot_ws/install/local_setup.ps1'
[7.246s] INFO:colcon.colcon_core.shell:Creating prefix util module '/home/dbot/robot_ws/install/_local_setup_util_ps1.py'
[7.257s] INFO:colcon.colcon_core.shell:Creating prefix chain script '/home/dbot/robot_ws/install/setup.ps1'
[7.267s] INFO:colcon.colcon_core.shell:Creating prefix script '/home/dbot/robot_ws/install/local_setup.sh'
[7.273s] INFO:colcon.colcon_core.shell:Creating prefix util module '/home/dbot/robot_ws/install/_local_setup_util_sh.py'
[7.278s] INFO:colcon.colcon_core.shell:Creating prefix chain script '/home/dbot/robot_ws/install/setup.sh'
[7.286s] INFO:colcon.colcon_core.shell:Creating prefix script '/home/dbot/robot_ws/install/local_setup.bash'
[7.292s] INFO:colcon.colcon_core.shell:Creating prefix chain script '/home/dbot/robot_ws/install/setup.bash'
[7.300s] INFO:colcon.colcon_core.shell:Creating prefix script '/home/dbot/robot_ws/install/local_setup.zsh'
[7.306s] INFO:colcon.colcon_core.shell:Creating prefix chain script '/home/dbot/robot_ws/install/setup.zsh'
