[0.113s] Invoking command in '/home/dbot/robot_ws/build/serial': CMAKE_PREFIX_PATH=${CMAKE_PREFIX_PATH}:/home/dbot/robot_ws/install/serial_motor_demo:/opt/ros/humble /usr/bin/cmake --build /home/dbot/robot_ws/build/serial -- -j4 -l4
[0.788s] [ 14%] Built target gtest_main
[0.859s] [ 42%] Built target serial
[0.878s] [ 57%] Built target gtest
[1.102s] [ 71%] Built target serial_example
[1.123s] [ 85%] Built target serial-test-timer
[1.149s] [100%] Built target serial-test
[1.234s] Invoked command in '/home/dbot/robot_ws/build/serial' returned '0': CMAKE_PREFIX_PATH=${CMAKE_PREFIX_PATH}:/home/dbot/robot_ws/install/serial_motor_demo:/opt/ros/humble /usr/bin/cmake --build /home/dbot/robot_ws/build/serial -- -j4 -l4
[1.248s] Invoking command in '/home/dbot/robot_ws/build/serial': CMAKE_PREFIX_PATH=${CMAKE_PREFIX_PATH}:/home/dbot/robot_ws/install/serial_motor_demo:/opt/ros/humble /usr/bin/cmake --install /home/dbot/robot_ws/build/serial
[1.281s] -- Install configuration: ""
[1.286s] -- Execute custom install script
[1.289s] -- Up-to-date symlink: /home/dbot/robot_ws/install/serial/lib/libserial.a
[1.291s] -- Up-to-date symlink: /home/dbot/robot_ws/install/serial/include/serial/serial.h
[1.293s] -- Up-to-date symlink: /home/dbot/robot_ws/install/serial/include/serial/v8stdint.h
[1.296s] -- Up-to-date symlink: /home/dbot/robot_ws/install/serial/share/serial/environment/library_path.sh
[1.297s] -- Up-to-date symlink: /home/dbot/robot_ws/install/serial/share/serial/environment/library_path.dsv
[1.299s] -- Up-to-date symlink: /home/dbot/robot_ws/install/serial/share/ament_index/resource_index/package_run_dependencies/serial
[1.301s] -- Up-to-date symlink: /home/dbot/robot_ws/install/serial/share/ament_index/resource_index/parent_prefix_path/serial
[1.303s] -- Up-to-date symlink: /home/dbot/robot_ws/install/serial/share/serial/environment/ament_prefix_path.sh
[1.304s] -- Up-to-date symlink: /home/dbot/robot_ws/install/serial/share/serial/environment/ament_prefix_path.dsv
[1.306s] -- Up-to-date symlink: /home/dbot/robot_ws/install/serial/share/serial/environment/path.sh
[1.307s] -- Up-to-date symlink: /home/dbot/robot_ws/install/serial/share/serial/environment/path.dsv
[1.308s] -- Up-to-date symlink: /home/dbot/robot_ws/install/serial/share/serial/local_setup.bash
[1.310s] -- Up-to-date symlink: /home/dbot/robot_ws/install/serial/share/serial/local_setup.sh
[1.312s] -- Up-to-date symlink: /home/dbot/robot_ws/install/serial/share/serial/local_setup.zsh
[1.313s] -- Up-to-date symlink: /home/dbot/robot_ws/install/serial/share/serial/local_setup.dsv
[1.314s] -- Symlinking: /home/dbot/robot_ws/install/serial/share/serial/package.dsv
[1.355s] -- Up-to-date symlink: /home/dbot/robot_ws/install/serial/share/ament_index/resource_index/packages/serial
[1.357s] -- Up-to-date symlink: /home/dbot/robot_ws/install/serial/share/serial/cmake/ament_cmake_export_include_directories-extras.cmake
[1.359s] -- Up-to-date symlink: /home/dbot/robot_ws/install/serial/share/serial/cmake/ament_cmake_export_libraries-extras.cmake
[1.361s] -- Up-to-date symlink: /home/dbot/robot_ws/install/serial/share/serial/cmake/serialConfig.cmake
[1.362s] -- Up-to-date symlink: /home/dbot/robot_ws/install/serial/share/serial/cmake/serialConfig-version.cmake
[1.364s] -- Up-to-date symlink: /home/dbot/robot_ws/install/serial/share/serial/package.xml
[1.377s] Invoked command in '/home/dbot/robot_ws/build/serial' returned '0': CMAKE_PREFIX_PATH=${CMAKE_PREFIX_PATH}:/home/dbot/robot_ws/install/serial_motor_demo:/opt/ros/humble /usr/bin/cmake --install /home/dbot/robot_ws/build/serial
