[0.105s] Invoking command in '/home/dbot/robot_ws/build/serial': CMAKE_PREFIX_PATH=${CMAKE_PREFIX_PATH}:/home/dbot/robot_ws/install/serial_motor_demo:/opt/ros/humble /usr/bin/cmake --build /home/dbot/robot_ws/build/serial -- -j4 -l4
[0.771s] [ 14%] Built target gtest_main
[0.794s] [ 42%] Built target serial
[0.858s] [ 57%] Built target gtest
[1.148s] [ 71%] Built target serial-test-timer
[1.177s] [ 85%] Built target serial_example
[1.287s] [100%] Built target serial-test
[1.360s] Invoked command in '/home/dbot/robot_ws/build/serial' returned '0': CMAKE_PREFIX_PATH=${CMAKE_PREFIX_PATH}:/home/dbot/robot_ws/install/serial_motor_demo:/opt/ros/humble /usr/bin/cmake --build /home/dbot/robot_ws/build/serial -- -j4 -l4
[1.367s] Invoking command in '/home/dbot/robot_ws/build/serial': CMAKE_PREFIX_PATH=${CMAKE_PREFIX_PATH}:/home/dbot/robot_ws/install/serial_motor_demo:/opt/ros/humble /usr/bin/cmake --install /home/dbot/robot_ws/build/serial
[1.410s] -- Install configuration: ""
[1.416s] -- Execute custom install script
[1.422s] -- Up-to-date symlink: /home/dbot/robot_ws/install/serial/lib/libserial.a
[1.426s] -- Up-to-date symlink: /home/dbot/robot_ws/install/serial/include/serial/serial.h
[1.430s] -- Up-to-date symlink: /home/dbot/robot_ws/install/serial/include/serial/v8stdint.h
[1.434s] -- Up-to-date symlink: /home/dbot/robot_ws/install/serial/share/serial/environment/library_path.sh
[1.437s] -- Up-to-date symlink: /home/dbot/robot_ws/install/serial/share/serial/environment/library_path.dsv
[1.439s] -- Up-to-date symlink: /home/dbot/robot_ws/install/serial/share/ament_index/resource_index/package_run_dependencies/serial
[1.442s] -- Up-to-date symlink: /home/dbot/robot_ws/install/serial/share/ament_index/resource_index/parent_prefix_path/serial
[1.445s] -- Up-to-date symlink: /home/dbot/robot_ws/install/serial/share/serial/environment/ament_prefix_path.sh
[1.447s] -- Up-to-date symlink: /home/dbot/robot_ws/install/serial/share/serial/environment/ament_prefix_path.dsv
[1.450s] -- Up-to-date symlink: /home/dbot/robot_ws/install/serial/share/serial/environment/path.sh
[1.452s] -- Up-to-date symlink: /home/dbot/robot_ws/install/serial/share/serial/environment/path.dsv
[1.455s] -- Up-to-date symlink: /home/dbot/robot_ws/install/serial/share/serial/local_setup.bash
[1.457s] -- Up-to-date symlink: /home/dbot/robot_ws/install/serial/share/serial/local_setup.sh
[1.459s] -- Up-to-date symlink: /home/dbot/robot_ws/install/serial/share/serial/local_setup.zsh
[1.463s] -- Up-to-date symlink: /home/dbot/robot_ws/install/serial/share/serial/local_setup.dsv
[1.465s] -- Symlinking: /home/dbot/robot_ws/install/serial/share/serial/package.dsv
[1.504s] -- Up-to-date symlink: /home/dbot/robot_ws/install/serial/share/ament_index/resource_index/packages/serial
[1.507s] -- Up-to-date symlink: /home/dbot/robot_ws/install/serial/share/serial/cmake/ament_cmake_export_include_directories-extras.cmake
[1.510s] -- Up-to-date symlink: /home/dbot/robot_ws/install/serial/share/serial/cmake/ament_cmake_export_libraries-extras.cmake
[1.512s] -- Up-to-date symlink: /home/dbot/robot_ws/install/serial/share/serial/cmake/serialConfig.cmake
[1.514s] -- Up-to-date symlink: /home/dbot/robot_ws/install/serial/share/serial/cmake/serialConfig-version.cmake
[1.517s] -- Up-to-date symlink: /home/dbot/robot_ws/install/serial/share/serial/package.xml
[1.532s] Invoked command in '/home/dbot/robot_ws/build/serial' returned '0': CMAKE_PREFIX_PATH=${CMAKE_PREFIX_PATH}:/home/dbot/robot_ws/install/serial_motor_demo:/opt/ros/humble /usr/bin/cmake --install /home/dbot/robot_ws/build/serial
