[0.476s] DEBUG:colcon:Command line arguments: ['/usr/bin/colcon', 'build', '--symlink-install']
[0.477s] DEBUG:colcon:Parsed command line arguments: Namespace(log_base=None, log_level=None, verb_name='build', build_base='build', install_base='install', merge_install=False, symlink_install=True, test_result_base=None, continue_on_error=False, executor='parallel', parallel_workers=4, event_handlers=None, ignore_user_meta=False, metas=['./colcon.meta'], base_paths=['.'], packages_ignore=None, packages_ignore_regex=None, paths=None, packages_up_to=None, packages_up_to_regex=None, packages_above=None, packages_above_and_dependencies=None, packages_above_depth=None, packages_select_by_dep=None, packages_skip_by_dep=None, packages_skip_up_to=None, packages_select_build_failed=False, packages_skip_build_finished=False, packages_select_test_failures=False, packages_skip_test_passed=False, packages_select=None, packages_skip=None, packages_select_regex=None, packages_skip_regex=None, packages_start=None, packages_end=None, allow_overriding=[], cmake_args=None, cmake_target=None, cmake_target_skip_unavailable=False, cmake_clean_cache=False, cmake_clean_first=False, cmake_force_configure=False, ament_cmake_args=None, catkin_cmake_args=None, catkin_skip_building_tests=False, mixin_files=None, mixin=None, verb_parser=<colcon_mixin.mixin.mixin_argument.MixinArgumentDecorator object at 0xffff8bbb2dd0>, verb_extension=<colcon_core.verb.build.BuildVerb object at 0xffff8bd4bcd0>, main=<bound method BuildVerb.main of <colcon_core.verb.build.BuildVerb object at 0xffff8bd4bcd0>>, mixin_verb=('build',))
[1.321s] Level 1:colcon.colcon_core.package_discovery:discover_packages(colcon_meta) check parameters
[1.321s] Level 1:colcon.colcon_core.package_discovery:discover_packages(recursive) check parameters
[1.322s] Level 1:colcon.colcon_core.package_discovery:discover_packages(ignore) check parameters
[1.322s] Level 1:colcon.colcon_core.package_discovery:discover_packages(path) check parameters
[1.322s] Level 1:colcon.colcon_core.package_discovery:discover_packages(colcon_meta) discover
[1.322s] Level 1:colcon.colcon_core.package_discovery:discover_packages(recursive) discover
[1.322s] INFO:colcon.colcon_core.package_discovery:Crawling recursively for packages in '/home/dbot/robot_ws'
[1.323s] Level 1:colcon.colcon_core.package_identification:_identify(.) by extensions ['ignore', 'ignore_ament_install']
[1.323s] Level 1:colcon.colcon_core.package_identification:_identify(.) by extension 'ignore'
[1.325s] Level 1:colcon.colcon_core.package_identification:_identify(.) by extension 'ignore_ament_install'
[1.326s] Level 1:colcon.colcon_core.package_identification:_identify(.) by extensions ['colcon_pkg']
[1.326s] Level 1:colcon.colcon_core.package_identification:_identify(.) by extension 'colcon_pkg'
[1.326s] Level 1:colcon.colcon_core.package_identification:_identify(.) by extensions ['colcon_meta']
[1.326s] Level 1:colcon.colcon_core.package_identification:_identify(.) by extension 'colcon_meta'
[1.326s] Level 1:colcon.colcon_core.package_identification:_identify(.) by extensions ['ros']
[1.326s] Level 1:colcon.colcon_core.package_identification:_identify(.) by extension 'ros'
[1.372s] Level 1:colcon.colcon_core.package_identification:_identify(.) by extensions ['cmake', 'python']
[1.372s] Level 1:colcon.colcon_core.package_identification:_identify(.) by extension 'cmake'
[1.372s] Level 1:colcon.colcon_core.package_identification:_identify(.) by extension 'python'
[1.373s] Level 1:colcon.colcon_core.package_identification:_identify(.) by extensions ['python_setup_py']
[1.373s] Level 1:colcon.colcon_core.package_identification:_identify(.) by extension 'python_setup_py'
[1.373s] Level 1:colcon.colcon_core.package_identification:_identify(__pycache__) by extensions ['ignore', 'ignore_ament_install']
[1.374s] Level 1:colcon.colcon_core.package_identification:_identify(__pycache__) by extension 'ignore'
[1.374s] Level 1:colcon.colcon_core.package_identification:_identify(__pycache__) by extension 'ignore_ament_install'
[1.374s] Level 1:colcon.colcon_core.package_identification:_identify(__pycache__) by extensions ['colcon_pkg']
[1.374s] Level 1:colcon.colcon_core.package_identification:_identify(__pycache__) by extension 'colcon_pkg'
[1.374s] Level 1:colcon.colcon_core.package_identification:_identify(__pycache__) by extensions ['colcon_meta']
[1.375s] Level 1:colcon.colcon_core.package_identification:_identify(__pycache__) by extension 'colcon_meta'
[1.375s] Level 1:colcon.colcon_core.package_identification:_identify(__pycache__) by extensions ['ros']
[1.375s] Level 1:colcon.colcon_core.package_identification:_identify(__pycache__) by extension 'ros'
[1.375s] Level 1:colcon.colcon_core.package_identification:_identify(__pycache__) by extensions ['cmake', 'python']
[1.375s] Level 1:colcon.colcon_core.package_identification:_identify(__pycache__) by extension 'cmake'
[1.376s] Level 1:colcon.colcon_core.package_identification:_identify(__pycache__) by extension 'python'
[1.376s] Level 1:colcon.colcon_core.package_identification:_identify(__pycache__) by extensions ['python_setup_py']
[1.376s] Level 1:colcon.colcon_core.package_identification:_identify(__pycache__) by extension 'python_setup_py'
[1.376s] Level 1:colcon.colcon_core.package_identification:_identify(build) by extensions ['ignore', 'ignore_ament_install']
[1.377s] Level 1:colcon.colcon_core.package_identification:_identify(build) by extension 'ignore'
[1.377s] Level 1:colcon.colcon_core.package_identification:_identify(build) ignored
[1.378s] Level 1:colcon.colcon_core.package_identification:_identify(install) by extensions ['ignore', 'ignore_ament_install']
[1.378s] Level 1:colcon.colcon_core.package_identification:_identify(install) by extension 'ignore'
[1.378s] Level 1:colcon.colcon_core.package_identification:_identify(install) ignored
[1.379s] Level 1:colcon.colcon_core.package_identification:_identify(log) by extensions ['ignore', 'ignore_ament_install']
[1.379s] Level 1:colcon.colcon_core.package_identification:_identify(log) by extension 'ignore'
[1.380s] Level 1:colcon.colcon_core.package_identification:_identify(log) ignored
[1.380s] Level 1:colcon.colcon_core.package_identification:_identify(src) by extensions ['ignore', 'ignore_ament_install']
[1.380s] Level 1:colcon.colcon_core.package_identification:_identify(src) by extension 'ignore'
[1.381s] Level 1:colcon.colcon_core.package_identification:_identify(src) by extension 'ignore_ament_install'
[1.381s] Level 1:colcon.colcon_core.package_identification:_identify(src) by extensions ['colcon_pkg']
[1.381s] Level 1:colcon.colcon_core.package_identification:_identify(src) by extension 'colcon_pkg'
[1.381s] Level 1:colcon.colcon_core.package_identification:_identify(src) by extensions ['colcon_meta']
[1.381s] Level 1:colcon.colcon_core.package_identification:_identify(src) by extension 'colcon_meta'
[1.382s] Level 1:colcon.colcon_core.package_identification:_identify(src) by extensions ['ros']
[1.382s] Level 1:colcon.colcon_core.package_identification:_identify(src) by extension 'ros'
[1.382s] Level 1:colcon.colcon_core.package_identification:_identify(src) by extensions ['cmake', 'python']
[1.382s] Level 1:colcon.colcon_core.package_identification:_identify(src) by extension 'cmake'
[1.382s] Level 1:colcon.colcon_core.package_identification:_identify(src) by extension 'python'
[1.382s] Level 1:colcon.colcon_core.package_identification:_identify(src) by extensions ['python_setup_py']
[1.383s] Level 1:colcon.colcon_core.package_identification:_identify(src) by extension 'python_setup_py'
[1.383s] Level 1:colcon.colcon_core.package_identification:_identify(src/dbot) by extensions ['ignore', 'ignore_ament_install']
[1.384s] Level 1:colcon.colcon_core.package_identification:_identify(src/dbot) by extension 'ignore'
[1.384s] Level 1:colcon.colcon_core.package_identification:_identify(src/dbot) by extension 'ignore_ament_install'
[1.384s] Level 1:colcon.colcon_core.package_identification:_identify(src/dbot) by extensions ['colcon_pkg']
[1.384s] Level 1:colcon.colcon_core.package_identification:_identify(src/dbot) by extension 'colcon_pkg'
[1.384s] Level 1:colcon.colcon_core.package_identification:_identify(src/dbot) by extensions ['colcon_meta']
[1.385s] Level 1:colcon.colcon_core.package_identification:_identify(src/dbot) by extension 'colcon_meta'
[1.385s] Level 1:colcon.colcon_core.package_identification:_identify(src/dbot) by extensions ['ros']
[1.385s] Level 1:colcon.colcon_core.package_identification:_identify(src/dbot) by extension 'ros'
[1.393s] DEBUG:colcon.colcon_core.package_identification:Package 'src/dbot' with type 'ros.ament_cmake' and name 'dbot'
[1.394s] Level 1:colcon.colcon_core.package_identification:_identify(src/diffdrive_arduino) by extensions ['ignore', 'ignore_ament_install']
[1.394s] Level 1:colcon.colcon_core.package_identification:_identify(src/diffdrive_arduino) by extension 'ignore'
[1.394s] Level 1:colcon.colcon_core.package_identification:_identify(src/diffdrive_arduino) by extension 'ignore_ament_install'
[1.395s] Level 1:colcon.colcon_core.package_identification:_identify(src/diffdrive_arduino) by extensions ['colcon_pkg']
[1.395s] Level 1:colcon.colcon_core.package_identification:_identify(src/diffdrive_arduino) by extension 'colcon_pkg'
[1.395s] Level 1:colcon.colcon_core.package_identification:_identify(src/diffdrive_arduino) by extensions ['colcon_meta']
[1.395s] Level 1:colcon.colcon_core.package_identification:_identify(src/diffdrive_arduino) by extension 'colcon_meta'
[1.395s] Level 1:colcon.colcon_core.package_identification:_identify(src/diffdrive_arduino) by extensions ['ros']
[1.396s] Level 1:colcon.colcon_core.package_identification:_identify(src/diffdrive_arduino) by extension 'ros'
[1.400s] DEBUG:colcon.colcon_core.package_identification:Package 'src/diffdrive_arduino' with type 'ros.ament_cmake' and name 'diffdrive_arduino'
[1.401s] Level 1:colcon.colcon_core.package_identification:_identify(src/serial) by extensions ['ignore', 'ignore_ament_install']
[1.401s] Level 1:colcon.colcon_core.package_identification:_identify(src/serial) by extension 'ignore'
[1.402s] Level 1:colcon.colcon_core.package_identification:_identify(src/serial) by extension 'ignore_ament_install'
[1.402s] Level 1:colcon.colcon_core.package_identification:_identify(src/serial) by extensions ['colcon_pkg']
[1.402s] Level 1:colcon.colcon_core.package_identification:_identify(src/serial) by extension 'colcon_pkg'
[1.402s] Level 1:colcon.colcon_core.package_identification:_identify(src/serial) by extensions ['colcon_meta']
[1.402s] Level 1:colcon.colcon_core.package_identification:_identify(src/serial) by extension 'colcon_meta'
[1.403s] Level 1:colcon.colcon_core.package_identification:_identify(src/serial) by extensions ['ros']
[1.403s] Level 1:colcon.colcon_core.package_identification:_identify(src/serial) by extension 'ros'
[1.405s] DEBUG:colcon.colcon_core.package_identification:Package 'src/serial' with type 'ros.ament_cmake' and name 'serial'
[1.406s] Level 1:colcon.colcon_core.package_identification:_identify(src/serial_motor_demo) by extensions ['ignore', 'ignore_ament_install']
[1.406s] Level 1:colcon.colcon_core.package_identification:_identify(src/serial_motor_demo) by extension 'ignore'
[1.406s] Level 1:colcon.colcon_core.package_identification:_identify(src/serial_motor_demo) by extension 'ignore_ament_install'
[1.407s] Level 1:colcon.colcon_core.package_identification:_identify(src/serial_motor_demo) by extensions ['colcon_pkg']
[1.407s] Level 1:colcon.colcon_core.package_identification:_identify(src/serial_motor_demo) by extension 'colcon_pkg'
[1.407s] Level 1:colcon.colcon_core.package_identification:_identify(src/serial_motor_demo) by extensions ['colcon_meta']
[1.407s] Level 1:colcon.colcon_core.package_identification:_identify(src/serial_motor_demo) by extension 'colcon_meta'
[1.407s] Level 1:colcon.colcon_core.package_identification:_identify(src/serial_motor_demo) by extensions ['ros']
[1.407s] Level 1:colcon.colcon_core.package_identification:_identify(src/serial_motor_demo) by extension 'ros'
[1.408s] Level 1:colcon.colcon_core.package_identification:_identify(src/serial_motor_demo) by extensions ['cmake', 'python']
[1.408s] Level 1:colcon.colcon_core.package_identification:_identify(src/serial_motor_demo) by extension 'cmake'
[1.408s] Level 1:colcon.colcon_core.package_identification:_identify(src/serial_motor_demo) by extension 'python'
[1.408s] Level 1:colcon.colcon_core.package_identification:_identify(src/serial_motor_demo) by extensions ['python_setup_py']
[1.408s] Level 1:colcon.colcon_core.package_identification:_identify(src/serial_motor_demo) by extension 'python_setup_py'
[1.409s] Level 1:colcon.colcon_core.package_identification:_identify(src/serial_motor_demo/serial_motor_demo) by extensions ['ignore', 'ignore_ament_install']
[1.409s] Level 1:colcon.colcon_core.package_identification:_identify(src/serial_motor_demo/serial_motor_demo) by extension 'ignore'
[1.410s] Level 1:colcon.colcon_core.package_identification:_identify(src/serial_motor_demo/serial_motor_demo) by extension 'ignore_ament_install'
[1.410s] Level 1:colcon.colcon_core.package_identification:_identify(src/serial_motor_demo/serial_motor_demo) by extensions ['colcon_pkg']
[1.410s] Level 1:colcon.colcon_core.package_identification:_identify(src/serial_motor_demo/serial_motor_demo) by extension 'colcon_pkg'
[1.410s] Level 1:colcon.colcon_core.package_identification:_identify(src/serial_motor_demo/serial_motor_demo) by extensions ['colcon_meta']
[1.410s] Level 1:colcon.colcon_core.package_identification:_identify(src/serial_motor_demo/serial_motor_demo) by extension 'colcon_meta'
[1.411s] Level 1:colcon.colcon_core.package_identification:_identify(src/serial_motor_demo/serial_motor_demo) by extensions ['ros']
[1.411s] Level 1:colcon.colcon_core.package_identification:_identify(src/serial_motor_demo/serial_motor_demo) by extension 'ros'
[1.413s] DEBUG:colcon.colcon_core.package_identification:Package 'src/serial_motor_demo/serial_motor_demo' with type 'ros.ament_python' and name 'serial_motor_demo'
[1.414s] Level 1:colcon.colcon_core.package_identification:_identify(src/serial_motor_demo/serial_motor_demo_msgs) by extensions ['ignore', 'ignore_ament_install']
[1.414s] Level 1:colcon.colcon_core.package_identification:_identify(src/serial_motor_demo/serial_motor_demo_msgs) by extension 'ignore'
[1.415s] Level 1:colcon.colcon_core.package_identification:_identify(src/serial_motor_demo/serial_motor_demo_msgs) by extension 'ignore_ament_install'
[1.415s] Level 1:colcon.colcon_core.package_identification:_identify(src/serial_motor_demo/serial_motor_demo_msgs) by extensions ['colcon_pkg']
[1.415s] Level 1:colcon.colcon_core.package_identification:_identify(src/serial_motor_demo/serial_motor_demo_msgs) by extension 'colcon_pkg'
[1.415s] Level 1:colcon.colcon_core.package_identification:_identify(src/serial_motor_demo/serial_motor_demo_msgs) by extensions ['colcon_meta']
[1.415s] Level 1:colcon.colcon_core.package_identification:_identify(src/serial_motor_demo/serial_motor_demo_msgs) by extension 'colcon_meta'
[1.416s] Level 1:colcon.colcon_core.package_identification:_identify(src/serial_motor_demo/serial_motor_demo_msgs) by extensions ['ros']
[1.416s] Level 1:colcon.colcon_core.package_identification:_identify(src/serial_motor_demo/serial_motor_demo_msgs) by extension 'ros'
[1.418s] DEBUG:colcon.colcon_core.package_identification:Package 'src/serial_motor_demo/serial_motor_demo_msgs' with type 'ros.ament_cmake' and name 'serial_motor_demo_msgs'
[1.418s] Level 1:colcon.colcon_core.package_discovery:discover_packages(recursive) using defaults
[1.418s] Level 1:colcon.colcon_core.package_discovery:discover_packages(ignore) discover
[1.419s] Level 1:colcon.colcon_core.package_discovery:discover_packages(ignore) using defaults
[1.419s] Level 1:colcon.colcon_core.package_discovery:discover_packages(path) discover
[1.419s] Level 1:colcon.colcon_core.package_discovery:discover_packages(path) using defaults
[1.537s] Level 1:colcon.colcon_core.package_discovery:discover_packages(prefix_path) check parameters
[1.537s] Level 1:colcon.colcon_core.package_discovery:discover_packages(prefix_path) discover
[1.549s] DEBUG:colcon.colcon_installed_package_information.package_discovery:Found 5 installed packages in /home/dbot/robot_ws/install
[1.560s] DEBUG:colcon.colcon_installed_package_information.package_discovery:Found 335 installed packages in /opt/ros/humble
[1.567s] Level 1:colcon.colcon_core.package_discovery:discover_packages(prefix_path) using defaults
[1.767s] Level 5:colcon.colcon_core.verb:set package 'dbot' build argument 'cmake_args' from command line to 'None'
[1.767s] Level 5:colcon.colcon_core.verb:set package 'dbot' build argument 'cmake_target' from command line to 'None'
[1.767s] Level 5:colcon.colcon_core.verb:set package 'dbot' build argument 'cmake_target_skip_unavailable' from command line to 'False'
[1.767s] Level 5:colcon.colcon_core.verb:set package 'dbot' build argument 'cmake_clean_cache' from command line to 'False'
[1.767s] Level 5:colcon.colcon_core.verb:set package 'dbot' build argument 'cmake_clean_first' from command line to 'False'
[1.767s] Level 5:colcon.colcon_core.verb:set package 'dbot' build argument 'cmake_force_configure' from command line to 'False'
[1.768s] Level 5:colcon.colcon_core.verb:set package 'dbot' build argument 'ament_cmake_args' from command line to 'None'
[1.768s] Level 5:colcon.colcon_core.verb:set package 'dbot' build argument 'catkin_cmake_args' from command line to 'None'
[1.768s] Level 5:colcon.colcon_core.verb:set package 'dbot' build argument 'catkin_skip_building_tests' from command line to 'False'
[1.768s] DEBUG:colcon.colcon_core.verb:Building package 'dbot' with the following arguments: {'ament_cmake_args': None, 'build_base': '/home/dbot/robot_ws/build/dbot', 'catkin_cmake_args': None, 'catkin_skip_building_tests': False, 'cmake_args': None, 'cmake_clean_cache': False, 'cmake_clean_first': False, 'cmake_force_configure': False, 'cmake_target': None, 'cmake_target_skip_unavailable': False, 'install_base': '/home/dbot/robot_ws/install/dbot', 'merge_install': False, 'path': '/home/dbot/robot_ws/src/dbot', 'symlink_install': True, 'test_result_base': None}
[1.769s] Level 5:colcon.colcon_core.verb:set package 'serial' build argument 'cmake_args' from command line to 'None'
[1.770s] Level 5:colcon.colcon_core.verb:set package 'serial' build argument 'cmake_target' from command line to 'None'
[1.770s] Level 5:colcon.colcon_core.verb:set package 'serial' build argument 'cmake_target_skip_unavailable' from command line to 'False'
[1.770s] Level 5:colcon.colcon_core.verb:set package 'serial' build argument 'cmake_clean_cache' from command line to 'False'
[1.770s] Level 5:colcon.colcon_core.verb:set package 'serial' build argument 'cmake_clean_first' from command line to 'False'
[1.770s] Level 5:colcon.colcon_core.verb:set package 'serial' build argument 'cmake_force_configure' from command line to 'False'
[1.770s] Level 5:colcon.colcon_core.verb:set package 'serial' build argument 'ament_cmake_args' from command line to 'None'
[1.770s] Level 5:colcon.colcon_core.verb:set package 'serial' build argument 'catkin_cmake_args' from command line to 'None'
[1.770s] Level 5:colcon.colcon_core.verb:set package 'serial' build argument 'catkin_skip_building_tests' from command line to 'False'
[1.771s] DEBUG:colcon.colcon_core.verb:Building package 'serial' with the following arguments: {'ament_cmake_args': None, 'build_base': '/home/dbot/robot_ws/build/serial', 'catkin_cmake_args': None, 'catkin_skip_building_tests': False, 'cmake_args': None, 'cmake_clean_cache': False, 'cmake_clean_first': False, 'cmake_force_configure': False, 'cmake_target': None, 'cmake_target_skip_unavailable': False, 'install_base': '/home/dbot/robot_ws/install/serial', 'merge_install': False, 'path': '/home/dbot/robot_ws/src/serial', 'symlink_install': True, 'test_result_base': None}
[1.772s] Level 5:colcon.colcon_core.verb:set package 'serial_motor_demo_msgs' build argument 'cmake_args' from command line to 'None'
[1.772s] Level 5:colcon.colcon_core.verb:set package 'serial_motor_demo_msgs' build argument 'cmake_target' from command line to 'None'
[1.772s] Level 5:colcon.colcon_core.verb:set package 'serial_motor_demo_msgs' build argument 'cmake_target_skip_unavailable' from command line to 'False'
[1.773s] Level 5:colcon.colcon_core.verb:set package 'serial_motor_demo_msgs' build argument 'cmake_clean_cache' from command line to 'False'
[1.773s] Level 5:colcon.colcon_core.verb:set package 'serial_motor_demo_msgs' build argument 'cmake_clean_first' from command line to 'False'
[1.773s] Level 5:colcon.colcon_core.verb:set package 'serial_motor_demo_msgs' build argument 'cmake_force_configure' from command line to 'False'
[1.773s] Level 5:colcon.colcon_core.verb:set package 'serial_motor_demo_msgs' build argument 'ament_cmake_args' from command line to 'None'
[1.773s] Level 5:colcon.colcon_core.verb:set package 'serial_motor_demo_msgs' build argument 'catkin_cmake_args' from command line to 'None'
[1.773s] Level 5:colcon.colcon_core.verb:set package 'serial_motor_demo_msgs' build argument 'catkin_skip_building_tests' from command line to 'False'
[1.773s] DEBUG:colcon.colcon_core.verb:Building package 'serial_motor_demo_msgs' with the following arguments: {'ament_cmake_args': None, 'build_base': '/home/dbot/robot_ws/build/serial_motor_demo_msgs', 'catkin_cmake_args': None, 'catkin_skip_building_tests': False, 'cmake_args': None, 'cmake_clean_cache': False, 'cmake_clean_first': False, 'cmake_force_configure': False, 'cmake_target': None, 'cmake_target_skip_unavailable': False, 'install_base': '/home/dbot/robot_ws/install/serial_motor_demo_msgs', 'merge_install': False, 'path': '/home/dbot/robot_ws/src/serial_motor_demo/serial_motor_demo_msgs', 'symlink_install': True, 'test_result_base': None}
[1.775s] Level 5:colcon.colcon_core.verb:set package 'diffdrive_arduino' build argument 'cmake_args' from command line to 'None'
[1.775s] Level 5:colcon.colcon_core.verb:set package 'diffdrive_arduino' build argument 'cmake_target' from command line to 'None'
[1.775s] Level 5:colcon.colcon_core.verb:set package 'diffdrive_arduino' build argument 'cmake_target_skip_unavailable' from command line to 'False'
[1.775s] Level 5:colcon.colcon_core.verb:set package 'diffdrive_arduino' build argument 'cmake_clean_cache' from command line to 'False'
[1.775s] Level 5:colcon.colcon_core.verb:set package 'diffdrive_arduino' build argument 'cmake_clean_first' from command line to 'False'
[1.775s] Level 5:colcon.colcon_core.verb:set package 'diffdrive_arduino' build argument 'cmake_force_configure' from command line to 'False'
[1.775s] Level 5:colcon.colcon_core.verb:set package 'diffdrive_arduino' build argument 'ament_cmake_args' from command line to 'None'
[1.775s] Level 5:colcon.colcon_core.verb:set package 'diffdrive_arduino' build argument 'catkin_cmake_args' from command line to 'None'
[1.776s] Level 5:colcon.colcon_core.verb:set package 'diffdrive_arduino' build argument 'catkin_skip_building_tests' from command line to 'False'
[1.776s] DEBUG:colcon.colcon_core.verb:Building package 'diffdrive_arduino' with the following arguments: {'ament_cmake_args': None, 'build_base': '/home/dbot/robot_ws/build/diffdrive_arduino', 'catkin_cmake_args': None, 'catkin_skip_building_tests': False, 'cmake_args': None, 'cmake_clean_cache': False, 'cmake_clean_first': False, 'cmake_force_configure': False, 'cmake_target': None, 'cmake_target_skip_unavailable': False, 'install_base': '/home/dbot/robot_ws/install/diffdrive_arduino', 'merge_install': False, 'path': '/home/dbot/robot_ws/src/diffdrive_arduino', 'symlink_install': True, 'test_result_base': None}
[1.777s] Level 5:colcon.colcon_core.verb:set package 'serial_motor_demo' build argument 'cmake_args' from command line to 'None'
[1.777s] Level 5:colcon.colcon_core.verb:set package 'serial_motor_demo' build argument 'cmake_target' from command line to 'None'
[1.777s] Level 5:colcon.colcon_core.verb:set package 'serial_motor_demo' build argument 'cmake_target_skip_unavailable' from command line to 'False'
[1.778s] Level 5:colcon.colcon_core.verb:set package 'serial_motor_demo' build argument 'cmake_clean_cache' from command line to 'False'
[1.778s] Level 5:colcon.colcon_core.verb:set package 'serial_motor_demo' build argument 'cmake_clean_first' from command line to 'False'
[1.778s] Level 5:colcon.colcon_core.verb:set package 'serial_motor_demo' build argument 'cmake_force_configure' from command line to 'False'
[1.778s] Level 5:colcon.colcon_core.verb:set package 'serial_motor_demo' build argument 'ament_cmake_args' from command line to 'None'
[1.778s] Level 5:colcon.colcon_core.verb:set package 'serial_motor_demo' build argument 'catkin_cmake_args' from command line to 'None'
[1.778s] Level 5:colcon.colcon_core.verb:set package 'serial_motor_demo' build argument 'catkin_skip_building_tests' from command line to 'False'
[1.778s] DEBUG:colcon.colcon_core.verb:Building package 'serial_motor_demo' with the following arguments: {'ament_cmake_args': None, 'build_base': '/home/dbot/robot_ws/build/serial_motor_demo', 'catkin_cmake_args': None, 'catkin_skip_building_tests': False, 'cmake_args': None, 'cmake_clean_cache': False, 'cmake_clean_first': False, 'cmake_force_configure': False, 'cmake_target': None, 'cmake_target_skip_unavailable': False, 'install_base': '/home/dbot/robot_ws/install/serial_motor_demo', 'merge_install': False, 'path': '/home/dbot/robot_ws/src/serial_motor_demo/serial_motor_demo', 'symlink_install': True, 'test_result_base': None}
[1.779s] INFO:colcon.colcon_core.executor:Executing jobs using 'parallel' executor
[1.782s] DEBUG:colcon.colcon_parallel_executor.executor.parallel:run_until_complete
[1.783s] INFO:colcon.colcon_ros.task.ament_cmake.build:Building ROS package in '/home/dbot/robot_ws/src/serial' with build type 'ament_cmake'
[1.783s] INFO:colcon.colcon_cmake.task.cmake.build:Building CMake package in '/home/dbot/robot_ws/src/serial'
[1.793s] INFO:colcon.colcon_core.plugin_system:Skipping extension 'colcon_core.shell.bat': Not used on non-Windows systems
[1.794s] INFO:colcon.colcon_core.shell:Skip shell extension 'powershell' for command environment: Not usable outside of PowerShell
[1.794s] DEBUG:colcon.colcon_core.shell:Skip shell extension 'dsv' for command environment
[1.816s] INFO:colcon.colcon_ros.task.ament_cmake.build:Building ROS package in '/home/dbot/robot_ws/src/serial_motor_demo/serial_motor_demo_msgs' with build type 'ament_cmake'
[1.817s] INFO:colcon.colcon_cmake.task.cmake.build:Building CMake package in '/home/dbot/robot_ws/src/serial_motor_demo/serial_motor_demo_msgs'
[1.818s] INFO:colcon.colcon_core.shell:Skip shell extension 'powershell' for command environment: Not usable outside of PowerShell
[1.819s] DEBUG:colcon.colcon_core.shell:Skip shell extension 'dsv' for command environment
[1.841s] INFO:colcon.colcon_ros.task.ament_cmake.build:Building ROS package in '/home/dbot/robot_ws/src/dbot' with build type 'ament_cmake'
[1.841s] INFO:colcon.colcon_cmake.task.cmake.build:Building CMake package in '/home/dbot/robot_ws/src/dbot'
[1.842s] INFO:colcon.colcon_core.shell:Skip shell extension 'powershell' for command environment: Not usable outside of PowerShell
[1.843s] DEBUG:colcon.colcon_core.shell:Skip shell extension 'dsv' for command environment
[1.883s] DEBUG:colcon.colcon_core.event_handler.log_command:Invoking command in '/home/dbot/robot_ws/build/serial': CMAKE_PREFIX_PATH=${CMAKE_PREFIX_PATH}:/home/dbot/robot_ws/install/serial_motor_demo:/opt/ros/humble /usr/bin/cmake --build /home/dbot/robot_ws/build/serial -- -j4 -l4
[1.909s] DEBUG:colcon.colcon_core.event_handler.log_command:Invoking command in '/home/dbot/robot_ws/build/serial_motor_demo_msgs': CMAKE_PREFIX_PATH=${CMAKE_PREFIX_PATH}:/home/dbot/robot_ws/install/serial_motor_demo:/opt/ros/humble /usr/bin/cmake --build /home/dbot/robot_ws/build/serial_motor_demo_msgs -- -j4 -l4
[1.931s] DEBUG:colcon.colcon_core.event_handler.log_command:Invoking command in '/home/dbot/robot_ws/build/dbot': CMAKE_PREFIX_PATH=${CMAKE_PREFIX_PATH}:/home/dbot/robot_ws/install/serial_motor_demo:/opt/ros/humble /usr/bin/cmake /home/dbot/robot_ws/src/dbot -DAMENT_CMAKE_SYMLINK_INSTALL=1 -DCMAKE_INSTALL_PREFIX=/home/dbot/robot_ws/install/dbot
[2.658s] DEBUG:colcon.colcon_core.event_handler.log_command:Invoked command in '/home/dbot/robot_ws/build/serial' returned '0': CMAKE_PREFIX_PATH=${CMAKE_PREFIX_PATH}:/home/dbot/robot_ws/install/serial_motor_demo:/opt/ros/humble /usr/bin/cmake --build /home/dbot/robot_ws/build/serial -- -j4 -l4
[2.717s] DEBUG:colcon.colcon_core.event_handler.log_command:Invoking command in '/home/dbot/robot_ws/build/serial': CMAKE_PREFIX_PATH=${CMAKE_PREFIX_PATH}:/home/dbot/robot_ws/install/serial_motor_demo:/opt/ros/humble /usr/bin/cmake --install /home/dbot/robot_ws/build/serial
[2.933s] Level 1:colcon.colcon_core.environment:create_environment_scripts_only(serial)
[2.938s] DEBUG:colcon.colcon_core.event_handler.log_command:Invoked command in '/home/dbot/robot_ws/build/serial' returned '0': CMAKE_PREFIX_PATH=${CMAKE_PREFIX_PATH}:/home/dbot/robot_ws/install/serial_motor_demo:/opt/ros/humble /usr/bin/cmake --install /home/dbot/robot_ws/build/serial
[2.960s] Level 1:colcon.colcon_core.environment:checking '/home/dbot/robot_ws/install/serial' for CMake module files
[2.967s] Level 1:colcon.colcon_core.environment:checking '/home/dbot/robot_ws/install/serial' for CMake config files
[2.972s] Level 1:colcon.colcon_core.shell:create_environment_hook('serial', 'cmake_prefix_path')
[2.974s] INFO:colcon.colcon_core.shell:Creating environment hook '/home/dbot/robot_ws/install/serial/share/serial/hook/cmake_prefix_path.ps1'
[2.982s] INFO:colcon.colcon_core.shell:Creating environment descriptor '/home/dbot/robot_ws/install/serial/share/serial/hook/cmake_prefix_path.dsv'
[2.990s] INFO:colcon.colcon_core.shell:Creating environment hook '/home/dbot/robot_ws/install/serial/share/serial/hook/cmake_prefix_path.sh'
[3.000s] Level 1:colcon.colcon_core.environment:checking '/home/dbot/robot_ws/install/serial/lib'
[3.001s] Level 1:colcon.colcon_core.environment:checking '/home/dbot/robot_ws/install/serial/bin'
[3.001s] Level 1:colcon.colcon_core.environment:checking '/home/dbot/robot_ws/install/serial/lib/pkgconfig/serial.pc'
[3.003s] Level 1:colcon.colcon_core.environment:checking '/home/dbot/robot_ws/install/serial/lib/python3.10/site-packages'
[3.005s] Level 1:colcon.colcon_core.environment:checking '/home/dbot/robot_ws/install/serial/bin'
[3.006s] INFO:colcon.colcon_core.shell:Creating package script '/home/dbot/robot_ws/install/serial/share/serial/package.ps1'
[3.012s] INFO:colcon.colcon_core.shell:Creating package descriptor '/home/dbot/robot_ws/install/serial/share/serial/package.dsv'
[3.016s] INFO:colcon.colcon_core.shell:Creating package script '/home/dbot/robot_ws/install/serial/share/serial/package.sh'
[3.021s] INFO:colcon.colcon_core.shell:Creating package script '/home/dbot/robot_ws/install/serial/share/serial/package.bash'
[3.025s] INFO:colcon.colcon_core.shell:Creating package script '/home/dbot/robot_ws/install/serial/share/serial/package.zsh'
[3.029s] Level 1:colcon.colcon_core.environment:create_file_with_runtime_dependencies(/home/dbot/robot_ws/install/serial/share/colcon-core/packages/serial)
[3.033s] Level 1:colcon.colcon_core.environment:create_environment_scripts_only(serial)
[3.034s] Level 1:colcon.colcon_core.environment:checking '/home/dbot/robot_ws/install/serial' for CMake module files
[3.037s] Level 1:colcon.colcon_core.environment:checking '/home/dbot/robot_ws/install/serial' for CMake config files
[3.040s] Level 1:colcon.colcon_core.shell:create_environment_hook('serial', 'cmake_prefix_path')
[3.042s] INFO:colcon.colcon_core.shell:Creating environment hook '/home/dbot/robot_ws/install/serial/share/serial/hook/cmake_prefix_path.ps1'
[3.046s] INFO:colcon.colcon_core.shell:Creating environment descriptor '/home/dbot/robot_ws/install/serial/share/serial/hook/cmake_prefix_path.dsv'
[3.049s] INFO:colcon.colcon_core.shell:Creating environment hook '/home/dbot/robot_ws/install/serial/share/serial/hook/cmake_prefix_path.sh'
[3.054s] Level 1:colcon.colcon_core.environment:checking '/home/dbot/robot_ws/install/serial/lib'
[3.055s] Level 1:colcon.colcon_core.environment:checking '/home/dbot/robot_ws/install/serial/bin'
[3.056s] Level 1:colcon.colcon_core.environment:checking '/home/dbot/robot_ws/install/serial/lib/pkgconfig/serial.pc'
[3.058s] Level 1:colcon.colcon_core.environment:checking '/home/dbot/robot_ws/install/serial/lib/python3.10/site-packages'
[3.060s] Level 1:colcon.colcon_core.environment:checking '/home/dbot/robot_ws/install/serial/bin'
[3.062s] INFO:colcon.colcon_core.shell:Creating package script '/home/dbot/robot_ws/install/serial/share/serial/package.ps1'
[3.068s] INFO:colcon.colcon_core.shell:Creating package descriptor '/home/dbot/robot_ws/install/serial/share/serial/package.dsv'
[3.073s] INFO:colcon.colcon_core.shell:Creating package script '/home/dbot/robot_ws/install/serial/share/serial/package.sh'
[3.077s] INFO:colcon.colcon_core.shell:Creating package script '/home/dbot/robot_ws/install/serial/share/serial/package.bash'
[3.081s] INFO:colcon.colcon_core.shell:Creating package script '/home/dbot/robot_ws/install/serial/share/serial/package.zsh'
[3.085s] Level 1:colcon.colcon_core.environment:create_file_with_runtime_dependencies(/home/dbot/robot_ws/install/serial/share/colcon-core/packages/serial)
[3.087s] INFO:colcon.colcon_ros.task.ament_cmake.build:Building ROS package in '/home/dbot/robot_ws/src/diffdrive_arduino' with build type 'ament_cmake'
[3.089s] INFO:colcon.colcon_cmake.task.cmake.build:Building CMake package in '/home/dbot/robot_ws/src/diffdrive_arduino'
[3.091s] INFO:colcon.colcon_core.shell:Skip shell extension 'powershell' for command environment: Not usable outside of PowerShell
[3.093s] DEBUG:colcon.colcon_core.shell:Skip shell extension 'dsv' for command environment
[3.173s] DEBUG:colcon.colcon_core.event_handler.log_command:Invoking command in '/home/dbot/robot_ws/build/diffdrive_arduino': CMAKE_PREFIX_PATH=/home/dbot/robot_ws/install/serial:/home/dbot/robot_ws/install/serial_motor_demo_msgs:/home/dbot/robot_ws/install/diffdrive_arduino:/home/dbot/robot_ws/install/dbot:/home/dbot/robot_ws/install/serial_motor_demo:/opt/ros/humble /usr/bin/cmake --build /home/dbot/robot_ws/build/diffdrive_arduino -- -j4 -l4
[3.930s] DEBUG:colcon.colcon_core.event_handler.log_command:Invoked command in '/home/dbot/robot_ws/build/dbot' returned '0': CMAKE_PREFIX_PATH=${CMAKE_PREFIX_PATH}:/home/dbot/robot_ws/install/serial_motor_demo:/opt/ros/humble /usr/bin/cmake /home/dbot/robot_ws/src/dbot -DAMENT_CMAKE_SYMLINK_INSTALL=1 -DCMAKE_INSTALL_PREFIX=/home/dbot/robot_ws/install/dbot
[3.940s] DEBUG:colcon.colcon_core.event_handler.log_command:Invoking command in '/home/dbot/robot_ws/build/dbot': CMAKE_PREFIX_PATH=${CMAKE_PREFIX_PATH}:/home/dbot/robot_ws/install/serial_motor_demo:/opt/ros/humble /usr/bin/cmake --build /home/dbot/robot_ws/build/dbot -- -j4 -l4
[4.119s] DEBUG:colcon.colcon_core.event_handler.log_command:Invoked command in '/home/dbot/robot_ws/build/dbot' returned '0': CMAKE_PREFIX_PATH=${CMAKE_PREFIX_PATH}:/home/dbot/robot_ws/install/serial_motor_demo:/opt/ros/humble /usr/bin/cmake --build /home/dbot/robot_ws/build/dbot -- -j4 -l4
[4.129s] DEBUG:colcon.colcon_core.event_handler.log_command:Invoking command in '/home/dbot/robot_ws/build/dbot': CMAKE_PREFIX_PATH=${CMAKE_PREFIX_PATH}:/home/dbot/robot_ws/install/serial_motor_demo:/opt/ros/humble /usr/bin/cmake --install /home/dbot/robot_ws/build/dbot
[4.315s] Level 1:colcon.colcon_core.environment:create_environment_scripts_only(dbot)
[4.319s] Level 1:colcon.colcon_core.environment:checking '/home/dbot/robot_ws/install/dbot' for CMake module files
[4.323s] Level 1:colcon.colcon_core.environment:checking '/home/dbot/robot_ws/install/dbot' for CMake config files
[4.318s] DEBUG:colcon.colcon_core.event_handler.log_command:Invoked command in '/home/dbot/robot_ws/build/dbot' returned '0': CMAKE_PREFIX_PATH=${CMAKE_PREFIX_PATH}:/home/dbot/robot_ws/install/serial_motor_demo:/opt/ros/humble /usr/bin/cmake --install /home/dbot/robot_ws/build/dbot
[4.329s] Level 1:colcon.colcon_core.shell:create_environment_hook('dbot', 'cmake_prefix_path')
[4.332s] INFO:colcon.colcon_core.shell:Creating environment hook '/home/dbot/robot_ws/install/dbot/share/dbot/hook/cmake_prefix_path.ps1'
[4.336s] INFO:colcon.colcon_core.shell:Creating environment descriptor '/home/dbot/robot_ws/install/dbot/share/dbot/hook/cmake_prefix_path.dsv'
[4.339s] INFO:colcon.colcon_core.shell:Creating environment hook '/home/dbot/robot_ws/install/dbot/share/dbot/hook/cmake_prefix_path.sh'
[4.344s] Level 1:colcon.colcon_core.environment:checking '/home/dbot/robot_ws/install/dbot/bin'
[4.344s] Level 1:colcon.colcon_core.environment:checking '/home/dbot/robot_ws/install/dbot/lib/pkgconfig/dbot.pc'
[4.346s] Level 1:colcon.colcon_core.environment:checking '/home/dbot/robot_ws/install/dbot/lib/python3.10/site-packages'
[4.348s] Level 1:colcon.colcon_core.environment:checking '/home/dbot/robot_ws/install/dbot/bin'
[4.350s] INFO:colcon.colcon_core.shell:Creating package script '/home/dbot/robot_ws/install/dbot/share/dbot/package.ps1'
[4.353s] INFO:colcon.colcon_core.shell:Creating package descriptor '/home/dbot/robot_ws/install/dbot/share/dbot/package.dsv'
[4.357s] INFO:colcon.colcon_core.shell:Creating package script '/home/dbot/robot_ws/install/dbot/share/dbot/package.sh'
[4.360s] INFO:colcon.colcon_core.shell:Creating package script '/home/dbot/robot_ws/install/dbot/share/dbot/package.bash'
[4.364s] INFO:colcon.colcon_core.shell:Creating package script '/home/dbot/robot_ws/install/dbot/share/dbot/package.zsh'
[4.367s] Level 1:colcon.colcon_core.environment:create_file_with_runtime_dependencies(/home/dbot/robot_ws/install/dbot/share/colcon-core/packages/dbot)
[4.370s] Level 1:colcon.colcon_core.environment:create_environment_scripts_only(dbot)
[4.372s] Level 1:colcon.colcon_core.environment:checking '/home/dbot/robot_ws/install/dbot' for CMake module files
[4.375s] Level 1:colcon.colcon_core.environment:checking '/home/dbot/robot_ws/install/dbot' for CMake config files
[4.380s] Level 1:colcon.colcon_core.shell:create_environment_hook('dbot', 'cmake_prefix_path')
[4.381s] INFO:colcon.colcon_core.shell:Creating environment hook '/home/dbot/robot_ws/install/dbot/share/dbot/hook/cmake_prefix_path.ps1'
[4.385s] INFO:colcon.colcon_core.shell:Creating environment descriptor '/home/dbot/robot_ws/install/dbot/share/dbot/hook/cmake_prefix_path.dsv'
[4.389s] INFO:colcon.colcon_core.shell:Creating environment hook '/home/dbot/robot_ws/install/dbot/share/dbot/hook/cmake_prefix_path.sh'
[4.394s] Level 1:colcon.colcon_core.environment:checking '/home/dbot/robot_ws/install/dbot/bin'
[4.395s] Level 1:colcon.colcon_core.environment:checking '/home/dbot/robot_ws/install/dbot/lib/pkgconfig/dbot.pc'
[4.397s] Level 1:colcon.colcon_core.environment:checking '/home/dbot/robot_ws/install/dbot/lib/python3.10/site-packages'
[4.399s] Level 1:colcon.colcon_core.environment:checking '/home/dbot/robot_ws/install/dbot/bin'
[4.401s] INFO:colcon.colcon_core.shell:Creating package script '/home/dbot/robot_ws/install/dbot/share/dbot/package.ps1'
[4.406s] INFO:colcon.colcon_core.shell:Creating package descriptor '/home/dbot/robot_ws/install/dbot/share/dbot/package.dsv'
[4.411s] INFO:colcon.colcon_core.shell:Creating package script '/home/dbot/robot_ws/install/dbot/share/dbot/package.sh'
[4.415s] INFO:colcon.colcon_core.shell:Creating package script '/home/dbot/robot_ws/install/dbot/share/dbot/package.bash'
[4.419s] INFO:colcon.colcon_core.shell:Creating package script '/home/dbot/robot_ws/install/dbot/share/dbot/package.zsh'
[4.422s] Level 1:colcon.colcon_core.environment:create_file_with_runtime_dependencies(/home/dbot/robot_ws/install/dbot/share/colcon-core/packages/dbot)
[4.700s] DEBUG:colcon.colcon_core.event_handler.log_command:Invoked command in '/home/dbot/robot_ws/build/serial_motor_demo_msgs' returned '0': CMAKE_PREFIX_PATH=${CMAKE_PREFIX_PATH}:/home/dbot/robot_ws/install/serial_motor_demo:/opt/ros/humble /usr/bin/cmake --build /home/dbot/robot_ws/build/serial_motor_demo_msgs -- -j4 -l4
[4.713s] DEBUG:colcon.colcon_core.event_handler.log_command:Invoking command in '/home/dbot/robot_ws/build/serial_motor_demo_msgs': CMAKE_PREFIX_PATH=${CMAKE_PREFIX_PATH}:/home/dbot/robot_ws/install/serial_motor_demo:/opt/ros/humble /usr/bin/cmake --install /home/dbot/robot_ws/build/serial_motor_demo_msgs
[5.272s] Level 1:colcon.colcon_core.environment:create_environment_scripts_only(serial_motor_demo_msgs)
[5.274s] Level 1:colcon.colcon_core.environment:checking '/home/dbot/robot_ws/install/serial_motor_demo_msgs' for CMake module files
[5.278s] Level 1:colcon.colcon_core.environment:checking '/home/dbot/robot_ws/install/serial_motor_demo_msgs' for CMake config files
[5.280s] DEBUG:colcon.colcon_core.event_handler.log_command:Invoked command in '/home/dbot/robot_ws/build/serial_motor_demo_msgs' returned '0': CMAKE_PREFIX_PATH=${CMAKE_PREFIX_PATH}:/home/dbot/robot_ws/install/serial_motor_demo:/opt/ros/humble /usr/bin/cmake --install /home/dbot/robot_ws/build/serial_motor_demo_msgs
[5.289s] Level 1:colcon.colcon_core.shell:create_environment_hook('serial_motor_demo_msgs', 'cmake_prefix_path')
[5.290s] INFO:colcon.colcon_core.shell:Creating environment hook '/home/dbot/robot_ws/install/serial_motor_demo_msgs/share/serial_motor_demo_msgs/hook/cmake_prefix_path.ps1'
[5.292s] INFO:colcon.colcon_core.shell:Creating environment descriptor '/home/dbot/robot_ws/install/serial_motor_demo_msgs/share/serial_motor_demo_msgs/hook/cmake_prefix_path.dsv'
[5.294s] INFO:colcon.colcon_core.shell:Creating environment hook '/home/dbot/robot_ws/install/serial_motor_demo_msgs/share/serial_motor_demo_msgs/hook/cmake_prefix_path.sh'
[5.298s] Level 1:colcon.colcon_core.environment:checking '/home/dbot/robot_ws/install/serial_motor_demo_msgs/lib'
[5.298s] Level 1:colcon.colcon_core.shell:create_environment_hook('serial_motor_demo_msgs', 'ld_library_path_lib')
[5.299s] INFO:colcon.colcon_core.shell:Creating environment hook '/home/dbot/robot_ws/install/serial_motor_demo_msgs/share/serial_motor_demo_msgs/hook/ld_library_path_lib.ps1'
[5.301s] INFO:colcon.colcon_core.shell:Creating environment descriptor '/home/dbot/robot_ws/install/serial_motor_demo_msgs/share/serial_motor_demo_msgs/hook/ld_library_path_lib.dsv'
[5.304s] INFO:colcon.colcon_core.shell:Creating environment hook '/home/dbot/robot_ws/install/serial_motor_demo_msgs/share/serial_motor_demo_msgs/hook/ld_library_path_lib.sh'
[5.306s] Level 1:colcon.colcon_core.environment:checking '/home/dbot/robot_ws/install/serial_motor_demo_msgs/bin'
[5.306s] Level 1:colcon.colcon_core.environment:checking '/home/dbot/robot_ws/install/serial_motor_demo_msgs/lib/pkgconfig/serial_motor_demo_msgs.pc'
[5.308s] Level 1:colcon.colcon_core.environment:checking '/home/dbot/robot_ws/install/serial_motor_demo_msgs/lib/python3.10/site-packages'
[5.310s] Level 1:colcon.colcon_core.environment:checking '/home/dbot/robot_ws/install/serial_motor_demo_msgs/bin'
[5.312s] INFO:colcon.colcon_core.shell:Creating package script '/home/dbot/robot_ws/install/serial_motor_demo_msgs/share/serial_motor_demo_msgs/package.ps1'
[5.314s] INFO:colcon.colcon_core.shell:Creating package descriptor '/home/dbot/robot_ws/install/serial_motor_demo_msgs/share/serial_motor_demo_msgs/package.dsv'
[5.317s] INFO:colcon.colcon_core.shell:Creating package script '/home/dbot/robot_ws/install/serial_motor_demo_msgs/share/serial_motor_demo_msgs/package.sh'
[5.320s] INFO:colcon.colcon_core.shell:Creating package script '/home/dbot/robot_ws/install/serial_motor_demo_msgs/share/serial_motor_demo_msgs/package.bash'
[5.322s] INFO:colcon.colcon_core.shell:Creating package script '/home/dbot/robot_ws/install/serial_motor_demo_msgs/share/serial_motor_demo_msgs/package.zsh'
[5.324s] Level 1:colcon.colcon_core.environment:create_file_with_runtime_dependencies(/home/dbot/robot_ws/install/serial_motor_demo_msgs/share/colcon-core/packages/serial_motor_demo_msgs)
[5.328s] Level 1:colcon.colcon_core.environment:create_environment_scripts_only(serial_motor_demo_msgs)
[5.329s] Level 1:colcon.colcon_core.environment:checking '/home/dbot/robot_ws/install/serial_motor_demo_msgs' for CMake module files
[5.333s] Level 1:colcon.colcon_core.environment:checking '/home/dbot/robot_ws/install/serial_motor_demo_msgs' for CMake config files
[5.342s] Level 1:colcon.colcon_core.shell:create_environment_hook('serial_motor_demo_msgs', 'cmake_prefix_path')
[5.343s] INFO:colcon.colcon_core.shell:Creating environment hook '/home/dbot/robot_ws/install/serial_motor_demo_msgs/share/serial_motor_demo_msgs/hook/cmake_prefix_path.ps1'
[5.346s] INFO:colcon.colcon_core.shell:Creating environment descriptor '/home/dbot/robot_ws/install/serial_motor_demo_msgs/share/serial_motor_demo_msgs/hook/cmake_prefix_path.dsv'
[5.348s] INFO:colcon.colcon_core.shell:Creating environment hook '/home/dbot/robot_ws/install/serial_motor_demo_msgs/share/serial_motor_demo_msgs/hook/cmake_prefix_path.sh'
[5.351s] Level 1:colcon.colcon_core.environment:checking '/home/dbot/robot_ws/install/serial_motor_demo_msgs/lib'
[5.351s] Level 1:colcon.colcon_core.shell:create_environment_hook('serial_motor_demo_msgs', 'ld_library_path_lib')
[5.352s] INFO:colcon.colcon_core.shell:Creating environment hook '/home/dbot/robot_ws/install/serial_motor_demo_msgs/share/serial_motor_demo_msgs/hook/ld_library_path_lib.ps1'
[5.355s] INFO:colcon.colcon_core.shell:Creating environment descriptor '/home/dbot/robot_ws/install/serial_motor_demo_msgs/share/serial_motor_demo_msgs/hook/ld_library_path_lib.dsv'
[5.357s] INFO:colcon.colcon_core.shell:Creating environment hook '/home/dbot/robot_ws/install/serial_motor_demo_msgs/share/serial_motor_demo_msgs/hook/ld_library_path_lib.sh'
[5.359s] Level 1:colcon.colcon_core.environment:checking '/home/dbot/robot_ws/install/serial_motor_demo_msgs/bin'
[5.360s] Level 1:colcon.colcon_core.environment:checking '/home/dbot/robot_ws/install/serial_motor_demo_msgs/lib/pkgconfig/serial_motor_demo_msgs.pc'
[5.361s] Level 1:colcon.colcon_core.environment:checking '/home/dbot/robot_ws/install/serial_motor_demo_msgs/lib/python3.10/site-packages'
[5.362s] Level 1:colcon.colcon_core.environment:checking '/home/dbot/robot_ws/install/serial_motor_demo_msgs/bin'
[5.364s] INFO:colcon.colcon_core.shell:Creating package script '/home/dbot/robot_ws/install/serial_motor_demo_msgs/share/serial_motor_demo_msgs/package.ps1'
[5.366s] INFO:colcon.colcon_core.shell:Creating package descriptor '/home/dbot/robot_ws/install/serial_motor_demo_msgs/share/serial_motor_demo_msgs/package.dsv'
[5.369s] INFO:colcon.colcon_core.shell:Creating package script '/home/dbot/robot_ws/install/serial_motor_demo_msgs/share/serial_motor_demo_msgs/package.sh'
[5.372s] INFO:colcon.colcon_core.shell:Creating package script '/home/dbot/robot_ws/install/serial_motor_demo_msgs/share/serial_motor_demo_msgs/package.bash'
[5.374s] INFO:colcon.colcon_core.shell:Creating package script '/home/dbot/robot_ws/install/serial_motor_demo_msgs/share/serial_motor_demo_msgs/package.zsh'
[5.377s] Level 1:colcon.colcon_core.environment:create_file_with_runtime_dependencies(/home/dbot/robot_ws/install/serial_motor_demo_msgs/share/colcon-core/packages/serial_motor_demo_msgs)
[5.379s] INFO:colcon.colcon_ros.task.ament_python.build:Building ROS package in '/home/dbot/robot_ws/src/serial_motor_demo/serial_motor_demo' with build type 'ament_python'
[5.381s] Level 1:colcon.colcon_core.shell:create_environment_hook('serial_motor_demo', 'ament_prefix_path')
[5.382s] INFO:colcon.colcon_core.shell:Creating environment hook '/home/dbot/robot_ws/install/serial_motor_demo/share/serial_motor_demo/hook/ament_prefix_path.ps1'
[5.386s] INFO:colcon.colcon_core.shell:Creating environment descriptor '/home/dbot/robot_ws/install/serial_motor_demo/share/serial_motor_demo/hook/ament_prefix_path.dsv'
[5.390s] INFO:colcon.colcon_core.shell:Creating environment hook '/home/dbot/robot_ws/install/serial_motor_demo/share/serial_motor_demo/hook/ament_prefix_path.sh'
[5.394s] INFO:colcon.colcon_core.shell:Skip shell extension 'powershell' for command environment: Not usable outside of PowerShell
[5.395s] DEBUG:colcon.colcon_core.shell:Skip shell extension 'dsv' for command environment
[6.859s] INFO:colcon.colcon_core.task.python.build:Building Python package in '/home/dbot/robot_ws/src/serial_motor_demo/serial_motor_demo'
[6.860s] INFO:colcon.colcon_core.shell:Skip shell extension 'powershell' for command environment: Not usable outside of PowerShell
[6.861s] DEBUG:colcon.colcon_core.shell:Skip shell extension 'dsv' for command environment
[10.373s] DEBUG:colcon.colcon_core.event_handler.log_command:Invoking command in '/home/dbot/robot_ws/build/serial_motor_demo': PYTHONPATH=/home/dbot/robot_ws/build/serial_motor_demo/prefix_override:/usr/lib/python3/dist-packages/colcon_core/task/python/colcon_distutils_commands:/home/dbot/robot_ws/install/serial_motor_demo/lib/python3.10/site-packages:${PYTHONPATH} /usr/bin/python3 -W ignore:setup.py install is deprecated -W ignore:easy_install command is deprecated setup.py develop --editable --build-directory /home/dbot/robot_ws/build/serial_motor_demo/build --no-deps symlink_data
[14.512s] Level 1:colcon.colcon_core.shell:create_environment_hook('serial_motor_demo', 'pythonpath_develop')
[14.515s] INFO:colcon.colcon_core.shell:Creating environment hook '/home/dbot/robot_ws/build/serial_motor_demo/share/serial_motor_demo/hook/pythonpath_develop.ps1'
[14.514s] DEBUG:colcon.colcon_core.event_handler.log_command:Invoked command in '/home/dbot/robot_ws/build/serial_motor_demo' returned '0': PYTHONPATH=/home/dbot/robot_ws/build/serial_motor_demo/prefix_override:/usr/lib/python3/dist-packages/colcon_core/task/python/colcon_distutils_commands:/home/dbot/robot_ws/install/serial_motor_demo/lib/python3.10/site-packages:${PYTHONPATH} /usr/bin/python3 -W ignore:setup.py install is deprecated -W ignore:easy_install command is deprecated setup.py develop --editable --build-directory /home/dbot/robot_ws/build/serial_motor_demo/build --no-deps symlink_data
[14.520s] INFO:colcon.colcon_core.shell:Creating environment descriptor '/home/dbot/robot_ws/build/serial_motor_demo/share/serial_motor_demo/hook/pythonpath_develop.dsv'
[14.523s] INFO:colcon.colcon_core.shell:Creating environment hook '/home/dbot/robot_ws/build/serial_motor_demo/share/serial_motor_demo/hook/pythonpath_develop.sh'
[14.528s] Level 1:colcon.colcon_core.environment:checking '/home/dbot/robot_ws/install/serial_motor_demo' for CMake module files
[14.531s] Level 1:colcon.colcon_core.environment:checking '/home/dbot/robot_ws/install/serial_motor_demo' for CMake config files
[14.535s] Level 1:colcon.colcon_core.environment:checking '/home/dbot/robot_ws/install/serial_motor_demo/lib'
[14.536s] Level 1:colcon.colcon_core.environment:checking '/home/dbot/robot_ws/install/serial_motor_demo/bin'
[14.537s] Level 1:colcon.colcon_core.environment:checking '/home/dbot/robot_ws/install/serial_motor_demo/lib/pkgconfig/serial_motor_demo.pc'
[14.538s] Level 1:colcon.colcon_core.environment:checking '/home/dbot/robot_ws/install/serial_motor_demo/lib/python3.10/site-packages'
[14.539s] Level 1:colcon.colcon_core.shell:create_environment_hook('serial_motor_demo', 'pythonpath')
[14.540s] INFO:colcon.colcon_core.shell:Creating environment hook '/home/dbot/robot_ws/install/serial_motor_demo/share/serial_motor_demo/hook/pythonpath.ps1'
[14.544s] INFO:colcon.colcon_core.shell:Creating environment descriptor '/home/dbot/robot_ws/install/serial_motor_demo/share/serial_motor_demo/hook/pythonpath.dsv'
[14.547s] INFO:colcon.colcon_core.shell:Creating environment hook '/home/dbot/robot_ws/install/serial_motor_demo/share/serial_motor_demo/hook/pythonpath.sh'
[14.552s] Level 1:colcon.colcon_core.environment:checking '/home/dbot/robot_ws/install/serial_motor_demo/bin'
[14.552s] Level 1:colcon.colcon_core.environment:create_environment_scripts_only(serial_motor_demo)
[14.555s] INFO:colcon.colcon_core.shell:Creating package script '/home/dbot/robot_ws/install/serial_motor_demo/share/serial_motor_demo/package.ps1'
[14.560s] INFO:colcon.colcon_core.shell:Creating package descriptor '/home/dbot/robot_ws/install/serial_motor_demo/share/serial_motor_demo/package.dsv'
[14.563s] INFO:colcon.colcon_core.shell:Creating package script '/home/dbot/robot_ws/install/serial_motor_demo/share/serial_motor_demo/package.sh'
[14.567s] INFO:colcon.colcon_core.shell:Creating package script '/home/dbot/robot_ws/install/serial_motor_demo/share/serial_motor_demo/package.bash'
[14.570s] INFO:colcon.colcon_core.shell:Creating package script '/home/dbot/robot_ws/install/serial_motor_demo/share/serial_motor_demo/package.zsh'
[14.574s] Level 1:colcon.colcon_core.environment:create_file_with_runtime_dependencies(/home/dbot/robot_ws/install/serial_motor_demo/share/colcon-core/packages/serial_motor_demo)
[44.862s] DEBUG:colcon.colcon_core.event_handler.log_command:Invoked command in '/home/dbot/robot_ws/build/diffdrive_arduino' returned '0': CMAKE_PREFIX_PATH=/home/dbot/robot_ws/install/serial:/home/dbot/robot_ws/install/serial_motor_demo_msgs:/home/dbot/robot_ws/install/diffdrive_arduino:/home/dbot/robot_ws/install/dbot:/home/dbot/robot_ws/install/serial_motor_demo:/opt/ros/humble /usr/bin/cmake --build /home/dbot/robot_ws/build/diffdrive_arduino -- -j4 -l4
[44.876s] DEBUG:colcon.colcon_core.event_handler.log_command:Invoking command in '/home/dbot/robot_ws/build/diffdrive_arduino': CMAKE_PREFIX_PATH=/home/dbot/robot_ws/install/serial:/home/dbot/robot_ws/install/serial_motor_demo_msgs:/home/dbot/robot_ws/install/diffdrive_arduino:/home/dbot/robot_ws/install/dbot:/home/dbot/robot_ws/install/serial_motor_demo:/opt/ros/humble /usr/bin/cmake --install /home/dbot/robot_ws/build/diffdrive_arduino
[44.994s] Level 1:colcon.colcon_core.environment:create_environment_scripts_only(diffdrive_arduino)
[44.995s] Level 1:colcon.colcon_core.environment:checking '/home/dbot/robot_ws/install/diffdrive_arduino' for CMake module files
[44.997s] DEBUG:colcon.colcon_core.event_handler.log_command:Invoked command in '/home/dbot/robot_ws/build/diffdrive_arduino' returned '0': CMAKE_PREFIX_PATH=/home/dbot/robot_ws/install/serial:/home/dbot/robot_ws/install/serial_motor_demo_msgs:/home/dbot/robot_ws/install/diffdrive_arduino:/home/dbot/robot_ws/install/dbot:/home/dbot/robot_ws/install/serial_motor_demo:/opt/ros/humble /usr/bin/cmake --install /home/dbot/robot_ws/build/diffdrive_arduino
[45.001s] Level 1:colcon.colcon_core.environment:checking '/home/dbot/robot_ws/install/diffdrive_arduino' for CMake config files
[45.005s] Level 1:colcon.colcon_core.shell:create_environment_hook('diffdrive_arduino', 'cmake_prefix_path')
[45.006s] INFO:colcon.colcon_core.shell:Creating environment hook '/home/dbot/robot_ws/install/diffdrive_arduino/share/diffdrive_arduino/hook/cmake_prefix_path.ps1'
[45.009s] INFO:colcon.colcon_core.shell:Creating environment descriptor '/home/dbot/robot_ws/install/diffdrive_arduino/share/diffdrive_arduino/hook/cmake_prefix_path.dsv'
[45.011s] INFO:colcon.colcon_core.shell:Creating environment hook '/home/dbot/robot_ws/install/diffdrive_arduino/share/diffdrive_arduino/hook/cmake_prefix_path.sh'
[45.014s] Level 1:colcon.colcon_core.environment:checking '/home/dbot/robot_ws/install/diffdrive_arduino/lib'
[45.014s] Level 1:colcon.colcon_core.shell:create_environment_hook('diffdrive_arduino', 'ld_library_path_lib')
[45.015s] INFO:colcon.colcon_core.shell:Creating environment hook '/home/dbot/robot_ws/install/diffdrive_arduino/share/diffdrive_arduino/hook/ld_library_path_lib.ps1'
[45.017s] INFO:colcon.colcon_core.shell:Creating environment descriptor '/home/dbot/robot_ws/install/diffdrive_arduino/share/diffdrive_arduino/hook/ld_library_path_lib.dsv'
[45.019s] INFO:colcon.colcon_core.shell:Creating environment hook '/home/dbot/robot_ws/install/diffdrive_arduino/share/diffdrive_arduino/hook/ld_library_path_lib.sh'
[45.022s] Level 1:colcon.colcon_core.environment:checking '/home/dbot/robot_ws/install/diffdrive_arduino/bin'
[45.022s] Level 1:colcon.colcon_core.environment:checking '/home/dbot/robot_ws/install/diffdrive_arduino/lib/pkgconfig/diffdrive_arduino.pc'
[45.023s] Level 1:colcon.colcon_core.environment:checking '/home/dbot/robot_ws/install/diffdrive_arduino/lib/python3.10/site-packages'
[45.024s] Level 1:colcon.colcon_core.environment:checking '/home/dbot/robot_ws/install/diffdrive_arduino/bin'
[45.026s] INFO:colcon.colcon_core.shell:Creating package script '/home/dbot/robot_ws/install/diffdrive_arduino/share/diffdrive_arduino/package.ps1'
[45.028s] INFO:colcon.colcon_core.shell:Creating package descriptor '/home/dbot/robot_ws/install/diffdrive_arduino/share/diffdrive_arduino/package.dsv'
[45.030s] INFO:colcon.colcon_core.shell:Creating package script '/home/dbot/robot_ws/install/diffdrive_arduino/share/diffdrive_arduino/package.sh'
[45.033s] INFO:colcon.colcon_core.shell:Creating package script '/home/dbot/robot_ws/install/diffdrive_arduino/share/diffdrive_arduino/package.bash'
[45.035s] INFO:colcon.colcon_core.shell:Creating package script '/home/dbot/robot_ws/install/diffdrive_arduino/share/diffdrive_arduino/package.zsh'
[45.037s] Level 1:colcon.colcon_core.environment:create_file_with_runtime_dependencies(/home/dbot/robot_ws/install/diffdrive_arduino/share/colcon-core/packages/diffdrive_arduino)
[45.040s] Level 1:colcon.colcon_core.environment:create_environment_scripts_only(diffdrive_arduino)
[45.041s] Level 1:colcon.colcon_core.environment:checking '/home/dbot/robot_ws/install/diffdrive_arduino' for CMake module files
[45.044s] Level 1:colcon.colcon_core.environment:checking '/home/dbot/robot_ws/install/diffdrive_arduino' for CMake config files
[45.048s] Level 1:colcon.colcon_core.shell:create_environment_hook('diffdrive_arduino', 'cmake_prefix_path')
[45.049s] INFO:colcon.colcon_core.shell:Creating environment hook '/home/dbot/robot_ws/install/diffdrive_arduino/share/diffdrive_arduino/hook/cmake_prefix_path.ps1'
[45.051s] INFO:colcon.colcon_core.shell:Creating environment descriptor '/home/dbot/robot_ws/install/diffdrive_arduino/share/diffdrive_arduino/hook/cmake_prefix_path.dsv'
[45.053s] INFO:colcon.colcon_core.shell:Creating environment hook '/home/dbot/robot_ws/install/diffdrive_arduino/share/diffdrive_arduino/hook/cmake_prefix_path.sh'
[45.055s] Level 1:colcon.colcon_core.environment:checking '/home/dbot/robot_ws/install/diffdrive_arduino/lib'
[45.056s] Level 1:colcon.colcon_core.shell:create_environment_hook('diffdrive_arduino', 'ld_library_path_lib')
[45.057s] INFO:colcon.colcon_core.shell:Creating environment hook '/home/dbot/robot_ws/install/diffdrive_arduino/share/diffdrive_arduino/hook/ld_library_path_lib.ps1'
[45.059s] INFO:colcon.colcon_core.shell:Creating environment descriptor '/home/dbot/robot_ws/install/diffdrive_arduino/share/diffdrive_arduino/hook/ld_library_path_lib.dsv'
[45.061s] INFO:colcon.colcon_core.shell:Creating environment hook '/home/dbot/robot_ws/install/diffdrive_arduino/share/diffdrive_arduino/hook/ld_library_path_lib.sh'
[45.063s] Level 1:colcon.colcon_core.environment:checking '/home/dbot/robot_ws/install/diffdrive_arduino/bin'
[45.063s] Level 1:colcon.colcon_core.environment:checking '/home/dbot/robot_ws/install/diffdrive_arduino/lib/pkgconfig/diffdrive_arduino.pc'
[45.064s] Level 1:colcon.colcon_core.environment:checking '/home/dbot/robot_ws/install/diffdrive_arduino/lib/python3.10/site-packages'
[45.066s] Level 1:colcon.colcon_core.environment:checking '/home/dbot/robot_ws/install/diffdrive_arduino/bin'
[45.067s] INFO:colcon.colcon_core.shell:Creating package script '/home/dbot/robot_ws/install/diffdrive_arduino/share/diffdrive_arduino/package.ps1'
[45.070s] INFO:colcon.colcon_core.shell:Creating package descriptor '/home/dbot/robot_ws/install/diffdrive_arduino/share/diffdrive_arduino/package.dsv'
[45.072s] INFO:colcon.colcon_core.shell:Creating package script '/home/dbot/robot_ws/install/diffdrive_arduino/share/diffdrive_arduino/package.sh'
[45.075s] INFO:colcon.colcon_core.shell:Creating package script '/home/dbot/robot_ws/install/diffdrive_arduino/share/diffdrive_arduino/package.bash'
[45.077s] INFO:colcon.colcon_core.shell:Creating package script '/home/dbot/robot_ws/install/diffdrive_arduino/share/diffdrive_arduino/package.zsh'
[45.079s] Level 1:colcon.colcon_core.environment:create_file_with_runtime_dependencies(/home/dbot/robot_ws/install/diffdrive_arduino/share/colcon-core/packages/diffdrive_arduino)
[45.080s] DEBUG:colcon.colcon_parallel_executor.executor.parallel:closing loop
[45.082s] DEBUG:colcon.colcon_parallel_executor.executor.parallel:loop closed
[45.082s] DEBUG:colcon.colcon_parallel_executor.executor.parallel:run_until_complete finished with '0'
[45.083s] DEBUG:colcon.colcon_core.event_reactor:joining thread
[45.105s] INFO:colcon.colcon_core.plugin_system:Skipping extension 'colcon_notification.desktop_notification.terminal_notifier': Not used on non-Darwin systems
[45.106s] INFO:colcon.colcon_core.plugin_system:Skipping extension 'colcon_notification.desktop_notification.win32': Not used on non-Windows systems
[45.106s] INFO:colcon.colcon_notification.desktop_notification:Sending desktop notification using 'notify2'
[45.144s] DEBUG:colcon.colcon_core.event_reactor:joined thread
[45.145s] INFO:colcon.colcon_core.shell:Creating prefix script '/home/dbot/robot_ws/install/local_setup.ps1'
[45.149s] INFO:colcon.colcon_core.shell:Creating prefix util module '/home/dbot/robot_ws/install/_local_setup_util_ps1.py'
[45.156s] INFO:colcon.colcon_core.shell:Creating prefix chain script '/home/dbot/robot_ws/install/setup.ps1'
[45.162s] INFO:colcon.colcon_core.shell:Creating prefix script '/home/dbot/robot_ws/install/local_setup.sh'
[45.164s] INFO:colcon.colcon_core.shell:Creating prefix util module '/home/dbot/robot_ws/install/_local_setup_util_sh.py'
[45.167s] INFO:colcon.colcon_core.shell:Creating prefix chain script '/home/dbot/robot_ws/install/setup.sh'
[45.173s] INFO:colcon.colcon_core.shell:Creating prefix script '/home/dbot/robot_ws/install/local_setup.bash'
[45.175s] INFO:colcon.colcon_core.shell:Creating prefix chain script '/home/dbot/robot_ws/install/setup.bash'
[45.181s] INFO:colcon.colcon_core.shell:Creating prefix script '/home/dbot/robot_ws/install/local_setup.zsh'
[45.184s] INFO:colcon.colcon_core.shell:Creating prefix chain script '/home/dbot/robot_ws/install/setup.zsh'
