[0.475s] DEBUG:colcon:Command line arguments: ['/usr/bin/colcon', 'build', '--symlink-install']
[0.475s] DEBUG:colcon:Parsed command line arguments: Namespace(log_base=None, log_level=None, verb_name='build', build_base='build', install_base='install', merge_install=False, symlink_install=True, test_result_base=None, continue_on_error=False, executor='parallel', parallel_workers=4, event_handlers=None, ignore_user_meta=False, metas=['./colcon.meta'], base_paths=['.'], packages_ignore=None, packages_ignore_regex=None, paths=None, packages_up_to=None, packages_up_to_regex=None, packages_above=None, packages_above_and_dependencies=None, packages_above_depth=None, packages_select_by_dep=None, packages_skip_by_dep=None, packages_skip_up_to=None, packages_select_build_failed=False, packages_skip_build_finished=False, packages_select_test_failures=False, packages_skip_test_passed=False, packages_select=None, packages_skip=None, packages_select_regex=None, packages_skip_regex=None, packages_start=None, packages_end=None, allow_overriding=[], cmake_args=None, cmake_target=None, cmake_target_skip_unavailable=False, cmake_clean_cache=False, cmake_clean_first=False, cmake_force_configure=False, ament_cmake_args=None, catkin_cmake_args=None, catkin_skip_building_tests=False, mixin_files=None, mixin=None, verb_parser=<colcon_mixin.mixin.mixin_argument.MixinArgumentDecorator object at 0xffffb3282dd0>, verb_extension=<colcon_core.verb.build.BuildVerb object at 0xffffb341bca0>, main=<bound method BuildVerb.main of <colcon_core.verb.build.BuildVerb object at 0xffffb341bca0>>, mixin_verb=('build',))
[1.320s] Level 1:colcon.colcon_core.package_discovery:discover_packages(colcon_meta) check parameters
[1.321s] Level 1:colcon.colcon_core.package_discovery:discover_packages(recursive) check parameters
[1.321s] Level 1:colcon.colcon_core.package_discovery:discover_packages(ignore) check parameters
[1.321s] Level 1:colcon.colcon_core.package_discovery:discover_packages(path) check parameters
[1.321s] Level 1:colcon.colcon_core.package_discovery:discover_packages(colcon_meta) discover
[1.321s] Level 1:colcon.colcon_core.package_discovery:discover_packages(recursive) discover
[1.322s] INFO:colcon.colcon_core.package_discovery:Crawling recursively for packages in '/home/dbot/robot_ws'
[1.322s] Level 1:colcon.colcon_core.package_identification:_identify(.) by extensions ['ignore', 'ignore_ament_install']
[1.323s] Level 1:colcon.colcon_core.package_identification:_identify(.) by extension 'ignore'
[1.323s] Level 1:colcon.colcon_core.package_identification:_identify(.) by extension 'ignore_ament_install'
[1.323s] Level 1:colcon.colcon_core.package_identification:_identify(.) by extensions ['colcon_pkg']
[1.323s] Level 1:colcon.colcon_core.package_identification:_identify(.) by extension 'colcon_pkg'
[1.324s] Level 1:colcon.colcon_core.package_identification:_identify(.) by extensions ['colcon_meta']
[1.324s] Level 1:colcon.colcon_core.package_identification:_identify(.) by extension 'colcon_meta'
[1.324s] Level 1:colcon.colcon_core.package_identification:_identify(.) by extensions ['ros']
[1.324s] Level 1:colcon.colcon_core.package_identification:_identify(.) by extension 'ros'
[1.368s] Level 1:colcon.colcon_core.package_identification:_identify(.) by extensions ['cmake', 'python']
[1.368s] Level 1:colcon.colcon_core.package_identification:_identify(.) by extension 'cmake'
[1.368s] Level 1:colcon.colcon_core.package_identification:_identify(.) by extension 'python'
[1.368s] Level 1:colcon.colcon_core.package_identification:_identify(.) by extensions ['python_setup_py']
[1.369s] Level 1:colcon.colcon_core.package_identification:_identify(.) by extension 'python_setup_py'
[1.369s] Level 1:colcon.colcon_core.package_identification:_identify(__pycache__) by extensions ['ignore', 'ignore_ament_install']
[1.369s] Level 1:colcon.colcon_core.package_identification:_identify(__pycache__) by extension 'ignore'
[1.370s] Level 1:colcon.colcon_core.package_identification:_identify(__pycache__) by extension 'ignore_ament_install'
[1.370s] Level 1:colcon.colcon_core.package_identification:_identify(__pycache__) by extensions ['colcon_pkg']
[1.370s] Level 1:colcon.colcon_core.package_identification:_identify(__pycache__) by extension 'colcon_pkg'
[1.370s] Level 1:colcon.colcon_core.package_identification:_identify(__pycache__) by extensions ['colcon_meta']
[1.370s] Level 1:colcon.colcon_core.package_identification:_identify(__pycache__) by extension 'colcon_meta'
[1.371s] Level 1:colcon.colcon_core.package_identification:_identify(__pycache__) by extensions ['ros']
[1.371s] Level 1:colcon.colcon_core.package_identification:_identify(__pycache__) by extension 'ros'
[1.371s] Level 1:colcon.colcon_core.package_identification:_identify(__pycache__) by extensions ['cmake', 'python']
[1.371s] Level 1:colcon.colcon_core.package_identification:_identify(__pycache__) by extension 'cmake'
[1.372s] Level 1:colcon.colcon_core.package_identification:_identify(__pycache__) by extension 'python'
[1.372s] Level 1:colcon.colcon_core.package_identification:_identify(__pycache__) by extensions ['python_setup_py']
[1.372s] Level 1:colcon.colcon_core.package_identification:_identify(__pycache__) by extension 'python_setup_py'
[1.372s] Level 1:colcon.colcon_core.package_identification:_identify(build) by extensions ['ignore', 'ignore_ament_install']
[1.373s] Level 1:colcon.colcon_core.package_identification:_identify(build) by extension 'ignore'
[1.373s] Level 1:colcon.colcon_core.package_identification:_identify(build) ignored
[1.374s] Level 1:colcon.colcon_core.package_identification:_identify(install) by extensions ['ignore', 'ignore_ament_install']
[1.374s] Level 1:colcon.colcon_core.package_identification:_identify(install) by extension 'ignore'
[1.374s] Level 1:colcon.colcon_core.package_identification:_identify(install) ignored
[1.375s] Level 1:colcon.colcon_core.package_identification:_identify(log) by extensions ['ignore', 'ignore_ament_install']
[1.375s] Level 1:colcon.colcon_core.package_identification:_identify(log) by extension 'ignore'
[1.375s] Level 1:colcon.colcon_core.package_identification:_identify(log) ignored
[1.376s] Level 1:colcon.colcon_core.package_identification:_identify(src) by extensions ['ignore', 'ignore_ament_install']
[1.376s] Level 1:colcon.colcon_core.package_identification:_identify(src) by extension 'ignore'
[1.376s] Level 1:colcon.colcon_core.package_identification:_identify(src) by extension 'ignore_ament_install'
[1.377s] Level 1:colcon.colcon_core.package_identification:_identify(src) by extensions ['colcon_pkg']
[1.377s] Level 1:colcon.colcon_core.package_identification:_identify(src) by extension 'colcon_pkg'
[1.377s] Level 1:colcon.colcon_core.package_identification:_identify(src) by extensions ['colcon_meta']
[1.377s] Level 1:colcon.colcon_core.package_identification:_identify(src) by extension 'colcon_meta'
[1.377s] Level 1:colcon.colcon_core.package_identification:_identify(src) by extensions ['ros']
[1.377s] Level 1:colcon.colcon_core.package_identification:_identify(src) by extension 'ros'
[1.378s] Level 1:colcon.colcon_core.package_identification:_identify(src) by extensions ['cmake', 'python']
[1.378s] Level 1:colcon.colcon_core.package_identification:_identify(src) by extension 'cmake'
[1.378s] Level 1:colcon.colcon_core.package_identification:_identify(src) by extension 'python'
[1.378s] Level 1:colcon.colcon_core.package_identification:_identify(src) by extensions ['python_setup_py']
[1.378s] Level 1:colcon.colcon_core.package_identification:_identify(src) by extension 'python_setup_py'
[1.379s] Level 1:colcon.colcon_core.package_identification:_identify(src/dbot) by extensions ['ignore', 'ignore_ament_install']
[1.379s] Level 1:colcon.colcon_core.package_identification:_identify(src/dbot) by extension 'ignore'
[1.380s] Level 1:colcon.colcon_core.package_identification:_identify(src/dbot) by extension 'ignore_ament_install'
[1.380s] Level 1:colcon.colcon_core.package_identification:_identify(src/dbot) by extensions ['colcon_pkg']
[1.380s] Level 1:colcon.colcon_core.package_identification:_identify(src/dbot) by extension 'colcon_pkg'
[1.380s] Level 1:colcon.colcon_core.package_identification:_identify(src/dbot) by extensions ['colcon_meta']
[1.380s] Level 1:colcon.colcon_core.package_identification:_identify(src/dbot) by extension 'colcon_meta'
[1.381s] Level 1:colcon.colcon_core.package_identification:_identify(src/dbot) by extensions ['ros']
[1.381s] Level 1:colcon.colcon_core.package_identification:_identify(src/dbot) by extension 'ros'
[1.389s] DEBUG:colcon.colcon_core.package_identification:Package 'src/dbot' with type 'ros.ament_cmake' and name 'dbot'
[1.390s] Level 1:colcon.colcon_core.package_identification:_identify(src/diffdrive_arduino) by extensions ['ignore', 'ignore_ament_install']
[1.390s] Level 1:colcon.colcon_core.package_identification:_identify(src/diffdrive_arduino) by extension 'ignore'
[1.390s] Level 1:colcon.colcon_core.package_identification:_identify(src/diffdrive_arduino) by extension 'ignore_ament_install'
[1.391s] Level 1:colcon.colcon_core.package_identification:_identify(src/diffdrive_arduino) by extensions ['colcon_pkg']
[1.391s] Level 1:colcon.colcon_core.package_identification:_identify(src/diffdrive_arduino) by extension 'colcon_pkg'
[1.391s] Level 1:colcon.colcon_core.package_identification:_identify(src/diffdrive_arduino) by extensions ['colcon_meta']
[1.391s] Level 1:colcon.colcon_core.package_identification:_identify(src/diffdrive_arduino) by extension 'colcon_meta'
[1.391s] Level 1:colcon.colcon_core.package_identification:_identify(src/diffdrive_arduino) by extensions ['ros']
[1.391s] Level 1:colcon.colcon_core.package_identification:_identify(src/diffdrive_arduino) by extension 'ros'
[1.396s] DEBUG:colcon.colcon_core.package_identification:Package 'src/diffdrive_arduino' with type 'ros.ament_cmake' and name 'diffdrive_arduino'
[1.397s] Level 1:colcon.colcon_core.package_identification:_identify(src/serial) by extensions ['ignore', 'ignore_ament_install']
[1.397s] Level 1:colcon.colcon_core.package_identification:_identify(src/serial) by extension 'ignore'
[1.398s] Level 1:colcon.colcon_core.package_identification:_identify(src/serial) by extension 'ignore_ament_install'
[1.398s] Level 1:colcon.colcon_core.package_identification:_identify(src/serial) by extensions ['colcon_pkg']
[1.398s] Level 1:colcon.colcon_core.package_identification:_identify(src/serial) by extension 'colcon_pkg'
[1.398s] Level 1:colcon.colcon_core.package_identification:_identify(src/serial) by extensions ['colcon_meta']
[1.398s] Level 1:colcon.colcon_core.package_identification:_identify(src/serial) by extension 'colcon_meta'
[1.399s] Level 1:colcon.colcon_core.package_identification:_identify(src/serial) by extensions ['ros']
[1.399s] Level 1:colcon.colcon_core.package_identification:_identify(src/serial) by extension 'ros'
[1.401s] DEBUG:colcon.colcon_core.package_identification:Package 'src/serial' with type 'ros.ament_cmake' and name 'serial'
[1.402s] Level 1:colcon.colcon_core.package_identification:_identify(src/serial_motor_demo) by extensions ['ignore', 'ignore_ament_install']
[1.402s] Level 1:colcon.colcon_core.package_identification:_identify(src/serial_motor_demo) by extension 'ignore'
[1.403s] Level 1:colcon.colcon_core.package_identification:_identify(src/serial_motor_demo) by extension 'ignore_ament_install'
[1.403s] Level 1:colcon.colcon_core.package_identification:_identify(src/serial_motor_demo) by extensions ['colcon_pkg']
[1.403s] Level 1:colcon.colcon_core.package_identification:_identify(src/serial_motor_demo) by extension 'colcon_pkg'
[1.403s] Level 1:colcon.colcon_core.package_identification:_identify(src/serial_motor_demo) by extensions ['colcon_meta']
[1.403s] Level 1:colcon.colcon_core.package_identification:_identify(src/serial_motor_demo) by extension 'colcon_meta'
[1.404s] Level 1:colcon.colcon_core.package_identification:_identify(src/serial_motor_demo) by extensions ['ros']
[1.404s] Level 1:colcon.colcon_core.package_identification:_identify(src/serial_motor_demo) by extension 'ros'
[1.404s] Level 1:colcon.colcon_core.package_identification:_identify(src/serial_motor_demo) by extensions ['cmake', 'python']
[1.404s] Level 1:colcon.colcon_core.package_identification:_identify(src/serial_motor_demo) by extension 'cmake'
[1.405s] Level 1:colcon.colcon_core.package_identification:_identify(src/serial_motor_demo) by extension 'python'
[1.405s] Level 1:colcon.colcon_core.package_identification:_identify(src/serial_motor_demo) by extensions ['python_setup_py']
[1.405s] Level 1:colcon.colcon_core.package_identification:_identify(src/serial_motor_demo) by extension 'python_setup_py'
[1.406s] Level 1:colcon.colcon_core.package_identification:_identify(src/serial_motor_demo/serial_motor_demo) by extensions ['ignore', 'ignore_ament_install']
[1.406s] Level 1:colcon.colcon_core.package_identification:_identify(src/serial_motor_demo/serial_motor_demo) by extension 'ignore'
[1.406s] Level 1:colcon.colcon_core.package_identification:_identify(src/serial_motor_demo/serial_motor_demo) by extension 'ignore_ament_install'
[1.406s] Level 1:colcon.colcon_core.package_identification:_identify(src/serial_motor_demo/serial_motor_demo) by extensions ['colcon_pkg']
[1.406s] Level 1:colcon.colcon_core.package_identification:_identify(src/serial_motor_demo/serial_motor_demo) by extension 'colcon_pkg'
[1.407s] Level 1:colcon.colcon_core.package_identification:_identify(src/serial_motor_demo/serial_motor_demo) by extensions ['colcon_meta']
[1.407s] Level 1:colcon.colcon_core.package_identification:_identify(src/serial_motor_demo/serial_motor_demo) by extension 'colcon_meta'
[1.407s] Level 1:colcon.colcon_core.package_identification:_identify(src/serial_motor_demo/serial_motor_demo) by extensions ['ros']
[1.407s] Level 1:colcon.colcon_core.package_identification:_identify(src/serial_motor_demo/serial_motor_demo) by extension 'ros'
[1.410s] DEBUG:colcon.colcon_core.package_identification:Package 'src/serial_motor_demo/serial_motor_demo' with type 'ros.ament_python' and name 'serial_motor_demo'
[1.411s] Level 1:colcon.colcon_core.package_identification:_identify(src/serial_motor_demo/serial_motor_demo_msgs) by extensions ['ignore', 'ignore_ament_install']
[1.411s] Level 1:colcon.colcon_core.package_identification:_identify(src/serial_motor_demo/serial_motor_demo_msgs) by extension 'ignore'
[1.412s] Level 1:colcon.colcon_core.package_identification:_identify(src/serial_motor_demo/serial_motor_demo_msgs) by extension 'ignore_ament_install'
[1.412s] Level 1:colcon.colcon_core.package_identification:_identify(src/serial_motor_demo/serial_motor_demo_msgs) by extensions ['colcon_pkg']
[1.412s] Level 1:colcon.colcon_core.package_identification:_identify(src/serial_motor_demo/serial_motor_demo_msgs) by extension 'colcon_pkg'
[1.413s] Level 1:colcon.colcon_core.package_identification:_identify(src/serial_motor_demo/serial_motor_demo_msgs) by extensions ['colcon_meta']
[1.413s] Level 1:colcon.colcon_core.package_identification:_identify(src/serial_motor_demo/serial_motor_demo_msgs) by extension 'colcon_meta'
[1.413s] Level 1:colcon.colcon_core.package_identification:_identify(src/serial_motor_demo/serial_motor_demo_msgs) by extensions ['ros']
[1.413s] Level 1:colcon.colcon_core.package_identification:_identify(src/serial_motor_demo/serial_motor_demo_msgs) by extension 'ros'
[1.415s] DEBUG:colcon.colcon_core.package_identification:Package 'src/serial_motor_demo/serial_motor_demo_msgs' with type 'ros.ament_cmake' and name 'serial_motor_demo_msgs'
[1.416s] Level 1:colcon.colcon_core.package_discovery:discover_packages(recursive) using defaults
[1.416s] Level 1:colcon.colcon_core.package_discovery:discover_packages(ignore) discover
[1.416s] Level 1:colcon.colcon_core.package_discovery:discover_packages(ignore) using defaults
[1.416s] Level 1:colcon.colcon_core.package_discovery:discover_packages(path) discover
[1.416s] Level 1:colcon.colcon_core.package_discovery:discover_packages(path) using defaults
[1.535s] Level 1:colcon.colcon_core.package_discovery:discover_packages(prefix_path) check parameters
[1.535s] Level 1:colcon.colcon_core.package_discovery:discover_packages(prefix_path) discover
[1.546s] DEBUG:colcon.colcon_installed_package_information.package_discovery:Found 5 installed packages in /home/dbot/robot_ws/install
[1.556s] DEBUG:colcon.colcon_installed_package_information.package_discovery:Found 332 installed packages in /opt/ros/humble
[1.564s] Level 1:colcon.colcon_core.package_discovery:discover_packages(prefix_path) using defaults
[1.754s] Level 5:colcon.colcon_core.verb:set package 'dbot' build argument 'cmake_args' from command line to 'None'
[1.754s] Level 5:colcon.colcon_core.verb:set package 'dbot' build argument 'cmake_target' from command line to 'None'
[1.755s] Level 5:colcon.colcon_core.verb:set package 'dbot' build argument 'cmake_target_skip_unavailable' from command line to 'False'
[1.755s] Level 5:colcon.colcon_core.verb:set package 'dbot' build argument 'cmake_clean_cache' from command line to 'False'
[1.755s] Level 5:colcon.colcon_core.verb:set package 'dbot' build argument 'cmake_clean_first' from command line to 'False'
[1.755s] Level 5:colcon.colcon_core.verb:set package 'dbot' build argument 'cmake_force_configure' from command line to 'False'
[1.755s] Level 5:colcon.colcon_core.verb:set package 'dbot' build argument 'ament_cmake_args' from command line to 'None'
[1.755s] Level 5:colcon.colcon_core.verb:set package 'dbot' build argument 'catkin_cmake_args' from command line to 'None'
[1.755s] Level 5:colcon.colcon_core.verb:set package 'dbot' build argument 'catkin_skip_building_tests' from command line to 'False'
[1.756s] DEBUG:colcon.colcon_core.verb:Building package 'dbot' with the following arguments: {'ament_cmake_args': None, 'build_base': '/home/dbot/robot_ws/build/dbot', 'catkin_cmake_args': None, 'catkin_skip_building_tests': False, 'cmake_args': None, 'cmake_clean_cache': False, 'cmake_clean_first': False, 'cmake_force_configure': False, 'cmake_target': None, 'cmake_target_skip_unavailable': False, 'install_base': '/home/dbot/robot_ws/install/dbot', 'merge_install': False, 'path': '/home/dbot/robot_ws/src/dbot', 'symlink_install': True, 'test_result_base': None}
[1.757s] Level 5:colcon.colcon_core.verb:set package 'serial' build argument 'cmake_args' from command line to 'None'
[1.757s] Level 5:colcon.colcon_core.verb:set package 'serial' build argument 'cmake_target' from command line to 'None'
[1.757s] Level 5:colcon.colcon_core.verb:set package 'serial' build argument 'cmake_target_skip_unavailable' from command line to 'False'
[1.758s] Level 5:colcon.colcon_core.verb:set package 'serial' build argument 'cmake_clean_cache' from command line to 'False'
[1.758s] Level 5:colcon.colcon_core.verb:set package 'serial' build argument 'cmake_clean_first' from command line to 'False'
[1.758s] Level 5:colcon.colcon_core.verb:set package 'serial' build argument 'cmake_force_configure' from command line to 'False'
[1.758s] Level 5:colcon.colcon_core.verb:set package 'serial' build argument 'ament_cmake_args' from command line to 'None'
[1.758s] Level 5:colcon.colcon_core.verb:set package 'serial' build argument 'catkin_cmake_args' from command line to 'None'
[1.758s] Level 5:colcon.colcon_core.verb:set package 'serial' build argument 'catkin_skip_building_tests' from command line to 'False'
[1.758s] DEBUG:colcon.colcon_core.verb:Building package 'serial' with the following arguments: {'ament_cmake_args': None, 'build_base': '/home/dbot/robot_ws/build/serial', 'catkin_cmake_args': None, 'catkin_skip_building_tests': False, 'cmake_args': None, 'cmake_clean_cache': False, 'cmake_clean_first': False, 'cmake_force_configure': False, 'cmake_target': None, 'cmake_target_skip_unavailable': False, 'install_base': '/home/dbot/robot_ws/install/serial', 'merge_install': False, 'path': '/home/dbot/robot_ws/src/serial', 'symlink_install': True, 'test_result_base': None}
[1.760s] Level 5:colcon.colcon_core.verb:set package 'serial_motor_demo_msgs' build argument 'cmake_args' from command line to 'None'
[1.760s] Level 5:colcon.colcon_core.verb:set package 'serial_motor_demo_msgs' build argument 'cmake_target' from command line to 'None'
[1.760s] Level 5:colcon.colcon_core.verb:set package 'serial_motor_demo_msgs' build argument 'cmake_target_skip_unavailable' from command line to 'False'
[1.760s] Level 5:colcon.colcon_core.verb:set package 'serial_motor_demo_msgs' build argument 'cmake_clean_cache' from command line to 'False'
[1.760s] Level 5:colcon.colcon_core.verb:set package 'serial_motor_demo_msgs' build argument 'cmake_clean_first' from command line to 'False'
[1.760s] Level 5:colcon.colcon_core.verb:set package 'serial_motor_demo_msgs' build argument 'cmake_force_configure' from command line to 'False'
[1.760s] Level 5:colcon.colcon_core.verb:set package 'serial_motor_demo_msgs' build argument 'ament_cmake_args' from command line to 'None'
[1.761s] Level 5:colcon.colcon_core.verb:set package 'serial_motor_demo_msgs' build argument 'catkin_cmake_args' from command line to 'None'
[1.761s] Level 5:colcon.colcon_core.verb:set package 'serial_motor_demo_msgs' build argument 'catkin_skip_building_tests' from command line to 'False'
[1.761s] DEBUG:colcon.colcon_core.verb:Building package 'serial_motor_demo_msgs' with the following arguments: {'ament_cmake_args': None, 'build_base': '/home/dbot/robot_ws/build/serial_motor_demo_msgs', 'catkin_cmake_args': None, 'catkin_skip_building_tests': False, 'cmake_args': None, 'cmake_clean_cache': False, 'cmake_clean_first': False, 'cmake_force_configure': False, 'cmake_target': None, 'cmake_target_skip_unavailable': False, 'install_base': '/home/dbot/robot_ws/install/serial_motor_demo_msgs', 'merge_install': False, 'path': '/home/dbot/robot_ws/src/serial_motor_demo/serial_motor_demo_msgs', 'symlink_install': True, 'test_result_base': None}
[1.762s] Level 5:colcon.colcon_core.verb:set package 'diffdrive_arduino' build argument 'cmake_args' from command line to 'None'
[1.762s] Level 5:colcon.colcon_core.verb:set package 'diffdrive_arduino' build argument 'cmake_target' from command line to 'None'
[1.763s] Level 5:colcon.colcon_core.verb:set package 'diffdrive_arduino' build argument 'cmake_target_skip_unavailable' from command line to 'False'
[1.763s] Level 5:colcon.colcon_core.verb:set package 'diffdrive_arduino' build argument 'cmake_clean_cache' from command line to 'False'
[1.763s] Level 5:colcon.colcon_core.verb:set package 'diffdrive_arduino' build argument 'cmake_clean_first' from command line to 'False'
[1.763s] Level 5:colcon.colcon_core.verb:set package 'diffdrive_arduino' build argument 'cmake_force_configure' from command line to 'False'
[1.763s] Level 5:colcon.colcon_core.verb:set package 'diffdrive_arduino' build argument 'ament_cmake_args' from command line to 'None'
[1.763s] Level 5:colcon.colcon_core.verb:set package 'diffdrive_arduino' build argument 'catkin_cmake_args' from command line to 'None'
[1.763s] Level 5:colcon.colcon_core.verb:set package 'diffdrive_arduino' build argument 'catkin_skip_building_tests' from command line to 'False'
[1.763s] DEBUG:colcon.colcon_core.verb:Building package 'diffdrive_arduino' with the following arguments: {'ament_cmake_args': None, 'build_base': '/home/dbot/robot_ws/build/diffdrive_arduino', 'catkin_cmake_args': None, 'catkin_skip_building_tests': False, 'cmake_args': None, 'cmake_clean_cache': False, 'cmake_clean_first': False, 'cmake_force_configure': False, 'cmake_target': None, 'cmake_target_skip_unavailable': False, 'install_base': '/home/dbot/robot_ws/install/diffdrive_arduino', 'merge_install': False, 'path': '/home/dbot/robot_ws/src/diffdrive_arduino', 'symlink_install': True, 'test_result_base': None}
[1.765s] Level 5:colcon.colcon_core.verb:set package 'serial_motor_demo' build argument 'cmake_args' from command line to 'None'
[1.765s] Level 5:colcon.colcon_core.verb:set package 'serial_motor_demo' build argument 'cmake_target' from command line to 'None'
[1.765s] Level 5:colcon.colcon_core.verb:set package 'serial_motor_demo' build argument 'cmake_target_skip_unavailable' from command line to 'False'
[1.765s] Level 5:colcon.colcon_core.verb:set package 'serial_motor_demo' build argument 'cmake_clean_cache' from command line to 'False'
[1.765s] Level 5:colcon.colcon_core.verb:set package 'serial_motor_demo' build argument 'cmake_clean_first' from command line to 'False'
[1.765s] Level 5:colcon.colcon_core.verb:set package 'serial_motor_demo' build argument 'cmake_force_configure' from command line to 'False'
[1.766s] Level 5:colcon.colcon_core.verb:set package 'serial_motor_demo' build argument 'ament_cmake_args' from command line to 'None'
[1.766s] Level 5:colcon.colcon_core.verb:set package 'serial_motor_demo' build argument 'catkin_cmake_args' from command line to 'None'
[1.766s] Level 5:colcon.colcon_core.verb:set package 'serial_motor_demo' build argument 'catkin_skip_building_tests' from command line to 'False'
[1.766s] DEBUG:colcon.colcon_core.verb:Building package 'serial_motor_demo' with the following arguments: {'ament_cmake_args': None, 'build_base': '/home/dbot/robot_ws/build/serial_motor_demo', 'catkin_cmake_args': None, 'catkin_skip_building_tests': False, 'cmake_args': None, 'cmake_clean_cache': False, 'cmake_clean_first': False, 'cmake_force_configure': False, 'cmake_target': None, 'cmake_target_skip_unavailable': False, 'install_base': '/home/dbot/robot_ws/install/serial_motor_demo', 'merge_install': False, 'path': '/home/dbot/robot_ws/src/serial_motor_demo/serial_motor_demo', 'symlink_install': True, 'test_result_base': None}
[1.766s] INFO:colcon.colcon_core.executor:Executing jobs using 'parallel' executor
[1.770s] DEBUG:colcon.colcon_parallel_executor.executor.parallel:run_until_complete
[1.771s] INFO:colcon.colcon_ros.task.ament_cmake.build:Building ROS package in '/home/dbot/robot_ws/src/serial' with build type 'ament_cmake'
[1.772s] INFO:colcon.colcon_cmake.task.cmake.build:Building CMake package in '/home/dbot/robot_ws/src/serial'
[1.781s] INFO:colcon.colcon_core.plugin_system:Skipping extension 'colcon_core.shell.bat': Not used on non-Windows systems
[1.782s] INFO:colcon.colcon_core.shell:Skip shell extension 'powershell' for command environment: Not usable outside of PowerShell
[1.782s] DEBUG:colcon.colcon_core.shell:Skip shell extension 'dsv' for command environment
[1.806s] INFO:colcon.colcon_ros.task.ament_cmake.build:Building ROS package in '/home/dbot/robot_ws/src/serial_motor_demo/serial_motor_demo_msgs' with build type 'ament_cmake'
[1.806s] INFO:colcon.colcon_cmake.task.cmake.build:Building CMake package in '/home/dbot/robot_ws/src/serial_motor_demo/serial_motor_demo_msgs'
[1.807s] INFO:colcon.colcon_core.shell:Skip shell extension 'powershell' for command environment: Not usable outside of PowerShell
[1.808s] DEBUG:colcon.colcon_core.shell:Skip shell extension 'dsv' for command environment
[1.856s] INFO:colcon.colcon_ros.task.ament_cmake.build:Building ROS package in '/home/dbot/robot_ws/src/dbot' with build type 'ament_cmake'
[1.857s] INFO:colcon.colcon_cmake.task.cmake.build:Building CMake package in '/home/dbot/robot_ws/src/dbot'
[1.860s] INFO:colcon.colcon_core.shell:Skip shell extension 'powershell' for command environment: Not usable outside of PowerShell
[1.861s] DEBUG:colcon.colcon_core.shell:Skip shell extension 'dsv' for command environment
[1.954s] DEBUG:colcon.colcon_core.event_handler.log_command:Invoking command in '/home/dbot/robot_ws/build/serial': CMAKE_PREFIX_PATH=${CMAKE_PREFIX_PATH}:/home/dbot/robot_ws/install/serial_motor_demo:/opt/ros/humble /usr/bin/cmake --build /home/dbot/robot_ws/build/serial -- -j4 -l4
[2.015s] DEBUG:colcon.colcon_core.event_handler.log_command:Invoking command in '/home/dbot/robot_ws/build/serial_motor_demo_msgs': CMAKE_PREFIX_PATH=${CMAKE_PREFIX_PATH}:/home/dbot/robot_ws/install/serial_motor_demo:/opt/ros/humble /usr/bin/cmake --build /home/dbot/robot_ws/build/serial_motor_demo_msgs -- -j4 -l4
[2.062s] DEBUG:colcon.colcon_core.event_handler.log_command:Invoking command in '/home/dbot/robot_ws/build/dbot': CMAKE_PREFIX_PATH=${CMAKE_PREFIX_PATH}:/home/dbot/robot_ws/install/serial_motor_demo:/opt/ros/humble /usr/bin/cmake --build /home/dbot/robot_ws/build/dbot -- -j4 -l4
[2.605s] DEBUG:colcon.colcon_core.event_handler.log_command:Invoked command in '/home/dbot/robot_ws/build/dbot' returned '0': CMAKE_PREFIX_PATH=${CMAKE_PREFIX_PATH}:/home/dbot/robot_ws/install/serial_motor_demo:/opt/ros/humble /usr/bin/cmake --build /home/dbot/robot_ws/build/dbot -- -j4 -l4
[2.784s] DEBUG:colcon.colcon_core.event_handler.log_command:Invoking command in '/home/dbot/robot_ws/build/dbot': CMAKE_PREFIX_PATH=${CMAKE_PREFIX_PATH}:/home/dbot/robot_ws/install/serial_motor_demo:/opt/ros/humble /usr/bin/cmake --install /home/dbot/robot_ws/build/dbot
[3.617s] Level 1:colcon.colcon_core.environment:create_environment_scripts_only(dbot)
[3.623s] DEBUG:colcon.colcon_core.event_handler.log_command:Invoked command in '/home/dbot/robot_ws/build/dbot' returned '0': CMAKE_PREFIX_PATH=${CMAKE_PREFIX_PATH}:/home/dbot/robot_ws/install/serial_motor_demo:/opt/ros/humble /usr/bin/cmake --install /home/dbot/robot_ws/build/dbot
[3.664s] Level 1:colcon.colcon_core.environment:checking '/home/dbot/robot_ws/install/dbot' for CMake module files
[3.673s] Level 1:colcon.colcon_core.environment:checking '/home/dbot/robot_ws/install/dbot' for CMake config files
[3.698s] Level 1:colcon.colcon_core.shell:create_environment_hook('dbot', 'cmake_prefix_path')
[3.701s] INFO:colcon.colcon_core.shell:Creating environment hook '/home/dbot/robot_ws/install/dbot/share/dbot/hook/cmake_prefix_path.ps1'
[3.732s] INFO:colcon.colcon_core.shell:Creating environment descriptor '/home/dbot/robot_ws/install/dbot/share/dbot/hook/cmake_prefix_path.dsv'
[3.738s] INFO:colcon.colcon_core.shell:Creating environment hook '/home/dbot/robot_ws/install/dbot/share/dbot/hook/cmake_prefix_path.sh'
[3.758s] Level 1:colcon.colcon_core.environment:checking '/home/dbot/robot_ws/install/dbot/bin'
[3.759s] Level 1:colcon.colcon_core.environment:checking '/home/dbot/robot_ws/install/dbot/lib/pkgconfig/dbot.pc'
[3.762s] Level 1:colcon.colcon_core.environment:checking '/home/dbot/robot_ws/install/dbot/lib/python3.10/site-packages'
[3.767s] Level 1:colcon.colcon_core.environment:checking '/home/dbot/robot_ws/install/dbot/bin'
[3.771s] INFO:colcon.colcon_core.shell:Creating package script '/home/dbot/robot_ws/install/dbot/share/dbot/package.ps1'
[3.782s] INFO:colcon.colcon_core.shell:Creating package descriptor '/home/dbot/robot_ws/install/dbot/share/dbot/package.dsv'
[3.789s] INFO:colcon.colcon_core.shell:Creating package script '/home/dbot/robot_ws/install/dbot/share/dbot/package.sh'
[3.801s] INFO:colcon.colcon_core.shell:Creating package script '/home/dbot/robot_ws/install/dbot/share/dbot/package.bash'
[3.812s] INFO:colcon.colcon_core.shell:Creating package script '/home/dbot/robot_ws/install/dbot/share/dbot/package.zsh'
[3.821s] Level 1:colcon.colcon_core.environment:create_file_with_runtime_dependencies(/home/dbot/robot_ws/install/dbot/share/colcon-core/packages/dbot)
[3.828s] Level 1:colcon.colcon_core.environment:create_environment_scripts_only(dbot)
[3.831s] Level 1:colcon.colcon_core.environment:checking '/home/dbot/robot_ws/install/dbot' for CMake module files
[3.839s] Level 1:colcon.colcon_core.environment:checking '/home/dbot/robot_ws/install/dbot' for CMake config files
[3.852s] Level 1:colcon.colcon_core.shell:create_environment_hook('dbot', 'cmake_prefix_path')
[3.854s] INFO:colcon.colcon_core.shell:Creating environment hook '/home/dbot/robot_ws/install/dbot/share/dbot/hook/cmake_prefix_path.ps1'
[3.860s] INFO:colcon.colcon_core.shell:Creating environment descriptor '/home/dbot/robot_ws/install/dbot/share/dbot/hook/cmake_prefix_path.dsv'
[3.865s] INFO:colcon.colcon_core.shell:Creating environment hook '/home/dbot/robot_ws/install/dbot/share/dbot/hook/cmake_prefix_path.sh'
[3.873s] Level 1:colcon.colcon_core.environment:checking '/home/dbot/robot_ws/install/dbot/bin'
[3.874s] Level 1:colcon.colcon_core.environment:checking '/home/dbot/robot_ws/install/dbot/lib/pkgconfig/dbot.pc'
[3.877s] Level 1:colcon.colcon_core.environment:checking '/home/dbot/robot_ws/install/dbot/lib/python3.10/site-packages'
[3.882s] Level 1:colcon.colcon_core.environment:checking '/home/dbot/robot_ws/install/dbot/bin'
[3.885s] INFO:colcon.colcon_core.shell:Creating package script '/home/dbot/robot_ws/install/dbot/share/dbot/package.ps1'
[3.892s] INFO:colcon.colcon_core.shell:Creating package descriptor '/home/dbot/robot_ws/install/dbot/share/dbot/package.dsv'
[3.902s] INFO:colcon.colcon_core.shell:Creating package script '/home/dbot/robot_ws/install/dbot/share/dbot/package.sh'
[3.909s] INFO:colcon.colcon_core.shell:Creating package script '/home/dbot/robot_ws/install/dbot/share/dbot/package.bash'
[3.916s] INFO:colcon.colcon_core.shell:Creating package script '/home/dbot/robot_ws/install/dbot/share/dbot/package.zsh'
[3.921s] Level 1:colcon.colcon_core.environment:create_file_with_runtime_dependencies(/home/dbot/robot_ws/install/dbot/share/colcon-core/packages/dbot)
[3.930s] DEBUG:colcon.colcon_core.event_handler.log_command:Invoked command in '/home/dbot/robot_ws/build/serial' returned '0': CMAKE_PREFIX_PATH=${CMAKE_PREFIX_PATH}:/home/dbot/robot_ws/install/serial_motor_demo:/opt/ros/humble /usr/bin/cmake --build /home/dbot/robot_ws/build/serial -- -j4 -l4
[3.936s] DEBUG:colcon.colcon_core.event_handler.log_command:Invoking command in '/home/dbot/robot_ws/build/serial': CMAKE_PREFIX_PATH=${CMAKE_PREFIX_PATH}:/home/dbot/robot_ws/install/serial_motor_demo:/opt/ros/humble /usr/bin/cmake --install /home/dbot/robot_ws/build/serial
[4.095s] Level 1:colcon.colcon_core.environment:create_environment_scripts_only(serial)
[4.099s] DEBUG:colcon.colcon_core.event_handler.log_command:Invoked command in '/home/dbot/robot_ws/build/serial' returned '0': CMAKE_PREFIX_PATH=${CMAKE_PREFIX_PATH}:/home/dbot/robot_ws/install/serial_motor_demo:/opt/ros/humble /usr/bin/cmake --install /home/dbot/robot_ws/build/serial
[4.102s] Level 1:colcon.colcon_core.environment:checking '/home/dbot/robot_ws/install/serial' for CMake module files
[4.114s] Level 1:colcon.colcon_core.environment:checking '/home/dbot/robot_ws/install/serial' for CMake config files
[4.122s] Level 1:colcon.colcon_core.shell:create_environment_hook('serial', 'cmake_prefix_path')
[4.125s] INFO:colcon.colcon_core.shell:Creating environment hook '/home/dbot/robot_ws/install/serial/share/serial/hook/cmake_prefix_path.ps1'
[4.130s] INFO:colcon.colcon_core.shell:Creating environment descriptor '/home/dbot/robot_ws/install/serial/share/serial/hook/cmake_prefix_path.dsv'
[4.135s] INFO:colcon.colcon_core.shell:Creating environment hook '/home/dbot/robot_ws/install/serial/share/serial/hook/cmake_prefix_path.sh'
[4.142s] Level 1:colcon.colcon_core.environment:checking '/home/dbot/robot_ws/install/serial/lib'
[4.145s] Level 1:colcon.colcon_core.environment:checking '/home/dbot/robot_ws/install/serial/bin'
[4.146s] Level 1:colcon.colcon_core.environment:checking '/home/dbot/robot_ws/install/serial/lib/pkgconfig/serial.pc'
[4.149s] Level 1:colcon.colcon_core.environment:checking '/home/dbot/robot_ws/install/serial/lib/python3.10/site-packages'
[4.153s] Level 1:colcon.colcon_core.environment:checking '/home/dbot/robot_ws/install/serial/bin'
[4.157s] INFO:colcon.colcon_core.shell:Creating package script '/home/dbot/robot_ws/install/serial/share/serial/package.ps1'
[4.164s] INFO:colcon.colcon_core.shell:Creating package descriptor '/home/dbot/robot_ws/install/serial/share/serial/package.dsv'
[4.170s] INFO:colcon.colcon_core.shell:Creating package script '/home/dbot/robot_ws/install/serial/share/serial/package.sh'
[4.176s] INFO:colcon.colcon_core.shell:Creating package script '/home/dbot/robot_ws/install/serial/share/serial/package.bash'
[4.181s] INFO:colcon.colcon_core.shell:Creating package script '/home/dbot/robot_ws/install/serial/share/serial/package.zsh'
[4.191s] Level 1:colcon.colcon_core.environment:create_file_with_runtime_dependencies(/home/dbot/robot_ws/install/serial/share/colcon-core/packages/serial)
[4.199s] Level 1:colcon.colcon_core.environment:create_environment_scripts_only(serial)
[4.201s] Level 1:colcon.colcon_core.environment:checking '/home/dbot/robot_ws/install/serial' for CMake module files
[4.214s] Level 1:colcon.colcon_core.environment:checking '/home/dbot/robot_ws/install/serial' for CMake config files
[4.222s] Level 1:colcon.colcon_core.shell:create_environment_hook('serial', 'cmake_prefix_path')
[4.225s] INFO:colcon.colcon_core.shell:Creating environment hook '/home/dbot/robot_ws/install/serial/share/serial/hook/cmake_prefix_path.ps1'
[4.233s] INFO:colcon.colcon_core.shell:Creating environment descriptor '/home/dbot/robot_ws/install/serial/share/serial/hook/cmake_prefix_path.dsv'
[4.241s] INFO:colcon.colcon_core.shell:Creating environment hook '/home/dbot/robot_ws/install/serial/share/serial/hook/cmake_prefix_path.sh'
[4.250s] Level 1:colcon.colcon_core.environment:checking '/home/dbot/robot_ws/install/serial/lib'
[4.251s] Level 1:colcon.colcon_core.environment:checking '/home/dbot/robot_ws/install/serial/bin'
[4.253s] Level 1:colcon.colcon_core.environment:checking '/home/dbot/robot_ws/install/serial/lib/pkgconfig/serial.pc'
[4.255s] Level 1:colcon.colcon_core.environment:checking '/home/dbot/robot_ws/install/serial/lib/python3.10/site-packages'
[4.260s] Level 1:colcon.colcon_core.environment:checking '/home/dbot/robot_ws/install/serial/bin'
[4.263s] INFO:colcon.colcon_core.shell:Creating package script '/home/dbot/robot_ws/install/serial/share/serial/package.ps1'
[4.270s] INFO:colcon.colcon_core.shell:Creating package descriptor '/home/dbot/robot_ws/install/serial/share/serial/package.dsv'
[4.277s] INFO:colcon.colcon_core.shell:Creating package script '/home/dbot/robot_ws/install/serial/share/serial/package.sh'
[4.284s] INFO:colcon.colcon_core.shell:Creating package script '/home/dbot/robot_ws/install/serial/share/serial/package.bash'
[4.290s] INFO:colcon.colcon_core.shell:Creating package script '/home/dbot/robot_ws/install/serial/share/serial/package.zsh'
[4.297s] Level 1:colcon.colcon_core.environment:create_file_with_runtime_dependencies(/home/dbot/robot_ws/install/serial/share/colcon-core/packages/serial)
[4.303s] INFO:colcon.colcon_ros.task.ament_cmake.build:Building ROS package in '/home/dbot/robot_ws/src/diffdrive_arduino' with build type 'ament_cmake'
[4.306s] INFO:colcon.colcon_cmake.task.cmake.build:Building CMake package in '/home/dbot/robot_ws/src/diffdrive_arduino'
[4.311s] INFO:colcon.colcon_core.shell:Skip shell extension 'powershell' for command environment: Not usable outside of PowerShell
[4.313s] DEBUG:colcon.colcon_core.shell:Skip shell extension 'dsv' for command environment
[4.470s] DEBUG:colcon.colcon_core.event_handler.log_command:Invoking command in '/home/dbot/robot_ws/build/diffdrive_arduino': CMAKE_PREFIX_PATH=/home/dbot/robot_ws/install/serial:/home/dbot/robot_ws/install/serial_motor_demo_msgs:/home/dbot/robot_ws/install/diffdrive_arduino:/home/dbot/robot_ws/install/dbot:/home/dbot/robot_ws/install/serial_motor_demo:/opt/ros/humble /usr/bin/cmake --build /home/dbot/robot_ws/build/diffdrive_arduino -- -j4 -l4
[5.499s] DEBUG:colcon.colcon_core.event_handler.log_command:Invoked command in '/home/dbot/robot_ws/build/diffdrive_arduino' returned '0': CMAKE_PREFIX_PATH=/home/dbot/robot_ws/install/serial:/home/dbot/robot_ws/install/serial_motor_demo_msgs:/home/dbot/robot_ws/install/diffdrive_arduino:/home/dbot/robot_ws/install/dbot:/home/dbot/robot_ws/install/serial_motor_demo:/opt/ros/humble /usr/bin/cmake --build /home/dbot/robot_ws/build/diffdrive_arduino -- -j4 -l4
[5.521s] DEBUG:colcon.colcon_core.event_handler.log_command:Invoking command in '/home/dbot/robot_ws/build/diffdrive_arduino': CMAKE_PREFIX_PATH=/home/dbot/robot_ws/install/serial:/home/dbot/robot_ws/install/serial_motor_demo_msgs:/home/dbot/robot_ws/install/diffdrive_arduino:/home/dbot/robot_ws/install/dbot:/home/dbot/robot_ws/install/serial_motor_demo:/opt/ros/humble /usr/bin/cmake --install /home/dbot/robot_ws/build/diffdrive_arduino
[5.794s] Level 1:colcon.colcon_core.environment:create_environment_scripts_only(diffdrive_arduino)
[5.797s] Level 1:colcon.colcon_core.environment:checking '/home/dbot/robot_ws/install/diffdrive_arduino' for CMake module files
[5.802s] DEBUG:colcon.colcon_core.event_handler.log_command:Invoked command in '/home/dbot/robot_ws/build/diffdrive_arduino' returned '0': CMAKE_PREFIX_PATH=/home/dbot/robot_ws/install/serial:/home/dbot/robot_ws/install/serial_motor_demo_msgs:/home/dbot/robot_ws/install/diffdrive_arduino:/home/dbot/robot_ws/install/dbot:/home/dbot/robot_ws/install/serial_motor_demo:/opt/ros/humble /usr/bin/cmake --install /home/dbot/robot_ws/build/diffdrive_arduino
[5.810s] Level 1:colcon.colcon_core.environment:checking '/home/dbot/robot_ws/install/diffdrive_arduino' for CMake config files
[5.821s] Level 1:colcon.colcon_core.shell:create_environment_hook('diffdrive_arduino', 'cmake_prefix_path')
[5.824s] INFO:colcon.colcon_core.shell:Creating environment hook '/home/dbot/robot_ws/install/diffdrive_arduino/share/diffdrive_arduino/hook/cmake_prefix_path.ps1'
[5.830s] INFO:colcon.colcon_core.shell:Creating environment descriptor '/home/dbot/robot_ws/install/diffdrive_arduino/share/diffdrive_arduino/hook/cmake_prefix_path.dsv'
[5.835s] INFO:colcon.colcon_core.shell:Creating environment hook '/home/dbot/robot_ws/install/diffdrive_arduino/share/diffdrive_arduino/hook/cmake_prefix_path.sh'
[5.842s] Level 1:colcon.colcon_core.environment:checking '/home/dbot/robot_ws/install/diffdrive_arduino/lib'
[5.843s] Level 1:colcon.colcon_core.shell:create_environment_hook('diffdrive_arduino', 'ld_library_path_lib')
[5.846s] INFO:colcon.colcon_core.shell:Creating environment hook '/home/dbot/robot_ws/install/diffdrive_arduino/share/diffdrive_arduino/hook/ld_library_path_lib.ps1'
[5.851s] INFO:colcon.colcon_core.shell:Creating environment descriptor '/home/dbot/robot_ws/install/diffdrive_arduino/share/diffdrive_arduino/hook/ld_library_path_lib.dsv'
[5.855s] INFO:colcon.colcon_core.shell:Creating environment hook '/home/dbot/robot_ws/install/diffdrive_arduino/share/diffdrive_arduino/hook/ld_library_path_lib.sh'
[5.860s] Level 1:colcon.colcon_core.environment:checking '/home/dbot/robot_ws/install/diffdrive_arduino/bin'
[5.861s] Level 1:colcon.colcon_core.environment:checking '/home/dbot/robot_ws/install/diffdrive_arduino/lib/pkgconfig/diffdrive_arduino.pc'
[5.863s] Level 1:colcon.colcon_core.environment:checking '/home/dbot/robot_ws/install/diffdrive_arduino/lib/python3.10/site-packages'
[5.868s] Level 1:colcon.colcon_core.environment:checking '/home/dbot/robot_ws/install/diffdrive_arduino/bin'
[5.871s] INFO:colcon.colcon_core.shell:Creating package script '/home/dbot/robot_ws/install/diffdrive_arduino/share/diffdrive_arduino/package.ps1'
[5.877s] INFO:colcon.colcon_core.shell:Creating package descriptor '/home/dbot/robot_ws/install/diffdrive_arduino/share/diffdrive_arduino/package.dsv'
[5.882s] INFO:colcon.colcon_core.shell:Creating package script '/home/dbot/robot_ws/install/diffdrive_arduino/share/diffdrive_arduino/package.sh'
[5.888s] INFO:colcon.colcon_core.shell:Creating package script '/home/dbot/robot_ws/install/diffdrive_arduino/share/diffdrive_arduino/package.bash'
[5.893s] INFO:colcon.colcon_core.shell:Creating package script '/home/dbot/robot_ws/install/diffdrive_arduino/share/diffdrive_arduino/package.zsh'
[5.897s] Level 1:colcon.colcon_core.environment:create_file_with_runtime_dependencies(/home/dbot/robot_ws/install/diffdrive_arduino/share/colcon-core/packages/diffdrive_arduino)
[5.904s] Level 1:colcon.colcon_core.environment:create_environment_scripts_only(diffdrive_arduino)
[5.906s] Level 1:colcon.colcon_core.environment:checking '/home/dbot/robot_ws/install/diffdrive_arduino' for CMake module files
[5.915s] Level 1:colcon.colcon_core.environment:checking '/home/dbot/robot_ws/install/diffdrive_arduino' for CMake config files
[5.926s] Level 1:colcon.colcon_core.shell:create_environment_hook('diffdrive_arduino', 'cmake_prefix_path')
[5.928s] INFO:colcon.colcon_core.shell:Creating environment hook '/home/dbot/robot_ws/install/diffdrive_arduino/share/diffdrive_arduino/hook/cmake_prefix_path.ps1'
[5.934s] INFO:colcon.colcon_core.shell:Creating environment descriptor '/home/dbot/robot_ws/install/diffdrive_arduino/share/diffdrive_arduino/hook/cmake_prefix_path.dsv'
[5.939s] INFO:colcon.colcon_core.shell:Creating environment hook '/home/dbot/robot_ws/install/diffdrive_arduino/share/diffdrive_arduino/hook/cmake_prefix_path.sh'
[5.946s] Level 1:colcon.colcon_core.environment:checking '/home/dbot/robot_ws/install/diffdrive_arduino/lib'
[5.947s] Level 1:colcon.colcon_core.shell:create_environment_hook('diffdrive_arduino', 'ld_library_path_lib')
[5.949s] INFO:colcon.colcon_core.shell:Creating environment hook '/home/dbot/robot_ws/install/diffdrive_arduino/share/diffdrive_arduino/hook/ld_library_path_lib.ps1'
[5.954s] INFO:colcon.colcon_core.shell:Creating environment descriptor '/home/dbot/robot_ws/install/diffdrive_arduino/share/diffdrive_arduino/hook/ld_library_path_lib.dsv'
[5.959s] INFO:colcon.colcon_core.shell:Creating environment hook '/home/dbot/robot_ws/install/diffdrive_arduino/share/diffdrive_arduino/hook/ld_library_path_lib.sh'
[5.964s] Level 1:colcon.colcon_core.environment:checking '/home/dbot/robot_ws/install/diffdrive_arduino/bin'
[5.965s] Level 1:colcon.colcon_core.environment:checking '/home/dbot/robot_ws/install/diffdrive_arduino/lib/pkgconfig/diffdrive_arduino.pc'
[5.968s] Level 1:colcon.colcon_core.environment:checking '/home/dbot/robot_ws/install/diffdrive_arduino/lib/python3.10/site-packages'
[5.972s] Level 1:colcon.colcon_core.environment:checking '/home/dbot/robot_ws/install/diffdrive_arduino/bin'
[5.976s] INFO:colcon.colcon_core.shell:Creating package script '/home/dbot/robot_ws/install/diffdrive_arduino/share/diffdrive_arduino/package.ps1'
[5.982s] INFO:colcon.colcon_core.shell:Creating package descriptor '/home/dbot/robot_ws/install/diffdrive_arduino/share/diffdrive_arduino/package.dsv'
[5.988s] INFO:colcon.colcon_core.shell:Creating package script '/home/dbot/robot_ws/install/diffdrive_arduino/share/diffdrive_arduino/package.sh'
[5.994s] INFO:colcon.colcon_core.shell:Creating package script '/home/dbot/robot_ws/install/diffdrive_arduino/share/diffdrive_arduino/package.bash'
[6.001s] INFO:colcon.colcon_core.shell:Creating package script '/home/dbot/robot_ws/install/diffdrive_arduino/share/diffdrive_arduino/package.zsh'
[6.006s] Level 1:colcon.colcon_core.environment:create_file_with_runtime_dependencies(/home/dbot/robot_ws/install/diffdrive_arduino/share/colcon-core/packages/diffdrive_arduino)
[7.358s] DEBUG:colcon.colcon_core.event_handler.log_command:Invoked command in '/home/dbot/robot_ws/build/serial_motor_demo_msgs' returned '0': CMAKE_PREFIX_PATH=${CMAKE_PREFIX_PATH}:/home/dbot/robot_ws/install/serial_motor_demo:/opt/ros/humble /usr/bin/cmake --build /home/dbot/robot_ws/build/serial_motor_demo_msgs -- -j4 -l4
[7.368s] DEBUG:colcon.colcon_core.event_handler.log_command:Invoking command in '/home/dbot/robot_ws/build/serial_motor_demo_msgs': CMAKE_PREFIX_PATH=${CMAKE_PREFIX_PATH}:/home/dbot/robot_ws/install/serial_motor_demo:/opt/ros/humble /usr/bin/cmake --install /home/dbot/robot_ws/build/serial_motor_demo_msgs
[8.226s] Level 1:colcon.colcon_core.environment:create_environment_scripts_only(serial_motor_demo_msgs)
[8.229s] Level 1:colcon.colcon_core.environment:checking '/home/dbot/robot_ws/install/serial_motor_demo_msgs' for CMake module files
[8.233s] DEBUG:colcon.colcon_core.event_handler.log_command:Invoked command in '/home/dbot/robot_ws/build/serial_motor_demo_msgs' returned '0': CMAKE_PREFIX_PATH=${CMAKE_PREFIX_PATH}:/home/dbot/robot_ws/install/serial_motor_demo:/opt/ros/humble /usr/bin/cmake --install /home/dbot/robot_ws/build/serial_motor_demo_msgs
[8.244s] Level 1:colcon.colcon_core.environment:checking '/home/dbot/robot_ws/install/serial_motor_demo_msgs' for CMake config files
[8.271s] Level 1:colcon.colcon_core.shell:create_environment_hook('serial_motor_demo_msgs', 'cmake_prefix_path')
[8.274s] INFO:colcon.colcon_core.shell:Creating environment hook '/home/dbot/robot_ws/install/serial_motor_demo_msgs/share/serial_motor_demo_msgs/hook/cmake_prefix_path.ps1'
[8.279s] INFO:colcon.colcon_core.shell:Creating environment descriptor '/home/dbot/robot_ws/install/serial_motor_demo_msgs/share/serial_motor_demo_msgs/hook/cmake_prefix_path.dsv'
[8.283s] INFO:colcon.colcon_core.shell:Creating environment hook '/home/dbot/robot_ws/install/serial_motor_demo_msgs/share/serial_motor_demo_msgs/hook/cmake_prefix_path.sh'
[8.290s] Level 1:colcon.colcon_core.environment:checking '/home/dbot/robot_ws/install/serial_motor_demo_msgs/lib'
[8.292s] Level 1:colcon.colcon_core.shell:create_environment_hook('serial_motor_demo_msgs', 'ld_library_path_lib')
[8.294s] INFO:colcon.colcon_core.shell:Creating environment hook '/home/dbot/robot_ws/install/serial_motor_demo_msgs/share/serial_motor_demo_msgs/hook/ld_library_path_lib.ps1'
[8.299s] INFO:colcon.colcon_core.shell:Creating environment descriptor '/home/dbot/robot_ws/install/serial_motor_demo_msgs/share/serial_motor_demo_msgs/hook/ld_library_path_lib.dsv'
[8.303s] INFO:colcon.colcon_core.shell:Creating environment hook '/home/dbot/robot_ws/install/serial_motor_demo_msgs/share/serial_motor_demo_msgs/hook/ld_library_path_lib.sh'
[8.308s] Level 1:colcon.colcon_core.environment:checking '/home/dbot/robot_ws/install/serial_motor_demo_msgs/bin'
[8.309s] Level 1:colcon.colcon_core.environment:checking '/home/dbot/robot_ws/install/serial_motor_demo_msgs/lib/pkgconfig/serial_motor_demo_msgs.pc'
[8.312s] Level 1:colcon.colcon_core.environment:checking '/home/dbot/robot_ws/install/serial_motor_demo_msgs/lib/python3.10/site-packages'
[8.315s] Level 1:colcon.colcon_core.environment:checking '/home/dbot/robot_ws/install/serial_motor_demo_msgs/bin'
[8.319s] INFO:colcon.colcon_core.shell:Creating package script '/home/dbot/robot_ws/install/serial_motor_demo_msgs/share/serial_motor_demo_msgs/package.ps1'
[8.325s] INFO:colcon.colcon_core.shell:Creating package descriptor '/home/dbot/robot_ws/install/serial_motor_demo_msgs/share/serial_motor_demo_msgs/package.dsv'
[8.330s] INFO:colcon.colcon_core.shell:Creating package script '/home/dbot/robot_ws/install/serial_motor_demo_msgs/share/serial_motor_demo_msgs/package.sh'
[8.335s] INFO:colcon.colcon_core.shell:Creating package script '/home/dbot/robot_ws/install/serial_motor_demo_msgs/share/serial_motor_demo_msgs/package.bash'
[8.340s] INFO:colcon.colcon_core.shell:Creating package script '/home/dbot/robot_ws/install/serial_motor_demo_msgs/share/serial_motor_demo_msgs/package.zsh'
[8.345s] Level 1:colcon.colcon_core.environment:create_file_with_runtime_dependencies(/home/dbot/robot_ws/install/serial_motor_demo_msgs/share/colcon-core/packages/serial_motor_demo_msgs)
[8.353s] Level 1:colcon.colcon_core.environment:create_environment_scripts_only(serial_motor_demo_msgs)
[8.355s] Level 1:colcon.colcon_core.environment:checking '/home/dbot/robot_ws/install/serial_motor_demo_msgs' for CMake module files
[8.369s] Level 1:colcon.colcon_core.environment:checking '/home/dbot/robot_ws/install/serial_motor_demo_msgs' for CMake config files
[8.394s] Level 1:colcon.colcon_core.shell:create_environment_hook('serial_motor_demo_msgs', 'cmake_prefix_path')
[8.397s] INFO:colcon.colcon_core.shell:Creating environment hook '/home/dbot/robot_ws/install/serial_motor_demo_msgs/share/serial_motor_demo_msgs/hook/cmake_prefix_path.ps1'
[8.401s] INFO:colcon.colcon_core.shell:Creating environment descriptor '/home/dbot/robot_ws/install/serial_motor_demo_msgs/share/serial_motor_demo_msgs/hook/cmake_prefix_path.dsv'
[8.406s] INFO:colcon.colcon_core.shell:Creating environment hook '/home/dbot/robot_ws/install/serial_motor_demo_msgs/share/serial_motor_demo_msgs/hook/cmake_prefix_path.sh'
[8.413s] Level 1:colcon.colcon_core.environment:checking '/home/dbot/robot_ws/install/serial_motor_demo_msgs/lib'
[8.414s] Level 1:colcon.colcon_core.shell:create_environment_hook('serial_motor_demo_msgs', 'ld_library_path_lib')
[8.417s] INFO:colcon.colcon_core.shell:Creating environment hook '/home/dbot/robot_ws/install/serial_motor_demo_msgs/share/serial_motor_demo_msgs/hook/ld_library_path_lib.ps1'
[8.422s] INFO:colcon.colcon_core.shell:Creating environment descriptor '/home/dbot/robot_ws/install/serial_motor_demo_msgs/share/serial_motor_demo_msgs/hook/ld_library_path_lib.dsv'
[8.426s] INFO:colcon.colcon_core.shell:Creating environment hook '/home/dbot/robot_ws/install/serial_motor_demo_msgs/share/serial_motor_demo_msgs/hook/ld_library_path_lib.sh'
[8.432s] Level 1:colcon.colcon_core.environment:checking '/home/dbot/robot_ws/install/serial_motor_demo_msgs/bin'
[8.433s] Level 1:colcon.colcon_core.environment:checking '/home/dbot/robot_ws/install/serial_motor_demo_msgs/lib/pkgconfig/serial_motor_demo_msgs.pc'
[8.435s] Level 1:colcon.colcon_core.environment:checking '/home/dbot/robot_ws/install/serial_motor_demo_msgs/lib/python3.10/site-packages'
[8.440s] Level 1:colcon.colcon_core.environment:checking '/home/dbot/robot_ws/install/serial_motor_demo_msgs/bin'
[8.443s] INFO:colcon.colcon_core.shell:Creating package script '/home/dbot/robot_ws/install/serial_motor_demo_msgs/share/serial_motor_demo_msgs/package.ps1'
[8.449s] INFO:colcon.colcon_core.shell:Creating package descriptor '/home/dbot/robot_ws/install/serial_motor_demo_msgs/share/serial_motor_demo_msgs/package.dsv'
[8.456s] INFO:colcon.colcon_core.shell:Creating package script '/home/dbot/robot_ws/install/serial_motor_demo_msgs/share/serial_motor_demo_msgs/package.sh'
[8.462s] INFO:colcon.colcon_core.shell:Creating package script '/home/dbot/robot_ws/install/serial_motor_demo_msgs/share/serial_motor_demo_msgs/package.bash'
[8.468s] INFO:colcon.colcon_core.shell:Creating package script '/home/dbot/robot_ws/install/serial_motor_demo_msgs/share/serial_motor_demo_msgs/package.zsh'
[8.474s] Level 1:colcon.colcon_core.environment:create_file_with_runtime_dependencies(/home/dbot/robot_ws/install/serial_motor_demo_msgs/share/colcon-core/packages/serial_motor_demo_msgs)
[8.478s] INFO:colcon.colcon_ros.task.ament_python.build:Building ROS package in '/home/dbot/robot_ws/src/serial_motor_demo/serial_motor_demo' with build type 'ament_python'
[8.479s] Level 1:colcon.colcon_core.shell:create_environment_hook('serial_motor_demo', 'ament_prefix_path')
[8.482s] INFO:colcon.colcon_core.shell:Creating environment hook '/home/dbot/robot_ws/install/serial_motor_demo/share/serial_motor_demo/hook/ament_prefix_path.ps1'
[8.489s] INFO:colcon.colcon_core.shell:Creating environment descriptor '/home/dbot/robot_ws/install/serial_motor_demo/share/serial_motor_demo/hook/ament_prefix_path.dsv'
[8.494s] INFO:colcon.colcon_core.shell:Creating environment hook '/home/dbot/robot_ws/install/serial_motor_demo/share/serial_motor_demo/hook/ament_prefix_path.sh'
[8.502s] INFO:colcon.colcon_core.shell:Skip shell extension 'powershell' for command environment: Not usable outside of PowerShell
[8.503s] DEBUG:colcon.colcon_core.shell:Skip shell extension 'dsv' for command environment
[9.855s] INFO:colcon.colcon_core.task.python.build:Building Python package in '/home/dbot/robot_ws/src/serial_motor_demo/serial_motor_demo'
[9.856s] INFO:colcon.colcon_core.shell:Skip shell extension 'powershell' for command environment: Not usable outside of PowerShell
[9.857s] DEBUG:colcon.colcon_core.shell:Skip shell extension 'dsv' for command environment
[11.584s] DEBUG:colcon.colcon_core.event_handler.log_command:Invoking command in '/home/dbot/robot_ws/build/serial_motor_demo': PYTHONPATH=/home/dbot/robot_ws/build/serial_motor_demo/prefix_override:/usr/lib/python3/dist-packages/colcon_core/task/python/colcon_distutils_commands:/home/dbot/robot_ws/install/serial_motor_demo/lib/python3.10/site-packages:${PYTHONPATH} /usr/bin/python3 -W ignore:setup.py install is deprecated -W ignore:easy_install command is deprecated setup.py develop --editable --build-directory /home/dbot/robot_ws/build/serial_motor_demo/build --no-deps symlink_data
[13.952s] Level 1:colcon.colcon_core.shell:create_environment_hook('serial_motor_demo', 'pythonpath_develop')
[13.954s] INFO:colcon.colcon_core.shell:Creating environment hook '/home/dbot/robot_ws/build/serial_motor_demo/share/serial_motor_demo/hook/pythonpath_develop.ps1'
[13.957s] DEBUG:colcon.colcon_core.event_handler.log_command:Invoked command in '/home/dbot/robot_ws/build/serial_motor_demo' returned '0': PYTHONPATH=/home/dbot/robot_ws/build/serial_motor_demo/prefix_override:/usr/lib/python3/dist-packages/colcon_core/task/python/colcon_distutils_commands:/home/dbot/robot_ws/install/serial_motor_demo/lib/python3.10/site-packages:${PYTHONPATH} /usr/bin/python3 -W ignore:setup.py install is deprecated -W ignore:easy_install command is deprecated setup.py develop --editable --build-directory /home/dbot/robot_ws/build/serial_motor_demo/build --no-deps symlink_data
[13.962s] INFO:colcon.colcon_core.shell:Creating environment descriptor '/home/dbot/robot_ws/build/serial_motor_demo/share/serial_motor_demo/hook/pythonpath_develop.dsv'
[13.966s] INFO:colcon.colcon_core.shell:Creating environment hook '/home/dbot/robot_ws/build/serial_motor_demo/share/serial_motor_demo/hook/pythonpath_develop.sh'
[13.973s] Level 1:colcon.colcon_core.environment:checking '/home/dbot/robot_ws/install/serial_motor_demo' for CMake module files
[13.980s] Level 1:colcon.colcon_core.environment:checking '/home/dbot/robot_ws/install/serial_motor_demo' for CMake config files
[13.988s] Level 1:colcon.colcon_core.environment:checking '/home/dbot/robot_ws/install/serial_motor_demo/lib'
[13.989s] Level 1:colcon.colcon_core.environment:checking '/home/dbot/robot_ws/install/serial_motor_demo/bin'
[13.990s] Level 1:colcon.colcon_core.environment:checking '/home/dbot/robot_ws/install/serial_motor_demo/lib/pkgconfig/serial_motor_demo.pc'
[13.992s] Level 1:colcon.colcon_core.environment:checking '/home/dbot/robot_ws/install/serial_motor_demo/lib/python3.10/site-packages'
[13.993s] Level 1:colcon.colcon_core.shell:create_environment_hook('serial_motor_demo', 'pythonpath')
[13.995s] INFO:colcon.colcon_core.shell:Creating environment hook '/home/dbot/robot_ws/install/serial_motor_demo/share/serial_motor_demo/hook/pythonpath.ps1'
[14.000s] INFO:colcon.colcon_core.shell:Creating environment descriptor '/home/dbot/robot_ws/install/serial_motor_demo/share/serial_motor_demo/hook/pythonpath.dsv'
[14.005s] INFO:colcon.colcon_core.shell:Creating environment hook '/home/dbot/robot_ws/install/serial_motor_demo/share/serial_motor_demo/hook/pythonpath.sh'
[14.014s] Level 1:colcon.colcon_core.environment:checking '/home/dbot/robot_ws/install/serial_motor_demo/bin'
[14.015s] Level 1:colcon.colcon_core.environment:create_environment_scripts_only(serial_motor_demo)
[14.018s] INFO:colcon.colcon_core.shell:Creating package script '/home/dbot/robot_ws/install/serial_motor_demo/share/serial_motor_demo/package.ps1'
[14.024s] INFO:colcon.colcon_core.shell:Creating package descriptor '/home/dbot/robot_ws/install/serial_motor_demo/share/serial_motor_demo/package.dsv'
[14.031s] INFO:colcon.colcon_core.shell:Creating package script '/home/dbot/robot_ws/install/serial_motor_demo/share/serial_motor_demo/package.sh'
[14.038s] INFO:colcon.colcon_core.shell:Creating package script '/home/dbot/robot_ws/install/serial_motor_demo/share/serial_motor_demo/package.bash'
[14.043s] INFO:colcon.colcon_core.shell:Creating package script '/home/dbot/robot_ws/install/serial_motor_demo/share/serial_motor_demo/package.zsh'
[14.048s] Level 1:colcon.colcon_core.environment:create_file_with_runtime_dependencies(/home/dbot/robot_ws/install/serial_motor_demo/share/colcon-core/packages/serial_motor_demo)
[14.051s] DEBUG:colcon.colcon_parallel_executor.executor.parallel:closing loop
[14.054s] DEBUG:colcon.colcon_parallel_executor.executor.parallel:loop closed
[14.054s] DEBUG:colcon.colcon_parallel_executor.executor.parallel:run_until_complete finished with '0'
[14.056s] DEBUG:colcon.colcon_core.event_reactor:joining thread
[14.109s] INFO:colcon.colcon_core.plugin_system:Skipping extension 'colcon_notification.desktop_notification.terminal_notifier': Not used on non-Darwin systems
[14.110s] INFO:colcon.colcon_core.plugin_system:Skipping extension 'colcon_notification.desktop_notification.win32': Not used on non-Windows systems
[14.111s] INFO:colcon.colcon_notification.desktop_notification:Sending desktop notification using 'notify2'
[14.201s] DEBUG:colcon.colcon_core.event_reactor:joined thread
[14.204s] INFO:colcon.colcon_core.shell:Creating prefix script '/home/dbot/robot_ws/install/local_setup.ps1'
[14.214s] INFO:colcon.colcon_core.shell:Creating prefix util module '/home/dbot/robot_ws/install/_local_setup_util_ps1.py'
[14.230s] INFO:colcon.colcon_core.shell:Creating prefix chain script '/home/dbot/robot_ws/install/setup.ps1'
[14.244s] INFO:colcon.colcon_core.shell:Creating prefix script '/home/dbot/robot_ws/install/local_setup.sh'
[14.250s] INFO:colcon.colcon_core.shell:Creating prefix util module '/home/dbot/robot_ws/install/_local_setup_util_sh.py'
[14.257s] INFO:colcon.colcon_core.shell:Creating prefix chain script '/home/dbot/robot_ws/install/setup.sh'
[14.275s] INFO:colcon.colcon_core.shell:Creating prefix script '/home/dbot/robot_ws/install/local_setup.bash'
[14.281s] INFO:colcon.colcon_core.shell:Creating prefix chain script '/home/dbot/robot_ws/install/setup.bash'
[14.296s] INFO:colcon.colcon_core.shell:Creating prefix script '/home/dbot/robot_ws/install/local_setup.zsh'
[14.301s] INFO:colcon.colcon_core.shell:Creating prefix chain script '/home/dbot/robot_ws/install/setup.zsh'
